[info] welcome to sbt 1.8.0 (Oracle Corporation Java 9.0.4)
[info] loading global plugins from /Users/y3536zha/.sbt/1.0/plugins
[info] waiting for lock on /Users/y3536zha/.ivy2/.sbt.ivy.lock to be available...
[info] loading settings for project scala_flexible_type_with_test_script-build-build from build.sbt ...
[info] loading project definition from /Users/y3536zha/Desktop/scala_flexible/scala_flexible_type_with_test_script/project/project
[info] loading settings for project scala_flexible_type_with_test_script-build from build.sbt,plugins.sbt ...
[info] loading project definition from /Users/y3536zha/Desktop/scala_flexible/scala_flexible_type_with_test_script/project
[info] loading settings for project scala3 from build.sbt ...
[info] resolving key references (31394 settings) ...
[info] set current project to scala3 (in build file:/Users/y3536zha/Desktop/scala_flexible/scala_flexible_type_with_test_script/)
SLF4J: No SLF4J providers were found.
SLF4J: Defaulting to no-operation (NOP) logger implementation
SLF4J: See https://www.slf4j.org/codes.html#noProviders for further details.
SLF4J: Class path contains SLF4J bindings targeting slf4j-api versions 1.7.x or earlier.
SLF4J: Ignoring binding found at [jar:file:/Users/y3536zha/.sbt/boot/scala-2.12.17/org.scala-sbt/sbt/1.8.0/log4j-slf4j-impl-2.17.1.jar!/org/slf4j/impl/StaticLoggerBinder.class]
SLF4J: See https://www.slf4j.org/codes.html#ignoredBindings for an explanation.
[info] Wrote /Users/y3536zha/Desktop/scala_flexible/scala_flexible_type_with_test_script/interfaces/target/scala3-interfaces-3.3.1-RC1-bin-SNAPSHOT.pom
[info] Wrote /Users/y3536zha/Desktop/scala_flexible/scala_flexible_type_with_test_script/library/../out/bootstrap/scala3-library-bootstrapped/scala-3.3.1-RC1-bin-SNAPSHOT-nonbootstrapped/scala3-library_3-3.3.1-RC1-bin-SNAPSHOT.pom
[info] Wrote /Users/y3536zha/Desktop/scala_flexible/scala_flexible_type_with_test_script/compiler/../out/bootstrap/scala3-compiler-bootstrapped/scala-3.3.1-RC1-bin-SNAPSHOT-nonbootstrapped/scala3-compiler_3-3.3.1-RC1-bin-SNAPSHOT.pom
[info] Wrote /Users/y3536zha/Desktop/scala_flexible/scala_flexible_type_with_test_script/sbt-community-build/target/scala-2.12/sbt-1.0/sbt-community-build-0.1.0-SNAPSHOT.pom
[info] Wrote /Users/y3536zha/Desktop/scala_flexible/scala_flexible_type_with_test_script/library-js/../out/bootstrap/scala3-library-bootstrappedJS/scala-3.3.1-RC1-bin-SNAPSHOT-nonbootstrapped/scala3-library_sjs1_3-3.3.1-RC1-bin-SNAPSHOT.pom
[info] Wrote /Users/y3536zha/Desktop/scala_flexible/scala_flexible_type_with_test_script/tasty/../out/bootstrap/tasty-core-bootstrapped/scala-3.3.1-RC1-bin-SNAPSHOT-nonbootstrapped/tasty-core_3-3.3.1-RC1-bin-SNAPSHOT.pom
[info] Wrote /Users/y3536zha/Desktop/scala_flexible/scala_flexible_type_with_test_script/tasty-inspector/../out/bootstrap/scala3-tasty-inspector/scala-3.3.1-RC1-bin-SNAPSHOT-nonbootstrapped/scala3-tasty-inspector_3-3.3.1-RC1-bin-SNAPSHOT.pom
[info] Wrote /Users/y3536zha/Desktop/scala_flexible/scala_flexible_type_with_test_script/sbt-bridge/src/target/scala3-sbt-bridge-3.3.1-RC1-bin-SNAPSHOT.pom
[info] Wrote /Users/y3536zha/Desktop/scala_flexible/scala_flexible_type_with_test_script/scaladoc/../out/bootstrap/scaladoc/scala-3.3.1-RC1-bin-SNAPSHOT-nonbootstrapped/scaladoc_3-3.3.1-RC1-bin-SNAPSHOT.pom
[info] :: delivering :: org.scala-lang#scala3-interfaces;3.3.1-RC1-bin-SNAPSHOT :: 3.3.1-RC1-bin-SNAPSHOT :: integration :: Wed Jun 14 02:31:41 EDT 2023
[info] 	delivering ivy file to /Users/y3536zha/Desktop/scala_flexible/scala_flexible_type_with_test_script/interfaces/target/ivy-3.3.1-RC1-bin-SNAPSHOT.xml
[info] :: delivering :: ch.epfl.lamp#sbt-community-build;0.1.0-SNAPSHOT :: 0.1.0-SNAPSHOT :: integration :: Wed Jun 14 02:31:41 EDT 2023
[info] 	delivering ivy file to /Users/y3536zha/Desktop/scala_flexible/scala_flexible_type_with_test_script/sbt-community-build/target/scala-2.12/sbt-1.0/ivy-0.1.0-SNAPSHOT.xml
[info] 	published sbt-community-build to /Users/y3536zha/.ivy2/local/ch.epfl.lamp/sbt-community-build/scala_2.12/sbt_1.0/0.1.0-SNAPSHOT/poms/sbt-community-build.pom
[info] 	published sbt-community-build to /Users/y3536zha/.ivy2/local/ch.epfl.lamp/sbt-community-build/scala_2.12/sbt_1.0/0.1.0-SNAPSHOT/jars/sbt-community-build.jar
[info] 	published sbt-community-build to /Users/y3536zha/.ivy2/local/ch.epfl.lamp/sbt-community-build/scala_2.12/sbt_1.0/0.1.0-SNAPSHOT/srcs/sbt-community-build-sources.jar
[info] 	published sbt-community-build to /Users/y3536zha/.ivy2/local/ch.epfl.lamp/sbt-community-build/scala_2.12/sbt_1.0/0.1.0-SNAPSHOT/docs/sbt-community-build-javadoc.jar
[info] 	published ivy to /Users/y3536zha/.ivy2/local/ch.epfl.lamp/sbt-community-build/scala_2.12/sbt_1.0/0.1.0-SNAPSHOT/ivys/ivy.xml
[info] 	published scala3-interfaces to /Users/y3536zha/.ivy2/local/org.scala-lang/scala3-interfaces/3.3.1-RC1-bin-SNAPSHOT/poms/scala3-interfaces.pom
[info] 	published scala3-interfaces to /Users/y3536zha/.ivy2/local/org.scala-lang/scala3-interfaces/3.3.1-RC1-bin-SNAPSHOT/jars/scala3-interfaces.jar
[info] 	published scala3-interfaces to /Users/y3536zha/.ivy2/local/org.scala-lang/scala3-interfaces/3.3.1-RC1-bin-SNAPSHOT/srcs/scala3-interfaces-sources.jar
[info] 	published scala3-interfaces to /Users/y3536zha/.ivy2/local/org.scala-lang/scala3-interfaces/3.3.1-RC1-bin-SNAPSHOT/docs/scala3-interfaces-javadoc.jar
[info] 	published ivy to /Users/y3536zha/.ivy2/local/org.scala-lang/scala3-interfaces/3.3.1-RC1-bin-SNAPSHOT/ivys/ivy.xml
[info] :: delivering :: org.scala-lang#scala3-sbt-bridge;3.3.1-RC1-bin-SNAPSHOT :: 3.3.1-RC1-bin-SNAPSHOT :: integration :: Wed Jun 14 02:31:45 EDT 2023
[info] 	delivering ivy file to /Users/y3536zha/Desktop/scala_flexible/scala_flexible_type_with_test_script/sbt-bridge/src/target/ivy-3.3.1-RC1-bin-SNAPSHOT.xml
[info] 	published scala3-sbt-bridge to /Users/y3536zha/.ivy2/local/org.scala-lang/scala3-sbt-bridge/3.3.1-RC1-bin-SNAPSHOT/poms/scala3-sbt-bridge.pom
[info] 	published scala3-sbt-bridge to /Users/y3536zha/.ivy2/local/org.scala-lang/scala3-sbt-bridge/3.3.1-RC1-bin-SNAPSHOT/jars/scala3-sbt-bridge.jar
[info] 	published scala3-sbt-bridge to /Users/y3536zha/.ivy2/local/org.scala-lang/scala3-sbt-bridge/3.3.1-RC1-bin-SNAPSHOT/srcs/scala3-sbt-bridge-sources.jar
[info] 	published scala3-sbt-bridge to /Users/y3536zha/.ivy2/local/org.scala-lang/scala3-sbt-bridge/3.3.1-RC1-bin-SNAPSHOT/docs/scala3-sbt-bridge-javadoc.jar
[info] 	published ivy to /Users/y3536zha/.ivy2/local/org.scala-lang/scala3-sbt-bridge/3.3.1-RC1-bin-SNAPSHOT/ivys/ivy.xml
[info] :: delivering :: org.scala-lang#tasty-core_3;3.3.1-RC1-bin-SNAPSHOT :: 3.3.1-RC1-bin-SNAPSHOT :: integration :: Wed Jun 14 02:31:51 EDT 2023
[info] 	delivering ivy file to /Users/y3536zha/Desktop/scala_flexible/scala_flexible_type_with_test_script/out/bootstrap/tasty-core-bootstrapped/scala-3.3.1-RC1-bin-SNAPSHOT-nonbootstrapped/ivy-3.3.1-RC1-bin-SNAPSHOT.xml
[info] 	published tasty-core_3 to /Users/y3536zha/.ivy2/local/org.scala-lang/tasty-core_3/3.3.1-RC1-bin-SNAPSHOT/poms/tasty-core_3.pom
[info] 	published tasty-core_3 to /Users/y3536zha/.ivy2/local/org.scala-lang/tasty-core_3/3.3.1-RC1-bin-SNAPSHOT/jars/tasty-core_3.jar
[info] 	published tasty-core_3 to /Users/y3536zha/.ivy2/local/org.scala-lang/tasty-core_3/3.3.1-RC1-bin-SNAPSHOT/srcs/tasty-core_3-sources.jar
[info] 	published tasty-core_3 to /Users/y3536zha/.ivy2/local/org.scala-lang/tasty-core_3/3.3.1-RC1-bin-SNAPSHOT/docs/tasty-core_3-javadoc.jar
[info] 	published ivy to /Users/y3536zha/.ivy2/local/org.scala-lang/tasty-core_3/3.3.1-RC1-bin-SNAPSHOT/ivys/ivy.xml
[info] Main Scala API documentation to /Users/y3536zha/Desktop/scala_flexible/scala_flexible_type_with_test_script/library/../out/bootstrap/scala3-library-bootstrapped/scala-3.3.1-RC1-bin-SNAPSHOT-nonbootstrapped/api...
[info] Main Scala API documentation to /Users/y3536zha/Desktop/scala_flexible/scala_flexible_type_with_test_script/library-js/../out/bootstrap/scala3-library-bootstrappedJS/scala-3.3.1-RC1-bin-SNAPSHOT-nonbootstrapped/api...
[info] :: delivering :: org.scala-lang#scala3-tasty-inspector_3;3.3.1-RC1-bin-SNAPSHOT :: 3.3.1-RC1-bin-SNAPSHOT :: integration :: Wed Jun 14 02:31:52 EDT 2023
[info] 	delivering ivy file to /Users/y3536zha/Desktop/scala_flexible/scala_flexible_type_with_test_script/out/bootstrap/scala3-tasty-inspector/scala-3.3.1-RC1-bin-SNAPSHOT-nonbootstrapped/ivy-3.3.1-RC1-bin-SNAPSHOT.xml
[info] 	published scala3-tasty-inspector_3 to /Users/y3536zha/.ivy2/local/org.scala-lang/scala3-tasty-inspector_3/3.3.1-RC1-bin-SNAPSHOT/poms/scala3-tasty-inspector_3.pom
[info] 	published scala3-tasty-inspector_3 to /Users/y3536zha/.ivy2/local/org.scala-lang/scala3-tasty-inspector_3/3.3.1-RC1-bin-SNAPSHOT/jars/scala3-tasty-inspector_3.jar
[info] 	published scala3-tasty-inspector_3 to /Users/y3536zha/.ivy2/local/org.scala-lang/scala3-tasty-inspector_3/3.3.1-RC1-bin-SNAPSHOT/srcs/scala3-tasty-inspector_3-sources.jar
[info] 	published scala3-tasty-inspector_3 to /Users/y3536zha/.ivy2/local/org.scala-lang/scala3-tasty-inspector_3/3.3.1-RC1-bin-SNAPSHOT/docs/scala3-tasty-inspector_3-javadoc.jar
[info] 	published ivy to /Users/y3536zha/.ivy2/local/org.scala-lang/scala3-tasty-inspector_3/3.3.1-RC1-bin-SNAPSHOT/ivys/ivy.xml
[info] :: delivering :: org.scala-lang#scaladoc_3;3.3.1-RC1-bin-SNAPSHOT :: 3.3.1-RC1-bin-SNAPSHOT :: integration :: Wed Jun 14 02:31:52 EDT 2023
[info] 	delivering ivy file to /Users/y3536zha/Desktop/scala_flexible/scala_flexible_type_with_test_script/out/bootstrap/scaladoc/scala-3.3.1-RC1-bin-SNAPSHOT-nonbootstrapped/ivy-3.3.1-RC1-bin-SNAPSHOT.xml
[info] 	published scaladoc_3 to /Users/y3536zha/.ivy2/local/org.scala-lang/scaladoc_3/3.3.1-RC1-bin-SNAPSHOT/poms/scaladoc_3.pom
[info] 	published scaladoc_3 to /Users/y3536zha/.ivy2/local/org.scala-lang/scaladoc_3/3.3.1-RC1-bin-SNAPSHOT/jars/scaladoc_3.jar
[info] 	published scaladoc_3 to /Users/y3536zha/.ivy2/local/org.scala-lang/scaladoc_3/3.3.1-RC1-bin-SNAPSHOT/srcs/scaladoc_3-sources.jar
[info] 	published scaladoc_3 to /Users/y3536zha/.ivy2/local/org.scala-lang/scaladoc_3/3.3.1-RC1-bin-SNAPSHOT/docs/scaladoc_3-javadoc.jar
[info] 	published ivy to /Users/y3536zha/.ivy2/local/org.scala-lang/scaladoc_3/3.3.1-RC1-bin-SNAPSHOT/ivys/ivy.xml
[warn] Setting -skip-by-regex set to .+\.internal($|\..+) redundantly
[warn] Setting -skip-by-regex set to .+\.impl($|\..+) redundantly
[warn] Flag -project-logo set repeatedly
[warn] Setting -social-links set to github::https://github.com/lampepfl/dotty redundantly
[warn] Setting -social-links set to discord::https://discord.com/invite/scala redundantly
[warn] Setting -social-links set to twitter::https://twitter.com/scala_lang redundantly
[warn] Setting -skip-by-id set to scala.runtime.stdLibPatches redundantly
[warn] Setting -skip-by-id set to scala.runtime.MatchCase redundantly
[warn] Flag -project-footer set repeatedly
[warn] Flag -author set repeatedly
[warn] Flag -groups set repeatedly
[warn] Flag -default-template set repeatedly
[warn] Setting -external-mappings set to .*scala/.*::scaladoc3::https://dotty.epfl.ch/api/ redundantly
[warn] Setting -external-mappings set to .*java/.*::javadoc::https://docs.oracle.com/javase/8/docs/api/ redundantly
[warn] bad option '-project-version 3.3.1-RC1-bin-SNAPSHOT' was ignored
[warn] Setting -skip-by-regex set to .+\.internal($|\..+) redundantly
[warn] Setting -skip-by-regex set to .+\.impl($|\..+) redundantly
[warn] Setting -skip-by-id set to scala.runtime.stdLibPatches redundantly
[warn] Setting -skip-by-id set to scala.runtime.MatchCase redundantly
[warn] bad option '-project-logo docs/_assets/images/logo.svg' was ignored
[warn] Setting -social-links set to github::https://github.com/lampepfl/dotty redundantly
[warn] bad option '-project-version 3.3.1-RC1-bin-SNAPSHOT' was ignored
[warn] Setting -skip-by-regex set to .+\.internal($|\..+) redundantly
[warn] Setting -skip-by-regex set to .+\.impl($|\..+) redundantly
[warn] Setting -skip-by-id set to scala.runtime.stdLibPatches redundantly
[warn] Setting -skip-by-id set to scala.runtime.MatchCase redundantly
[warn] bad option '-project-logo docs/_assets/images/logo.svg' was ignored
[warn] Setting -social-links set to github::https://github.com/lampepfl/dotty redundantly
[warn] Setting -social-links set to discord::https://discord.com/invite/scala redundantly
[warn] Setting -social-links set to twitter::https://twitter.com/scala_lang redundantly
[warn] bad option '-project-footer "Copyright (c) 2002-2023, LAMP/EPFL"' was ignored
[warn] bad option '-default-template static-site-main' was ignored
[warn] Flag -author set repeatedly
[warn] Flag -groups set repeatedly
[info] Skipping unused scalacOptions: -Werror, -Yno-experimental, -Yexplicit-nulls
[warn] Setting -social-links set to discord::https://discord.com/invite/scala redundantly
[warn] Setting -social-links set to twitter::https://twitter.com/scala_lang redundantly
[warn] bad option '-project-footer "Copyright (c) 2002-2023, LAMP/EPFL"' was ignored
[warn] bad option '-default-template static-site-main' was ignored
[warn] Flag -author set repeatedly
[warn] Flag -groups set repeatedly
[info] Skipping unused scalacOptions: -Werror, -Yno-experimental, -Yexplicit-nulls
[info] :: delivering :: org.scala-lang#scala3-compiler_3;3.3.1-RC1-bin-SNAPSHOT :: 3.3.1-RC1-bin-SNAPSHOT :: integration :: Wed Jun 14 02:31:57 EDT 2023
[info] 	delivering ivy file to /Users/y3536zha/Desktop/scala_flexible/scala_flexible_type_with_test_script/out/bootstrap/scala3-compiler-bootstrapped/scala-3.3.1-RC1-bin-SNAPSHOT-nonbootstrapped/ivy-3.3.1-RC1-bin-SNAPSHOT.xml
[info] 	published scala3-compiler_3 to /Users/y3536zha/.ivy2/local/org.scala-lang/scala3-compiler_3/3.3.1-RC1-bin-SNAPSHOT/poms/scala3-compiler_3.pom
[info] 	published scala3-compiler_3 to /Users/y3536zha/.ivy2/local/org.scala-lang/scala3-compiler_3/3.3.1-RC1-bin-SNAPSHOT/jars/scala3-compiler_3.jar
[info] 	published scala3-compiler_3 to /Users/y3536zha/.ivy2/local/org.scala-lang/scala3-compiler_3/3.3.1-RC1-bin-SNAPSHOT/srcs/scala3-compiler_3-sources.jar
[info] 	published scala3-compiler_3 to /Users/y3536zha/.ivy2/local/org.scala-lang/scala3-compiler_3/3.3.1-RC1-bin-SNAPSHOT/docs/scala3-compiler_3-javadoc.jar
[info] 	published ivy to /Users/y3536zha/.ivy2/local/org.scala-lang/scala3-compiler_3/3.3.1-RC1-bin-SNAPSHOT/ivys/ivy.xml
[warn] -- Warning: library/src/scala/util/FromDigits.scala:21:6 -----------------------
[warn] 21 |  def fromDigits(digits: String): T
[warn]    |      ^
[warn]    |      No DRI found for query: MalformedNumber
[warn] -- Warning: library/src/scala/util/FromDigits.scala:21:6 -----------------------
[warn] 21 |  def fromDigits(digits: String): T
[warn]    |      ^
[warn]    |      No DRI found for query: MalformedNumber
[error] -- [E069] Naming Error: /Users/y3536zha/Desktop/scala_flexible/scala_flexible_type_with_test_script/library/src/scala/IArray.scala:13:7 
[error] 13 |object IArray:
[error]    |       ^
[error]    |object IArray cannot have the same name as object IArray in package scala -- cannot define object member with the same name as a object member in self reference _.
[error]    |(Note: this can be resolved by using another name)
[warn] 14 warnings found
[error] one error found
[error] -- [E069] Naming Error: /Users/y3536zha/Desktop/scala_flexible/scala_flexible_type_with_test_script/library/src/scala/IArray.scala:13:7 
[error] 13 |object IArray:
[error]    |       ^
[error]    |object IArray cannot have the same name as object IArray in package scala -- cannot define object member with the same name as a object member in self reference _.
[error]    |(Note: this can be resolved by using another name)
[warn] 28 warnings found
[error] one error found
[info] :: delivering :: org.scala-lang#scala3-library_sjs1_3;3.3.1-RC1-bin-SNAPSHOT :: 3.3.1-RC1-bin-SNAPSHOT :: integration :: Wed Jun 14 02:32:39 EDT 2023
[info] 	delivering ivy file to /Users/y3536zha/Desktop/scala_flexible/scala_flexible_type_with_test_script/out/bootstrap/scala3-library-bootstrappedJS/scala-3.3.1-RC1-bin-SNAPSHOT-nonbootstrapped/ivy-3.3.1-RC1-bin-SNAPSHOT.xml
[info] 	published scala3-library_sjs1_3 to /Users/y3536zha/.ivy2/local/org.scala-lang/scala3-library_sjs1_3/3.3.1-RC1-bin-SNAPSHOT/poms/scala3-library_sjs1_3.pom
[info] 	published scala3-library_sjs1_3 to /Users/y3536zha/.ivy2/local/org.scala-lang/scala3-library_sjs1_3/3.3.1-RC1-bin-SNAPSHOT/jars/scala3-library_sjs1_3.jar
[info] 	published scala3-library_sjs1_3 to /Users/y3536zha/.ivy2/local/org.scala-lang/scala3-library_sjs1_3/3.3.1-RC1-bin-SNAPSHOT/srcs/scala3-library_sjs1_3-sources.jar
[info] 	published scala3-library_sjs1_3 to /Users/y3536zha/.ivy2/local/org.scala-lang/scala3-library_sjs1_3/3.3.1-RC1-bin-SNAPSHOT/docs/scala3-library_sjs1_3-javadoc.jar
[info] 	published ivy to /Users/y3536zha/.ivy2/local/org.scala-lang/scala3-library_sjs1_3/3.3.1-RC1-bin-SNAPSHOT/ivys/ivy.xml
[info] :: delivering :: org.scala-lang#scala3-library_3;3.3.1-RC1-bin-SNAPSHOT :: 3.3.1-RC1-bin-SNAPSHOT :: integration :: Wed Jun 14 02:32:39 EDT 2023
[info] 	delivering ivy file to /Users/y3536zha/Desktop/scala_flexible/scala_flexible_type_with_test_script/out/bootstrap/scala3-library-bootstrapped/scala-3.3.1-RC1-bin-SNAPSHOT-nonbootstrapped/ivy-3.3.1-RC1-bin-SNAPSHOT.xml
[info] 	published scala3-library_3 to /Users/y3536zha/.ivy2/local/org.scala-lang/scala3-library_3/3.3.1-RC1-bin-SNAPSHOT/poms/scala3-library_3.pom
[info] 	published scala3-library_3 to /Users/y3536zha/.ivy2/local/org.scala-lang/scala3-library_3/3.3.1-RC1-bin-SNAPSHOT/jars/scala3-library_3.jar
[info] 	published scala3-library_3 to /Users/y3536zha/.ivy2/local/org.scala-lang/scala3-library_3/3.3.1-RC1-bin-SNAPSHOT/srcs/scala3-library_3-sources.jar
[info] 	published scala3-library_3 to /Users/y3536zha/.ivy2/local/org.scala-lang/scala3-library_3/3.3.1-RC1-bin-SNAPSHOT/docs/scala3-library_3-javadoc.jar
[info] 	published ivy to /Users/y3536zha/.ivy2/local/org.scala-lang/scala3-library_3/3.3.1-RC1-bin-SNAPSHOT/ivys/ivy.xml
[info] Test run dotty.communitybuild.CommunityBuildTestA started
[info] Test run dotty.communitybuild.CommunityBuildTestA finished: 0 failed, 0 ignored, 0 total, 0.0s
[info] Test run dotty.communitybuild.CommunityBuildTestC started
[info] Test dotty.communitybuild.CommunityBuildTestC.scas started
[32m[STARTING scas][0m
[32m[DEPENDENCIES DONE, NOW ACTUALLY RUNNING scas][0m
[32mBuilding scas with dotty-bootstrapped 3.3.1-RC1-bin-SNAPSHOT...[0m
[32m./mill -i -D dottyVersion=3.3.1-RC1-bin-SNAPSHOT scas.application.test[0m
Compiling /Users/y3536zha/Desktop/scala_flexible/scala_flexible_type_with_test_script/community-build/community-projects/scas/build.sc
[1/75] scas.application.mainClass 
[1A[2K[9999D[2/75] mill.scalalib.ZincWorkerModule.classpath 
[1A[2K[9999D[3/75] mill.scalalib.ZincWorkerModule.worker 
[1A[2K[9999D[4/75] scas.application.scalaVersion 
[1A[2K[9999D[5/75] scas.scalaVersion 
[1A[2K[9999D[6/75] scas.upstreamCompileOutput 
[1A[2K[9999D[7/75] scas.sources 
[1A[2K[9999D[8/75] scas.generatedSources 
[1A[2K[9999D[9/75] scas.allSources 
[1A[2K[9999D[10/75] scas.allSourceFiles 
[1A[2K[9999D[11/75] scas.transitiveLocalClasspath 
[1A[2K[9999D[12/75] scas.resources 
[1A[2K[9999D[13/75] scas.unmanagedClasspath 
[1A[2K[9999D[14/75] scas.platformSuffix 
[1A[2K[9999D[15/75] scas.compileIvyDeps 
[1A[2K[9999D[16/75] scas.transitiveCompileIvyDeps 
[1A[2K[9999D[17/75] scas.ivyDeps 
[1A[2K[9999D[18/75] scas.mandatoryIvyDeps.overridden.mill.scalalib.JavaModule.mandatoryIvyDeps 
[1A[2K[9999D[19/75] scas.scalaOrganization 
[1A[2K[9999D[20/75] scas.scalaLibraryIvyDeps 
[1A[2K[9999D[21/75] scas.mandatoryIvyDeps 
[1A[2K[9999D[22/75] scas.transitiveIvyDeps 
[1A[2K[9999D[23/75] scas.resolvedIvyDeps 
[1A[2K[9999D[24/75] scas.compileClasspath 
[1A[2K[9999D[25/75] scas.javacOptions 
[1A[2K[9999D[26/75] scas.mandatoryScalacOptions 
[1A[2K[9999D[27/75] scas.scalacPluginIvyDeps 
[1A[2K[9999D[28/75] scas.enablePluginScalacOptions 
[1A[2K[9999D[29/75] scas.scalacOptions 
[1A[2K[9999D[30/75] scas.allScalacOptions 
[1A[2K[9999D[31/75] scas.scalaCompilerClasspath 
[1A[2K[9999D[32/75] scas.scalacPluginClasspath 
[1A[2K[9999D[33/75] scas.compile 
[info] compiling 96 Scala sources to /Users/y3536zha/Desktop/scala_flexible/scala_flexible_type_with_test_script/community-build/community-projects/scas/out/scas/compile.dest/classes ...
[error] error while loading Tuples,
[error] ZipFile invalid LOC header (bad signature)
[error] -- Error: library/src/scala/Tuple.scala:285:4 ----------------------------------
[error] undefined: runtime.Tuples.apply # -1: TermRef(TermRef(TermRef(ThisType(TypeRef(NoPrefix,module class scala)),object runtime),object Tuples),apply) at inlining
[error] -- Error: library/src/scala/Tuple.scala:299:4 ----------------------------------
[error] undefined: runtime.Tuples.tail # -1: TermRef(TermRef(TermRef(ThisType(TypeRef(NoPrefix,module class scala)),object runtime),object Tuples),tail) at inlining
[error] three errors found
1 targets failed
scas.compile Compilation failed
[32mRerunning tests in scas because of a previous run failure.[0m
[32m./mill -i -D dottyVersion=3.3.1-RC1-bin-SNAPSHOT scas.application.test[0m
[3/75] mill.scalalib.ZincWorkerModule.worker 
[1A[2K[9999D[7/75] scas.sources 
[1A[2K[9999D[12/75] scas.resources 
[1A[2K[9999D[33/75] scas.compile 
[info] compiling 96 Scala sources to /Users/y3536zha/Desktop/scala_flexible/scala_flexible_type_with_test_script/community-build/community-projects/scas/out/scas/compile.dest/classes ...
[warn] -- Warning: /Users/y3536zha/Desktop/scala_flexible/scala_flexible_type_with_test_script/community-build/community-projects/scas/scas/src/scas/module/ArrayModule.scala:15:24 
[warn] 15 |      if (x(i) <> y(i)) return false
[warn]    |                        ^^^^^^^^^^^^
[warn]    |Non local returns are no longer supported; use `boundary` and `boundary.break` in `scala.util` instead
[warn] there were 3 deprecation warnings; re-run with -deprecation for details
[warn] two warnings found
[info] done compiling
[34/75] scas.application.upstreamCompileOutput 
[1A[2K[9999D[35/75] scas.application.sources 
[1A[2K[9999D[36/75] scas.application.generatedSources 
[1A[2K[9999D[37/75] scas.application.allSources 
[1A[2K[9999D[38/75] scas.application.allSourceFiles 
[1A[2K[9999D[39/75] scas.localClasspath 
[1A[2K[9999D[40/75] scas.application.transitiveLocalClasspath 
[1A[2K[9999D[41/75] scas.application.resources 
[1A[2K[9999D[42/75] scas.application.unmanagedClasspath 
[1A[2K[9999D[43/75] scas.application.platformSuffix 
[1A[2K[9999D[44/75] scas.application.compileIvyDeps 
[1A[2K[9999D[45/75] scas.application.transitiveCompileIvyDeps 
[1A[2K[9999D[46/75] scas.application.ivyDeps 
[1A[2K[9999D[47/75] scas.application.mandatoryIvyDeps.overridden.mill.scalalib.JavaModule.mandatoryIvyDeps 
[1A[2K[9999D[48/75] scas.application.scalaOrganization 
[1A[2K[9999D[49/75] scas.application.scalaLibraryIvyDeps 
[1A[2K[9999D[50/75] scas.application.mandatoryIvyDeps 
[1A[2K[9999D[51/75] scas.application.transitiveIvyDeps 
[1A[2K[9999D[52/75] scas.application.resolvedIvyDeps 
[1A[2K[9999D[52/75] scas.application.resolvedIvyDeps | Downloading [1/1] artifacts (~0/0 bytes)
[1A[2K[9999D[52/75] scas.application.resolvedIvyDeps | Downloading [2/2] artifacts (~0/0 bytes)
[1A[2K[9999D[52/75] scas.application.resolvedIvyDeps | Downloading [3/3] artifacts (~0/0 bytes)
[1A[2K[9999D[52/75] scas.application.resolvedIvyDeps | Downloading [4/4] artifacts (~0/0 bytes)
[1A[2K[9999D[52/75] scas.application.resolvedIvyDeps | Downloading [5/5] artifacts (~0/0 bytes)
[1A[2K[9999D[52/75] scas.application.resolvedIvyDeps | Downloading [6/6] artifacts (~0/0 bytes)
[1A[2K[9999D[52/75] scas.application.resolvedIvyDeps | Downloading [6/6] artifacts (~0/28697 bytes)
[1A[2K[9999D[52/75] scas.application.resolvedIvyDeps | Downloading [6/6] artifacts (~0/52199 bytes)
[1A[2K[9999D[52/75] scas.application.resolvedIvyDeps | Downloading [6/6] artifacts (~0/66244 bytes)
[1A[2K[9999D[52/75] scas.application.resolvedIvyDeps | Downloading [6/6] artifacts (~0/67361 bytes)
[1A[2K[9999D[52/75] scas.application.resolvedIvyDeps | Downloading [6/6] artifacts (~0/72883 bytes)
[1A[2K[9999D[52/75] scas.application.resolvedIvyDeps | Downloading [6/6] artifacts (~0/79506 bytes)
[1A[2K[9999D[52/75] scas.application.resolvedIvyDeps | Downloading [6/6] artifacts (~1371/79506 bytes)
[1A[2K[9999D[52/75] scas.application.resolvedIvyDeps | Downloading [6/6] artifacts (~2742/79506 bytes)
[1A[2K[9999D[52/75] scas.application.resolvedIvyDeps | Downloading [6/6] artifacts (~4113/79506 bytes)
[1A[2K[9999D[52/75] scas.application.resolvedIvyDeps | Downloading [6/6] artifacts (~5484/79506 bytes)
[1A[2K[9999D[52/75] scas.application.resolvedIvyDeps | Downloading [6/6] artifacts (~6623/79506 bytes)
[1A[2K[9999D[52/75] scas.application.resolvedIvyDeps | Downloading [6/6] artifacts (~6623/79506 bytes)
[1A[2K[9999D[52/75] scas.application.resolvedIvyDeps | Downloading [6/6] artifacts (~7994/79506 bytes)
[1A[2K[9999D[52/75] scas.application.resolvedIvyDeps | Downloading [6/6] artifacts (~9365/79506 bytes)
[1A[2K[9999D[52/75] scas.application.resolvedIvyDeps | Downloading [6/6] artifacts (~10736/79506 bytes)
[1A[2K[9999D[52/75] scas.application.resolvedIvyDeps | Downloading [6/6] artifacts (~12107/79506 bytes)
[1A[2K[9999D[52/75] scas.application.resolvedIvyDeps | Downloading [6/6] artifacts (~12145/79506 bytes)
[1A[2K[9999D[52/75] scas.application.resolvedIvyDeps | Downloading [6/6] artifacts (~13516/79506 bytes)
[1A[2K[9999D[52/75] scas.application.resolvedIvyDeps | Downloading [6/6] artifacts (~14633/79506 bytes)
[1A[2K[9999D[52/75] scas.application.resolvedIvyDeps | Downloading [6/6] artifacts (~16004/79506 bytes)
[1A[2K[9999D[52/75] scas.application.resolvedIvyDeps | Downloading [6/6] artifacts (~17375/79506 bytes)
[1A[2K[9999D[52/75] scas.application.resolvedIvyDeps | Downloading [6/6] artifacts (~18746/79506 bytes)
[1A[2K[9999D[52/75] scas.application.resolvedIvyDeps | Downloading [6/6] artifacts (~20117/79506 bytes)
[1A[2K[9999D[52/75] scas.application.resolvedIvyDeps | Downloading [6/6] artifacts (~21488/79506 bytes)
[1A[2K[9999D[52/75] scas.application.resolvedIvyDeps | Downloading [6/6] artifacts (~22859/79506 bytes)
[1A[2K[9999D[52/75] scas.application.resolvedIvyDeps | Downloading [6/6] artifacts (~24230/79506 bytes)
[1A[2K[9999D[52/75] scas.application.resolvedIvyDeps | Downloading [6/6] artifacts (~25601/79506 bytes)
[1A[2K[9999D[52/75] scas.application.resolvedIvyDeps | Downloading [6/6] artifacts (~25601/79506 bytes)
[1A[2K[9999D[52/75] scas.application.resolvedIvyDeps | Downloading [6/6] artifacts (~26972/79506 bytes)
[1A[2K[9999D[52/75] scas.application.resolvedIvyDeps | Downloading [6/6] artifacts (~26972/79506 bytes)
[1A[2K[9999D[52/75] scas.application.resolvedIvyDeps | Downloading [6/6] artifacts (~28343/79506 bytes)
[1A[2K[9999D[52/75] scas.application.resolvedIvyDeps | Downloading [6/6] artifacts (~29714/79506 bytes)
[1A[2K[9999D[52/75] scas.application.resolvedIvyDeps | Downloading [6/6] artifacts (~31085/79506 bytes)
[1A[2K[9999D[52/75] scas.application.resolvedIvyDeps | Downloading [6/6] artifacts (~32456/79506 bytes)
[1A[2K[9999D[52/75] scas.application.resolvedIvyDeps | Downloading [6/6] artifacts (~33827/79506 bytes)
[1A[2K[9999D[52/75] scas.application.resolvedIvyDeps | Downloading [6/6] artifacts (~35198/79506 bytes)
[1A[2K[9999D[52/75] scas.application.resolvedIvyDeps | Downloading [6/6] artifacts (~36569/79506 bytes)
[1A[2K[9999D[52/75] scas.application.resolvedIvyDeps | Downloading [6/6] artifacts (~37940/79506 bytes)
[1A[2K[9999D[52/75] scas.application.resolvedIvyDeps | Downloading [6/6] artifacts (~39311/79506 bytes)
[1A[2K[9999D[52/75] scas.application.resolvedIvyDeps | Downloading [6/6] artifacts (~40682/79506 bytes)
[1A[2K[9999D[52/75] scas.application.resolvedIvyDeps | Downloading [6/6] artifacts (~42053/79506 bytes)
[1A[2K[9999D[52/75] scas.application.resolvedIvyDeps | Downloading [6/6] artifacts (~43424/79506 bytes)
[1A[2K[9999D[52/75] scas.application.resolvedIvyDeps | Downloading [6/6] artifacts (~44199/79506 bytes)
[1A[2K[9999D[52/75] scas.application.resolvedIvyDeps | Downloading [6/6] artifacts (~45570/79506 bytes)
[1A[2K[9999D[52/75] scas.application.resolvedIvyDeps | Downloading [6/6] artifacts (~46941/79506 bytes)
[1A[2K[9999D[52/75] scas.application.resolvedIvyDeps | Downloading [6/6] artifacts (~48312/79506 bytes)
[1A[2K[9999D[52/75] scas.application.resolvedIvyDeps | Downloading [6/6] artifacts (~49683/79506 bytes)
[1A[2K[9999D[52/75] scas.application.resolvedIvyDeps | Downloading [6/6] artifacts (~51054/79506 bytes)
[1A[2K[9999D[52/75] scas.application.resolvedIvyDeps | Downloading [6/6] artifacts (~52425/79506 bytes)
[1A[2K[9999D[52/75] scas.application.resolvedIvyDeps | Downloading [6/6] artifacts (~52760/79506 bytes)
[1A[2K[9999D[52/75] scas.application.resolvedIvyDeps | Downloading [6/6] artifacts (~54131/79506 bytes)
[1A[2K[9999D[52/75] scas.application.resolvedIvyDeps | Downloading [6/6] artifacts (~55502/79506 bytes)
[1A[2K[9999D[52/75] scas.application.resolvedIvyDeps | Downloading [6/6] artifacts (~56873/79506 bytes)
[1A[2K[9999D[52/75] scas.application.resolvedIvyDeps | Downloading [6/6] artifacts (~58244/79506 bytes)
[1A[2K[9999D[52/75] scas.application.resolvedIvyDeps | Downloading [6/6] artifacts (~59615/79506 bytes)
[1A[2K[9999D[52/75] scas.application.resolvedIvyDeps | Downloading [6/6] artifacts (~60986/79506 bytes)
[1A[2K[9999D[52/75] scas.application.resolvedIvyDeps | Downloading [6/6] artifacts (~62357/79506 bytes)
[1A[2K[9999D[52/75] scas.application.resolvedIvyDeps | Downloading [6/6] artifacts (~63728/79506 bytes)
[1A[2K[9999D[52/75] scas.application.resolvedIvyDeps | Downloading [6/6] artifacts (~63728/79506 bytes)
[1A[2K[9999D[52/75] scas.application.resolvedIvyDeps | Downloading [6/6] artifacts (~65099/79506 bytes)
[1A[2K[9999D[52/75] scas.application.resolvedIvyDeps | Downloading [6/6] artifacts (~66470/79506 bytes)
[1A[2K[9999D[52/75] scas.application.resolvedIvyDeps | Downloading [6/6] artifacts (~67841/79506 bytes)
[1A[2K[9999D[52/75] scas.application.resolvedIvyDeps | Downloading [6/6] artifacts (~69212/79506 bytes)
[1A[2K[9999D[52/75] scas.application.resolvedIvyDeps | Downloading [6/6] artifacts (~70583/79506 bytes)
[1A[2K[9999D[52/75] scas.application.resolvedIvyDeps | Downloading [6/6] artifacts (~71954/79506 bytes)
[1A[2K[9999D[52/75] scas.application.resolvedIvyDeps | Downloading [6/6] artifacts (~73325/79506 bytes)
[1A[2K[9999D[52/75] scas.application.resolvedIvyDeps | Downloading [6/6] artifacts (~74696/79506 bytes)
[1A[2K[9999D[52/75] scas.application.resolvedIvyDeps | Downloading [6/6] artifacts (~75198/79506 bytes)
[1A[2K[9999D[52/75] scas.application.resolvedIvyDeps | Downloading [6/6] artifacts (~76569/79506 bytes)
[1A[2K[9999D[52/75] scas.application.resolvedIvyDeps | Downloading [6/6] artifacts (~77940/79506 bytes)
[1A[2K[9999D[52/75] scas.application.resolvedIvyDeps | Downloading [6/6] artifacts (~79311/79506 bytes)
[1A[2K[9999D[52/75] scas.application.resolvedIvyDeps | Downloading [6/6] artifacts (~79506/79506 bytes)
[1A[2K[9999D[52/75] scas.application.resolvedIvyDeps | Downloading [6/6] artifacts (~79506/79506 bytes)
[1A[2K[9999D[52/75] scas.application.resolvedIvyDeps | Downloading [6/6] artifacts (~79506/79506 bytes)
[1A[2K[9999D[52/75] scas.application.resolvedIvyDeps | Downloading [7/7] artifacts (~79506/79506 bytes)
[1A[2K[9999D[52/75] scas.application.resolvedIvyDeps | Downloading [8/8] artifacts (~79506/79506 bytes)
[1A[2K[9999D[52/75] scas.application.resolvedIvyDeps | Downloading [8/8] artifacts (~79506/148352 bytes)
[1A[2K[9999D[52/75] scas.application.resolvedIvyDeps | Downloading [8/8] artifacts (~80877/148352 bytes)
[1A[2K[9999D[52/75] scas.application.resolvedIvyDeps | Downloading [8/8] artifacts (~82248/148352 bytes)
[1A[2K[9999D[52/75] scas.application.resolvedIvyDeps | Downloading [8/8] artifacts (~83619/148352 bytes)
[1A[2K[9999D[52/75] scas.application.resolvedIvyDeps | Downloading [8/8] artifacts (~84990/148352 bytes)
[1A[2K[9999D[52/75] scas.application.resolvedIvyDeps | Downloading [8/8] artifacts (~86361/148352 bytes)
[1A[2K[9999D[52/75] scas.application.resolvedIvyDeps | Downloading [8/8] artifacts (~87732/148352 bytes)
[1A[2K[9999D[52/75] scas.application.resolvedIvyDeps | Downloading [8/8] artifacts (~89103/148352 bytes)
[1A[2K[9999D[52/75] scas.application.resolvedIvyDeps | Downloading [8/8] artifacts (~90474/148352 bytes)
[1A[2K[9999D[52/75] scas.application.resolvedIvyDeps | Downloading [8/8] artifacts (~91845/148352 bytes)
[1A[2K[9999D[52/75] scas.application.resolvedIvyDeps | Downloading [8/8] artifacts (~93216/148352 bytes)
[1A[2K[9999D[52/75] scas.application.resolvedIvyDeps | Downloading [8/8] artifacts (~94587/148352 bytes)
[1A[2K[9999D[52/75] scas.application.resolvedIvyDeps | Downloading [8/8] artifacts (~95363/148352 bytes)
[1A[2K[9999D[52/75] scas.application.resolvedIvyDeps | Downloading [8/8] artifacts (~111747/148352 bytes)
[1A[2K[9999D[52/75] scas.application.resolvedIvyDeps | Downloading [8/8] artifacts (~128131/148352 bytes)
[1A[2K[9999D[52/75] scas.application.resolvedIvyDeps | Downloading [8/8] artifacts (~144515/148352 bytes)
[1A[2K[9999D[52/75] scas.application.resolvedIvyDeps | Downloading [8/8] artifacts (~144515/210327 bytes)
[1A[2K[9999D[52/75] scas.application.resolvedIvyDeps | Downloading [8/8] artifacts (~148352/210327 bytes)
[1A[2K[9999D[52/75] scas.application.resolvedIvyDeps | Downloading [8/8] artifacts (~149723/210327 bytes)
[1A[2K[9999D[52/75] scas.application.resolvedIvyDeps | Downloading [8/8] artifacts (~149723/210327 bytes)
[1A[2K[9999D[52/75] scas.application.resolvedIvyDeps | Downloading [8/8] artifacts (~151094/210327 bytes)
[1A[2K[9999D[52/75] scas.application.resolvedIvyDeps | Downloading [8/8] artifacts (~152465/210327 bytes)
[1A[2K[9999D[52/75] scas.application.resolvedIvyDeps | Downloading [8/8] artifacts (~153836/210327 bytes)
[1A[2K[9999D[52/75] scas.application.resolvedIvyDeps | Downloading [8/8] artifacts (~155207/210327 bytes)
[1A[2K[9999D[52/75] scas.application.resolvedIvyDeps | Downloading [8/8] artifacts (~156578/210327 bytes)
[1A[2K[9999D[52/75] scas.application.resolvedIvyDeps | Downloading [8/8] artifacts (~157949/210327 bytes)
[1A[2K[9999D[52/75] scas.application.resolvedIvyDeps | Downloading [8/8] artifacts (~159320/210327 bytes)
[1A[2K[9999D[52/75] scas.application.resolvedIvyDeps | Downloading [8/8] artifacts (~160691/210327 bytes)
[1A[2K[9999D[52/75] scas.application.resolvedIvyDeps | Downloading [8/8] artifacts (~162062/210327 bytes)
[1A[2K[9999D[52/75] scas.application.resolvedIvyDeps | Downloading [8/8] artifacts (~163433/210327 bytes)
[1A[2K[9999D[52/75] scas.application.resolvedIvyDeps | Downloading [8/8] artifacts (~164804/210327 bytes)
[1A[2K[9999D[52/75] scas.application.resolvedIvyDeps | Downloading [8/8] artifacts (~166175/210327 bytes)
[1A[2K[9999D[52/75] scas.application.resolvedIvyDeps | Downloading [8/8] artifacts (~167546/210327 bytes)
[1A[2K[9999D[52/75] scas.application.resolvedIvyDeps | Downloading [8/8] artifacts (~168917/210327 bytes)
[1A[2K[9999D[52/75] scas.application.resolvedIvyDeps | Downloading [8/8] artifacts (~170288/210327 bytes)
[1A[2K[9999D[52/75] scas.application.resolvedIvyDeps | Downloading [8/8] artifacts (~171659/210327 bytes)
[1A[2K[9999D[52/75] scas.application.resolvedIvyDeps | Downloading [8/8] artifacts (~173030/210327 bytes)
[1A[2K[9999D[52/75] scas.application.resolvedIvyDeps | Downloading [8/8] artifacts (~174401/210327 bytes)
[1A[2K[9999D[52/75] scas.application.resolvedIvyDeps | Downloading [8/8] artifacts (~175772/210327 bytes)
[1A[2K[9999D[52/75] scas.application.resolvedIvyDeps | Downloading [8/8] artifacts (~177143/210327 bytes)
[1A[2K[9999D[52/75] scas.application.resolvedIvyDeps | Downloading [8/8] artifacts (~178514/210327 bytes)
[1A[2K[9999D[52/75] scas.application.resolvedIvyDeps | Downloading [8/8] artifacts (~179885/210327 bytes)
[1A[2K[9999D[52/75] scas.application.resolvedIvyDeps | Downloading [8/8] artifacts (~181256/210327 bytes)
[1A[2K[9999D[52/75] scas.application.resolvedIvyDeps | Downloading [8/8] artifacts (~182627/210327 bytes)
[1A[2K[9999D[52/75] scas.application.resolvedIvyDeps | Downloading [8/8] artifacts (~183998/210327 bytes)
[1A[2K[9999D[52/75] scas.application.resolvedIvyDeps | Downloading [8/8] artifacts (~185369/210327 bytes)
[1A[2K[9999D[52/75] scas.application.resolvedIvyDeps | Downloading [8/8] artifacts (~186740/210327 bytes)
[1A[2K[9999D[52/75] scas.application.resolvedIvyDeps | Downloading [8/8] artifacts (~188111/210327 bytes)
[1A[2K[9999D[52/75] scas.application.resolvedIvyDeps | Downloading [8/8] artifacts (~189482/210327 bytes)
[1A[2K[9999D[52/75] scas.application.resolvedIvyDeps | Downloading [8/8] artifacts (~190853/210327 bytes)
[1A[2K[9999D[52/75] scas.application.resolvedIvyDeps | Downloading [8/8] artifacts (~192224/210327 bytes)
[1A[2K[9999D[52/75] scas.application.resolvedIvyDeps | Downloading [8/8] artifacts (~193595/210327 bytes)
[1A[2K[9999D[52/75] scas.application.resolvedIvyDeps | Downloading [8/8] artifacts (~194966/210327 bytes)
[1A[2K[9999D[52/75] scas.application.resolvedIvyDeps | Downloading [8/8] artifacts (~196337/210327 bytes)
[1A[2K[9999D[52/75] scas.application.resolvedIvyDeps | Downloading [8/8] artifacts (~197708/210327 bytes)
[1A[2K[9999D[52/75] scas.application.resolvedIvyDeps | Downloading [8/8] artifacts (~199079/210327 bytes)
[1A[2K[9999D[52/75] scas.application.resolvedIvyDeps | Downloading [8/8] artifacts (~200450/210327 bytes)
[1A[2K[9999D[52/75] scas.application.resolvedIvyDeps | Downloading [8/8] artifacts (~201821/210327 bytes)
[1A[2K[9999D[52/75] scas.application.resolvedIvyDeps | Downloading [8/8] artifacts (~203192/210327 bytes)
[1A[2K[9999D[52/75] scas.application.resolvedIvyDeps | Downloading [8/8] artifacts (~204563/210327 bytes)
[1A[2K[9999D[52/75] scas.application.resolvedIvyDeps | Downloading [8/8] artifacts (~205934/210327 bytes)
[1A[2K[9999D[52/75] scas.application.resolvedIvyDeps | Downloading [8/8] artifacts (~207305/210327 bytes)
[1A[2K[9999D[52/75] scas.application.resolvedIvyDeps | Downloading [8/8] artifacts (~208676/210327 bytes)
[1A[2K[9999D[52/75] scas.application.resolvedIvyDeps | Downloading [8/8] artifacts (~210047/210327 bytes)
[1A[2K[9999D[52/75] scas.application.resolvedIvyDeps | Downloading [8/8] artifacts (~210327/210327 bytes)
[1A[2K[9999D[52/75] scas.application.resolvedIvyDeps | Downloading [8/8] artifacts (~210327/210327 bytes)
[1A[2K[9999D[52/75] scas.application.resolvedIvyDeps | Downloading [9/9] artifacts (~210327/210327 bytes)
[1A[2K[9999D[52/75] scas.application.resolvedIvyDeps | Downloading [10/10] artifacts (~210327/210327 bytes)
[1A[2K[9999D[52/75] scas.application.resolvedIvyDeps | Downloading [11/11] artifacts (~210327/210327 bytes)
[1A[2K[9999D[52/75] scas.application.resolvedIvyDeps | Downloading [11/11] artifacts (~210327/211769 bytes)
[1A[2K[9999D[52/75] scas.application.resolvedIvyDeps | Downloading [11/11] artifacts (~211769/211769 bytes)
[1A[2K[9999D[52/75] scas.application.resolvedIvyDeps | Downloading [11/11] artifacts (~211769/211769 bytes)
[1A[2K[9999D[52/75] scas.application.resolvedIvyDeps | Downloading [11/11] artifacts (~211769/216230 bytes)
[1A[2K[9999D[52/75] scas.application.resolvedIvyDeps | Downloading [11/11] artifacts (~216230/216230 bytes)
[1A[2K[9999D[52/75] scas.application.resolvedIvyDeps | Downloading [11/11] artifacts (~216230/216230 bytes)
[1A[2K[9999D[52/75] scas.application.resolvedIvyDeps | Downloading [11/11] artifacts (~216230/219907 bytes)
[1A[2K[9999D[52/75] scas.application.resolvedIvyDeps | Downloading [11/11] artifacts (~217601/219907 bytes)
[1A[2K[9999D[52/75] scas.application.resolvedIvyDeps | Downloading [11/11] artifacts (~218972/219907 bytes)
[1A[2K[9999D[52/75] scas.application.resolvedIvyDeps | Downloading [11/11] artifacts (~219907/219907 bytes)
[1A[2K[9999D[52/75] scas.application.resolvedIvyDeps | Downloading [11/11] artifacts (~219907/219907 bytes)
[1A[2K[9999D[53/75] scas.application.compileClasspath 
[1A[2K[9999D[54/75] scas.application.javacOptions 
[1A[2K[9999D[55/75] scas.application.mandatoryScalacOptions 
[1A[2K[9999D[56/75] scas.application.scalacPluginIvyDeps 
[1A[2K[9999D[57/75] scas.application.enablePluginScalacOptions 
[1A[2K[9999D[58/75] scas.application.scalacOptions 
[1A[2K[9999D[59/75] scas.application.allScalacOptions 
[1A[2K[9999D[60/75] scas.application.scalaCompilerClasspath 
[1A[2K[9999D[61/75] scas.application.scalacPluginClasspath 
[1A[2K[9999D[62/75] scas.application.compile 
[info] compiling 21 Scala sources to /Users/y3536zha/Desktop/scala_flexible/scala_flexible_type_with_test_script/community-build/community-projects/scas/out/scas/application/compile.dest/classes ...
[warn] there was 1 deprecation warning; re-run with -deprecation for details
[warn] one warning found
[info] done compiling
[63/75] scas.application.finalMainClassOpt 
[1A[2K[9999D[64/75] scas.application.finalMainClass 
[1A[2K[9999D[65/75] scas.application.localClasspath 
[1A[2K[9999D[66/75] scas.application.runIvyDeps 
[1A[2K[9999D[67/75] scas.application.resolvedRunIvyDeps 
[1A[2K[9999D[68/75] scas.application.upstreamAssemblyClasspath 
[1A[2K[9999D[69/75] scas.application.runClasspath 
[1A[2K[9999D[70/75] scas.application.forkArgs 
[1A[2K[9999D[71/75] scas.application.forkEnv.overridden.mill.scalalib.JavaModule.forkEnv 
[1A[2K[9999D[72/75] scas.application.forkEnv 
[1A[2K[9999D[73/75] scas.application.forkWorkingDir 
[1A[2K[9999D[74/75] scas.application.runUseArgsFile 
[1A[2K[9999D[75/75] scas.application.run 
polypower.txt
p: z + y + x + 1 
q: 1771
q1: 1771
q2: 12341
t: 4271
modint.txt
mod_polynomial.txt
index.txt
rational_module.txt
polynomial.txt
math3.txt
ringsbigint.txt
poly_rings.txt
product.txt
rational.txt
bigint.txt
rational_polynomial.txt
pp2.txt
Exception in thread "main" java.lang.NoClassDefFoundError: dotty/tools/dotc/reporting/Message$Seen
	at dotty.tools.dotc.reporting.Message.inMessageContext(Message.scala:336)
	at dotty.tools.dotc.reporting.Message.message(Message.scala:345)
	at dotty.tools.dotc.reporting.Message.isNonSensical(Message.scala:322)
	at dotty.tools.dotc.reporting.HideNonSensicalMessages.isHidden(HideNonSensicalMessages.scala:16)
	at dotty.tools.dotc.reporting.HideNonSensicalMessages.isHidden$(HideNonSensicalMessages.scala:10)
	at dotty.tools.repl.package$$anon$1.isHidden(package.scala:8)
	at dotty.tools.dotc.reporting.Reporter.issueUnconfigured(Reporter.scala:156)
	at dotty.tools.dotc.reporting.Reporter.go$1(Reporter.scala:181)
	at dotty.tools.dotc.reporting.Reporter.issueIfNotSuppressed(Reporter.scala:200)
	at dotty.tools.dotc.reporting.Reporter.report(Reporter.scala:203)
	at dotty.tools.dotc.reporting.StoreReporter.report(StoreReporter.scala:50)
	at dotty.tools.dotc.report$.error(report.scala:68)
	at dotty.tools.dotc.parsing.Parsers$ParserCommon.syntaxError(Parsers.scala:150)
	at dotty.tools.dotc.parsing.Parsers$ParserCommon.syntaxError(Parsers.scala:143)
	at dotty.tools.dotc.parsing.Parsers$Parser.syntaxErrorOrIncomplete(Parsers.scala:281)
	at dotty.tools.dotc.parsing.Parsers$Parser.accept(Parsers.scala:299)
	at dotty.tools.dotc.parsing.Parsers$Parser.enclosed(Parsers.scala:556)
	at dotty.tools.dotc.parsing.Parsers$Parser.inParens(Parsers.scala:558)
	at dotty.tools.dotc.parsing.Parsers$Parser.parArgumentExprs(Parsers.scala:2603)
	at dotty.tools.dotc.parsing.Parsers$Parser.parArgumentExprss(Parsers.scala:2650)
	at dotty.tools.dotc.parsing.Parsers$Parser.$init$$$anonfun$14(Parsers.scala:4026)
	at dotty.tools.dotc.parsing.Parsers$Parser.constrApps(Parsers.scala:4031)
	at dotty.tools.dotc.parsing.Parsers$Parser.newExpr(Parsers.scala:2566)
	at dotty.tools.dotc.parsing.Parsers$Parser.simpleExpr(Parsers.scala:2505)
	at dotty.tools.dotc.parsing.Parsers$Parser.$init$$$anonfun$9(Parsers.scala:2446)
	at dotty.tools.dotc.parsing.Parsers$Parser.postfixExpr(Parsers.scala:2423)
	at dotty.tools.dotc.parsing.Parsers$Parser.expr1(Parsers.scala:2264)
	at dotty.tools.dotc.parsing.Parsers$Parser.expr(Parsers.scala:2154)
	at dotty.tools.dotc.parsing.Parsers$Parser.$init$$$anonfun$8(Parsers.scala:2122)
	at dotty.tools.dotc.parsing.Parsers$Parser.subPart(Parsers.scala:629)
	at dotty.tools.dotc.parsing.Parsers$Parser.subExpr(Parsers.scala:2124)
	at dotty.tools.dotc.parsing.Parsers$Parser.patDefOrDcl(Parsers.scala:3586)
	at dotty.tools.dotc.parsing.Parsers$Parser.defOrDcl(Parsers.scala:3550)
	at dotty.tools.dotc.parsing.Parsers$Parser.localDef(Parsers.scala:4288)
	at dotty.tools.dotc.parsing.Parsers$Parser.blockStatSeq$$anonfun$1(Parsers.scala:4312)
	at dotty.tools.dotc.parsing.Parsers$Parser.checkNoEscapingPlaceholders(Parsers.scala:500)
	at dotty.tools.dotc.parsing.Parsers$Parser.blockStatSeq(Parsers.scala:4318)
	at dotty.tools.repl.ParseResult$.parseStats(ParseResult.scala:125)
	at dotty.tools.repl.ParseResult$.apply(ParseResult.scala:157)
	at dotty.tools.repl.ParseResult$.maybeIncomplete(ParseResult.scala:177)
	at dotty.tools.repl.ParseResult$.complete(ParseResult.scala:174)
	at dotty.tools.repl.ReplDriver.run$$anonfun$1(ReplDriver.scala:177)
	at dotty.tools.repl.ReplDriver.withRedirectedOutput(ReplDriver.scala:211)
	at dotty.tools.repl.ReplDriver.runBody$$anonfun$1(ReplDriver.scala:185)
	at dotty.tools.runner.ScalaClassLoader$.asContext(ScalaClassLoader.scala:80)
	at dotty.tools.repl.ReplDriver.runBody(ReplDriver.scala:185)
	at dotty.tools.repl.ReplDriver.run(ReplDriver.scala:178)
	at dotty.tools.repl.ScriptEngine.eval(ScriptEngine.scala:40)
	at java.scripting/javax.script.AbstractScriptEngine.eval(Unknown Source)
	at scas.test.Main$package$.$anonfun$1(Main.scala:14)
	at scala.collection.immutable.ArraySeq.map(ArraySeq.scala:75)
	at scala.collection.immutable.ArraySeq.map(ArraySeq.scala:35)
	at scas.test.Main$package$.Main(Main.scala:22)
	at scas.test.Main.main(Main.scala:8)
1 targets failed
scas.application.run subprocess failed
[32mRerunning tests in scas because of a previous run failure.[0m
[32m./mill -i -D dottyVersion=3.3.1-RC1-bin-SNAPSHOT scas.application.test[0m
Compiling /Users/y3536zha/Desktop/scala_flexible/scala_flexible_type_with_test_script/community-build/community-projects/scas/build.sc
[1/75] scas.application.mainClass 
[1A[2K[9999D[3/75] mill.scalalib.ZincWorkerModule.worker 
[1A[2K[9999D[4/75] scas.application.scalaVersion 
[1A[2K[9999D[5/75] scas.scalaVersion 
[1A[2K[9999D[6/75] scas.upstreamCompileOutput 
[1A[2K[9999D[7/75] scas.sources 
[1A[2K[9999D[8/75] scas.generatedSources 
[1A[2K[9999D[9/75] scas.allSources 
[1A[2K[9999D[10/75] scas.allSourceFiles 
[1A[2K[9999D[11/75] scas.transitiveLocalClasspath 
[1A[2K[9999D[12/75] scas.resources 
[1A[2K[9999D[13/75] scas.unmanagedClasspath 
[1A[2K[9999D[14/75] scas.platformSuffix 
[1A[2K[9999D[15/75] scas.compileIvyDeps 
[1A[2K[9999D[16/75] scas.transitiveCompileIvyDeps 
[1A[2K[9999D[17/75] scas.ivyDeps 
[1A[2K[9999D[18/75] scas.mandatoryIvyDeps.overridden.mill.scalalib.JavaModule.mandatoryIvyDeps 
[1A[2K[9999D[19/75] scas.scalaOrganization 
[1A[2K[9999D[20/75] scas.scalaLibraryIvyDeps 
[1A[2K[9999D[21/75] scas.mandatoryIvyDeps 
[1A[2K[9999D[22/75] scas.transitiveIvyDeps 
[1A[2K[9999D[23/75] scas.resolvedIvyDeps 
[1A[2K[9999D[24/75] scas.compileClasspath 
[1A[2K[9999D[25/75] scas.javacOptions 
[1A[2K[9999D[26/75] scas.mandatoryScalacOptions 
[1A[2K[9999D[27/75] scas.scalacPluginIvyDeps 
[1A[2K[9999D[28/75] scas.enablePluginScalacOptions 
[1A[2K[9999D[29/75] scas.scalacOptions 
[1A[2K[9999D[30/75] scas.allScalacOptions 
[1A[2K[9999D[31/75] scas.scalaCompilerClasspath 
[1A[2K[9999D[32/75] scas.scalacPluginClasspath 
[1A[2K[9999D[33/75] scas.compile 
[1A[2K[9999D[34/75] scas.application.upstreamCompileOutput 
[1A[2K[9999D[35/75] scas.application.sources 
[1A[2K[9999D[36/75] scas.application.generatedSources 
[1A[2K[9999D[37/75] scas.application.allSources 
[1A[2K[9999D[38/75] scas.application.allSourceFiles 
[1A[2K[9999D[39/75] scas.localClasspath 
[1A[2K[9999D[40/75] scas.application.transitiveLocalClasspath 
[1A[2K[9999D[41/75] scas.application.resources 
[1A[2K[9999D[42/75] scas.application.unmanagedClasspath 
[1A[2K[9999D[43/75] scas.application.platformSuffix 
[1A[2K[9999D[44/75] scas.application.compileIvyDeps 
[1A[2K[9999D[45/75] scas.application.transitiveCompileIvyDeps 
[1A[2K[9999D[46/75] scas.application.ivyDeps 
[1A[2K[9999D[47/75] scas.application.mandatoryIvyDeps.overridden.mill.scalalib.JavaModule.mandatoryIvyDeps 
[1A[2K[9999D[48/75] scas.application.scalaOrganization 
[1A[2K[9999D[49/75] scas.application.scalaLibraryIvyDeps 
[1A[2K[9999D[50/75] scas.application.mandatoryIvyDeps 
[1A[2K[9999D[51/75] scas.application.transitiveIvyDeps 
[1A[2K[9999D[52/75] scas.application.resolvedIvyDeps 
[1A[2K[9999D[53/75] scas.application.compileClasspath 
[1A[2K[9999D[54/75] scas.application.javacOptions 
[1A[2K[9999D[55/75] scas.application.mandatoryScalacOptions 
[1A[2K[9999D[56/75] scas.application.scalacPluginIvyDeps 
[1A[2K[9999D[57/75] scas.application.enablePluginScalacOptions 
[1A[2K[9999D[58/75] scas.application.scalacOptions 
[1A[2K[9999D[59/75] scas.application.allScalacOptions 
[1A[2K[9999D[60/75] scas.application.scalaCompilerClasspath 
[1A[2K[9999D[61/75] scas.application.scalacPluginClasspath 
[1A[2K[9999D[62/75] scas.application.compile 
[1A[2K[9999D[63/75] scas.application.finalMainClassOpt 
[1A[2K[9999D[64/75] scas.application.finalMainClass 
[1A[2K[9999D[65/75] scas.application.localClasspath 
[1A[2K[9999D[66/75] scas.application.runIvyDeps 
[1A[2K[9999D[67/75] scas.application.resolvedRunIvyDeps 
[1A[2K[9999D[68/75] scas.application.upstreamAssemblyClasspath 
[1A[2K[9999D[69/75] scas.application.runClasspath 
[1A[2K[9999D[70/75] scas.application.forkArgs 
[1A[2K[9999D[71/75] scas.application.forkEnv.overridden.mill.scalalib.JavaModule.forkEnv 
[1A[2K[9999D[72/75] scas.application.forkEnv 
[1A[2K[9999D[73/75] scas.application.forkWorkingDir 
[1A[2K[9999D[74/75] scas.application.runUseArgsFile 
[1A[2K[9999D[75/75] scas.application.run 
polypower.txt
p: z + y + x + 1 
q: 1771
q1: 1771
q2: 12341
t: 3642
modint.txt
mod_polynomial.txt
index.txt
rational_module.txt
polynomial.txt
math3.txt
ringsbigint.txt
poly_rings.txt
product.txt
rational.txt
bigint.txt
rational_polynomial.txt
pp2.txt
polypower_jaspp.txt
p: z+y+x+1
q: 1771
q1: 1771
q2: 12341
t: 3970
pp1.txt
polypower_scas.txt
p: 1+x+y+z
q: 1771
q1: 1771
q2: 12341
t: 4052
poly.txt
module.txt
pp_jas.txt
jasbigint.txt
polypower_rings.txt
p: 1+z+y+x
q: 1771
q1: 1771
q2: 12341
t: 1497
solvable_polynomial.txt
success : 23, failure : 0
[32m[SUCCESS scas][0m
[32m[scas DONE RUNNING][0m
[info] Test run dotty.communitybuild.CommunityBuildTestC finished: 0 failed, 0 ignored, 1 total, 207.769s
[info] Test run dotty.communitybuild.CommunityBuildTestB started
[info] Test run dotty.communitybuild.CommunityBuildTestB finished: 0 failed, 0 ignored, 0 total, 0.0s
[info] Passed: Total 1, Failed 0, Errors 0, Passed 1
[success] Total time: 270 s (04:30), completed Jun 14, 2023, 2:36:08 AM
