[info] welcome to sbt 1.8.0 (Oracle Corporation Java 9.0.4)
[info] loading global plugins from /Users/y3536zha/.sbt/1.0/plugins
[info] loading settings for project scala_flexible_type_with_test_script-build-build from build.sbt ...
[info] loading project definition from /Users/y3536zha/Desktop/scala_flexible_unsafe/scala_flexible_type_with_test_script/project/project
[info] loading settings for project scala_flexible_type_with_test_script-build from build.sbt,plugins.sbt ...
[info] loading project definition from /Users/y3536zha/Desktop/scala_flexible_unsafe/scala_flexible_type_with_test_script/project
[info] loading settings for project scala3 from build.sbt ...
[info] resolving key references (31394 settings) ...
[info] set current project to scala3 (in build file:/Users/y3536zha/Desktop/scala_flexible_unsafe/scala_flexible_type_with_test_script/)
SLF4J: No SLF4J providers were found.
SLF4J: Defaulting to no-operation (NOP) logger implementation
SLF4J: See https://www.slf4j.org/codes.html#noProviders for further details.
SLF4J: Class path contains SLF4J bindings targeting slf4j-api versions 1.7.x or earlier.
SLF4J: Ignoring binding found at [jar:file:/Users/y3536zha/.sbt/boot/scala-2.12.17/org.scala-sbt/sbt/1.8.0/log4j-slf4j-impl-2.17.1.jar!/org/slf4j/impl/StaticLoggerBinder.class]
SLF4J: See https://www.slf4j.org/codes.html#ignoredBindings for an explanation.
[info] Wrote /Users/y3536zha/Desktop/scala_flexible_unsafe/scala_flexible_type_with_test_script/tasty/../out/bootstrap/tasty-core-bootstrapped/scala-3.3.1-RC1-bin-SNAPSHOT-nonbootstrapped/tasty-core_3-3.3.1-RC1-bin-SNAPSHOT.pom
[info] Wrote /Users/y3536zha/Desktop/scala_flexible_unsafe/scala_flexible_type_with_test_script/library-js/../out/bootstrap/scala3-library-bootstrappedJS/scala-3.3.1-RC1-bin-SNAPSHOT-nonbootstrapped/scala3-library_sjs1_3-3.3.1-RC1-bin-SNAPSHOT.pom
[info] Wrote /Users/y3536zha/Desktop/scala_flexible_unsafe/scala_flexible_type_with_test_script/library/../out/bootstrap/scala3-library-bootstrapped/scala-3.3.1-RC1-bin-SNAPSHOT-nonbootstrapped/scala3-library_3-3.3.1-RC1-bin-SNAPSHOT.pom
[info] Wrote /Users/y3536zha/Desktop/scala_flexible_unsafe/scala_flexible_type_with_test_script/compiler/../out/bootstrap/scala3-compiler-bootstrapped/scala-3.3.1-RC1-bin-SNAPSHOT-nonbootstrapped/scala3-compiler_3-3.3.1-RC1-bin-SNAPSHOT.pom
[info] Wrote /Users/y3536zha/Desktop/scala_flexible_unsafe/scala_flexible_type_with_test_script/sbt-community-build/target/scala-2.12/sbt-1.0/sbt-community-build-0.1.0-SNAPSHOT.pom
[info] Wrote /Users/y3536zha/Desktop/scala_flexible_unsafe/scala_flexible_type_with_test_script/interfaces/target/scala3-interfaces-3.3.1-RC1-bin-SNAPSHOT.pom
[info] Wrote /Users/y3536zha/Desktop/scala_flexible_unsafe/scala_flexible_type_with_test_script/tasty-inspector/../out/bootstrap/scala3-tasty-inspector/scala-3.3.1-RC1-bin-SNAPSHOT-nonbootstrapped/scala3-tasty-inspector_3-3.3.1-RC1-bin-SNAPSHOT.pom
[info] Wrote /Users/y3536zha/Desktop/scala_flexible_unsafe/scala_flexible_type_with_test_script/sbt-bridge/src/target/scala3-sbt-bridge-3.3.1-RC1-bin-SNAPSHOT.pom
[info] Wrote /Users/y3536zha/Desktop/scala_flexible_unsafe/scala_flexible_type_with_test_script/scaladoc/../out/bootstrap/scaladoc/scala-3.3.1-RC1-bin-SNAPSHOT-nonbootstrapped/scaladoc_3-3.3.1-RC1-bin-SNAPSHOT.pom
[info] :: delivering :: ch.epfl.lamp#sbt-community-build;0.1.0-SNAPSHOT :: 0.1.0-SNAPSHOT :: integration :: Wed Jun 14 03:51:21 EDT 2023
[info] 	delivering ivy file to /Users/y3536zha/Desktop/scala_flexible_unsafe/scala_flexible_type_with_test_script/sbt-community-build/target/scala-2.12/sbt-1.0/ivy-0.1.0-SNAPSHOT.xml
[info] 	published sbt-community-build to /Users/y3536zha/.ivy2/local/ch.epfl.lamp/sbt-community-build/scala_2.12/sbt_1.0/0.1.0-SNAPSHOT/poms/sbt-community-build.pom
[info] 	published sbt-community-build to /Users/y3536zha/.ivy2/local/ch.epfl.lamp/sbt-community-build/scala_2.12/sbt_1.0/0.1.0-SNAPSHOT/jars/sbt-community-build.jar
[info] 	published sbt-community-build to /Users/y3536zha/.ivy2/local/ch.epfl.lamp/sbt-community-build/scala_2.12/sbt_1.0/0.1.0-SNAPSHOT/srcs/sbt-community-build-sources.jar
[info] 	published sbt-community-build to /Users/y3536zha/.ivy2/local/ch.epfl.lamp/sbt-community-build/scala_2.12/sbt_1.0/0.1.0-SNAPSHOT/docs/sbt-community-build-javadoc.jar
[info] 	published ivy to /Users/y3536zha/.ivy2/local/ch.epfl.lamp/sbt-community-build/scala_2.12/sbt_1.0/0.1.0-SNAPSHOT/ivys/ivy.xml
[info] :: delivering :: org.scala-lang#scala3-interfaces;3.3.1-RC1-bin-SNAPSHOT :: 3.3.1-RC1-bin-SNAPSHOT :: integration :: Wed Jun 14 03:51:22 EDT 2023
[info] 	delivering ivy file to /Users/y3536zha/Desktop/scala_flexible_unsafe/scala_flexible_type_with_test_script/interfaces/target/ivy-3.3.1-RC1-bin-SNAPSHOT.xml
[info] 	published scala3-interfaces to /Users/y3536zha/.ivy2/local/org.scala-lang/scala3-interfaces/3.3.1-RC1-bin-SNAPSHOT/poms/scala3-interfaces.pom
[info] 	published scala3-interfaces to /Users/y3536zha/.ivy2/local/org.scala-lang/scala3-interfaces/3.3.1-RC1-bin-SNAPSHOT/jars/scala3-interfaces.jar
[info] 	published scala3-interfaces to /Users/y3536zha/.ivy2/local/org.scala-lang/scala3-interfaces/3.3.1-RC1-bin-SNAPSHOT/srcs/scala3-interfaces-sources.jar
[info] 	published scala3-interfaces to /Users/y3536zha/.ivy2/local/org.scala-lang/scala3-interfaces/3.3.1-RC1-bin-SNAPSHOT/docs/scala3-interfaces-javadoc.jar
[info] 	published ivy to /Users/y3536zha/.ivy2/local/org.scala-lang/scala3-interfaces/3.3.1-RC1-bin-SNAPSHOT/ivys/ivy.xml
[info] :: delivering :: org.scala-lang#scala3-sbt-bridge;3.3.1-RC1-bin-SNAPSHOT :: 3.3.1-RC1-bin-SNAPSHOT :: integration :: Wed Jun 14 03:51:23 EDT 2023
[info] 	delivering ivy file to /Users/y3536zha/Desktop/scala_flexible_unsafe/scala_flexible_type_with_test_script/sbt-bridge/src/target/ivy-3.3.1-RC1-bin-SNAPSHOT.xml
[info] 	published scala3-sbt-bridge to /Users/y3536zha/.ivy2/local/org.scala-lang/scala3-sbt-bridge/3.3.1-RC1-bin-SNAPSHOT/poms/scala3-sbt-bridge.pom
[info] 	published scala3-sbt-bridge to /Users/y3536zha/.ivy2/local/org.scala-lang/scala3-sbt-bridge/3.3.1-RC1-bin-SNAPSHOT/jars/scala3-sbt-bridge.jar
[info] 	published scala3-sbt-bridge to /Users/y3536zha/.ivy2/local/org.scala-lang/scala3-sbt-bridge/3.3.1-RC1-bin-SNAPSHOT/srcs/scala3-sbt-bridge-sources.jar
[info] 	published scala3-sbt-bridge to /Users/y3536zha/.ivy2/local/org.scala-lang/scala3-sbt-bridge/3.3.1-RC1-bin-SNAPSHOT/docs/scala3-sbt-bridge-javadoc.jar
[info] 	published ivy to /Users/y3536zha/.ivy2/local/org.scala-lang/scala3-sbt-bridge/3.3.1-RC1-bin-SNAPSHOT/ivys/ivy.xml
[info] :: delivering :: org.scala-lang#tasty-core_3;3.3.1-RC1-bin-SNAPSHOT :: 3.3.1-RC1-bin-SNAPSHOT :: integration :: Wed Jun 14 03:51:26 EDT 2023
[info] 	delivering ivy file to /Users/y3536zha/Desktop/scala_flexible_unsafe/scala_flexible_type_with_test_script/out/bootstrap/tasty-core-bootstrapped/scala-3.3.1-RC1-bin-SNAPSHOT-nonbootstrapped/ivy-3.3.1-RC1-bin-SNAPSHOT.xml
[info] Main Scala API documentation to /Users/y3536zha/Desktop/scala_flexible_unsafe/scala_flexible_type_with_test_script/library-js/../out/bootstrap/scala3-library-bootstrappedJS/scala-3.3.1-RC1-bin-SNAPSHOT-nonbootstrapped/api...
[info] Main Scala API documentation to /Users/y3536zha/Desktop/scala_flexible_unsafe/scala_flexible_type_with_test_script/library/../out/bootstrap/scala3-library-bootstrapped/scala-3.3.1-RC1-bin-SNAPSHOT-nonbootstrapped/api...
[info] 	published tasty-core_3 to /Users/y3536zha/.ivy2/local/org.scala-lang/tasty-core_3/3.3.1-RC1-bin-SNAPSHOT/poms/tasty-core_3.pom
[info] 	published tasty-core_3 to /Users/y3536zha/.ivy2/local/org.scala-lang/tasty-core_3/3.3.1-RC1-bin-SNAPSHOT/jars/tasty-core_3.jar
[info] 	published tasty-core_3 to /Users/y3536zha/.ivy2/local/org.scala-lang/tasty-core_3/3.3.1-RC1-bin-SNAPSHOT/srcs/tasty-core_3-sources.jar
[info] 	published tasty-core_3 to /Users/y3536zha/.ivy2/local/org.scala-lang/tasty-core_3/3.3.1-RC1-bin-SNAPSHOT/docs/tasty-core_3-javadoc.jar
[info] 	published ivy to /Users/y3536zha/.ivy2/local/org.scala-lang/tasty-core_3/3.3.1-RC1-bin-SNAPSHOT/ivys/ivy.xml
[info] :: delivering :: org.scala-lang#scala3-tasty-inspector_3;3.3.1-RC1-bin-SNAPSHOT :: 3.3.1-RC1-bin-SNAPSHOT :: integration :: Wed Jun 14 03:51:26 EDT 2023
[info] 	delivering ivy file to /Users/y3536zha/Desktop/scala_flexible_unsafe/scala_flexible_type_with_test_script/out/bootstrap/scala3-tasty-inspector/scala-3.3.1-RC1-bin-SNAPSHOT-nonbootstrapped/ivy-3.3.1-RC1-bin-SNAPSHOT.xml
[info] 	published scala3-tasty-inspector_3 to /Users/y3536zha/.ivy2/local/org.scala-lang/scala3-tasty-inspector_3/3.3.1-RC1-bin-SNAPSHOT/poms/scala3-tasty-inspector_3.pom
[info] 	published scala3-tasty-inspector_3 to /Users/y3536zha/.ivy2/local/org.scala-lang/scala3-tasty-inspector_3/3.3.1-RC1-bin-SNAPSHOT/jars/scala3-tasty-inspector_3.jar
[info] 	published scala3-tasty-inspector_3 to /Users/y3536zha/.ivy2/local/org.scala-lang/scala3-tasty-inspector_3/3.3.1-RC1-bin-SNAPSHOT/srcs/scala3-tasty-inspector_3-sources.jar
[info] 	published scala3-tasty-inspector_3 to /Users/y3536zha/.ivy2/local/org.scala-lang/scala3-tasty-inspector_3/3.3.1-RC1-bin-SNAPSHOT/docs/scala3-tasty-inspector_3-javadoc.jar
[info] 	published ivy to /Users/y3536zha/.ivy2/local/org.scala-lang/scala3-tasty-inspector_3/3.3.1-RC1-bin-SNAPSHOT/ivys/ivy.xml
[info] :: delivering :: org.scala-lang#scaladoc_3;3.3.1-RC1-bin-SNAPSHOT :: 3.3.1-RC1-bin-SNAPSHOT :: integration :: Wed Jun 14 03:51:26 EDT 2023
[info] 	delivering ivy file to /Users/y3536zha/Desktop/scala_flexible_unsafe/scala_flexible_type_with_test_script/out/bootstrap/scaladoc/scala-3.3.1-RC1-bin-SNAPSHOT-nonbootstrapped/ivy-3.3.1-RC1-bin-SNAPSHOT.xml
[info] 	published scaladoc_3 to /Users/y3536zha/.ivy2/local/org.scala-lang/scaladoc_3/3.3.1-RC1-bin-SNAPSHOT/poms/scaladoc_3.pom
[info] 	published scaladoc_3 to /Users/y3536zha/.ivy2/local/org.scala-lang/scaladoc_3/3.3.1-RC1-bin-SNAPSHOT/jars/scaladoc_3.jar
[info] 	published scaladoc_3 to /Users/y3536zha/.ivy2/local/org.scala-lang/scaladoc_3/3.3.1-RC1-bin-SNAPSHOT/srcs/scaladoc_3-sources.jar
[info] 	published scaladoc_3 to /Users/y3536zha/.ivy2/local/org.scala-lang/scaladoc_3/3.3.1-RC1-bin-SNAPSHOT/docs/scaladoc_3-javadoc.jar
[info] 	published ivy to /Users/y3536zha/.ivy2/local/org.scala-lang/scaladoc_3/3.3.1-RC1-bin-SNAPSHOT/ivys/ivy.xml
[warn] Setting -skip-by-regex set to .+\.internal($|\..+) redundantly
[warn] bad option '-project-version 3.3.1-RC1-bin-SNAPSHOT' was ignored
[warn] Setting -skip-by-regex set to .+\.impl($|\..+) redundantly
[warn] Setting -skip-by-regex set to .+\.internal($|\..+) redundantly
[warn] Setting -skip-by-regex set to .+\.impl($|\..+) redundantly
[warn] Flag -project-logo set repeatedly
[warn] Setting -skip-by-id set to scala.runtime.stdLibPatches redundantly
[warn] Setting -social-links set to github::https://github.com/lampepfl/dotty redundantly
[warn] Setting -skip-by-id set to scala.runtime.MatchCase redundantly
[warn] Setting -social-links set to discord::https://discord.com/invite/scala redundantly
[warn] bad option '-project-logo docs/_assets/images/logo.svg' was ignored
[warn] Setting -social-links set to twitter::https://twitter.com/scala_lang redundantly
[warn] Setting -social-links set to github::https://github.com/lampepfl/dotty redundantly
[warn] Setting -skip-by-id set to scala.runtime.stdLibPatches redundantly
[warn] Setting -social-links set to discord::https://discord.com/invite/scala redundantly
[warn] Setting -skip-by-id set to scala.runtime.MatchCase redundantly
[warn] Setting -social-links set to twitter::https://twitter.com/scala_lang redundantly
[warn] Flag -project-footer set repeatedly
[warn] bad option '-project-footer "Copyright (c) 2002-2023, LAMP/EPFL"' was ignored
[warn] Flag -author set repeatedly
[warn] bad option '-default-template static-site-main' was ignored
[warn] Flag -groups set repeatedly
[warn] Flag -author set repeatedly
[warn] Flag -default-template set repeatedly
[warn] Flag -groups set repeatedly
[warn] Setting -external-mappings set to .*scala/.*::scaladoc3::https://dotty.epfl.ch/api/ redundantly
[warn] Setting -external-mappings set to .*java/.*::javadoc::https://docs.oracle.com/javase/8/docs/api/ redundantly
[warn] bad option '-project-version 3.3.1-RC1-bin-SNAPSHOT' was ignored
[warn] Setting -skip-by-regex set to .+\.internal($|\..+) redundantly
[warn] Setting -skip-by-regex set to .+\.impl($|\..+) redundantly
[warn] Setting -skip-by-id set to scala.runtime.stdLibPatches redundantly
[warn] Setting -skip-by-id set to scala.runtime.MatchCase redundantly
[warn] bad option '-project-logo docs/_assets/images/logo.svg' was ignored
[warn] Setting -social-links set to github::https://github.com/lampepfl/dotty redundantly
[warn] Setting -social-links set to discord::https://discord.com/invite/scala redundantly
[warn] Setting -social-links set to twitter::https://twitter.com/scala_lang redundantly
[warn] bad option '-project-footer "Copyright (c) 2002-2023, LAMP/EPFL"' was ignored
[warn] bad option '-default-template static-site-main' was ignored
[warn] Flag -author set repeatedly
[warn] Flag -groups set repeatedly
[info] Skipping unused scalacOptions: -Werror, -Yno-experimental, -Yexplicit-nulls
[info] Skipping unused scalacOptions: -Werror, -Yno-experimental, -Yexplicit-nulls
[info] :: delivering :: org.scala-lang#scala3-compiler_3;3.3.1-RC1-bin-SNAPSHOT :: 3.3.1-RC1-bin-SNAPSHOT :: integration :: Wed Jun 14 03:51:28 EDT 2023
[info] 	delivering ivy file to /Users/y3536zha/Desktop/scala_flexible_unsafe/scala_flexible_type_with_test_script/out/bootstrap/scala3-compiler-bootstrapped/scala-3.3.1-RC1-bin-SNAPSHOT-nonbootstrapped/ivy-3.3.1-RC1-bin-SNAPSHOT.xml
[info] 	published scala3-compiler_3 to /Users/y3536zha/.ivy2/local/org.scala-lang/scala3-compiler_3/3.3.1-RC1-bin-SNAPSHOT/poms/scala3-compiler_3.pom
[info] 	published scala3-compiler_3 to /Users/y3536zha/.ivy2/local/org.scala-lang/scala3-compiler_3/3.3.1-RC1-bin-SNAPSHOT/jars/scala3-compiler_3.jar
[info] 	published scala3-compiler_3 to /Users/y3536zha/.ivy2/local/org.scala-lang/scala3-compiler_3/3.3.1-RC1-bin-SNAPSHOT/srcs/scala3-compiler_3-sources.jar
[info] 	published scala3-compiler_3 to /Users/y3536zha/.ivy2/local/org.scala-lang/scala3-compiler_3/3.3.1-RC1-bin-SNAPSHOT/docs/scala3-compiler_3-javadoc.jar
[info] 	published ivy to /Users/y3536zha/.ivy2/local/org.scala-lang/scala3-compiler_3/3.3.1-RC1-bin-SNAPSHOT/ivys/ivy.xml
[warn] -- Warning: library/src/scala/util/FromDigits.scala:21:6 -----------------------
[warn] 21 |  def fromDigits(digits: String): T
[warn]    |      ^
[warn]    |      No DRI found for query: MalformedNumber
[warn] -- Warning: library/src/scala/util/FromDigits.scala:21:6 -----------------------
[warn] 21 |  def fromDigits(digits: String): T
[warn]    |      ^
[warn]    |      No DRI found for query: MalformedNumber
[error] -- [E069] Naming Error: /Users/y3536zha/Desktop/scala_flexible_unsafe/scala_flexible_type_with_test_script/library/src/scala/IArray.scala:13:7 
[error] -- [E069] Naming Error: /Users/y3536zha/Desktop/scala_flexible_unsafe/scala_flexible_type_with_test_script/library/src/scala/IArray.scala:13:7 
[error] 13 |object IArray:
[error]    |       ^
[error] 13 |object IArray:
[error]    |       ^
[error]    |object IArray cannot have the same name as object IArray in package scala -- cannot define object member with the same name as a object member in self reference _.
[error]    |(Note: this can be resolved by using another name)
[error]    |object IArray cannot have the same name as object IArray in package scala -- cannot define object member with the same name as a object member in self reference _.
[error]    |(Note: this can be resolved by using another name)
[warn] 14 warnings found
[warn] 28 warnings found
[error] one error found
[error] one error found
[info] :: delivering :: org.scala-lang#scala3-library_3;3.3.1-RC1-bin-SNAPSHOT :: 3.3.1-RC1-bin-SNAPSHOT :: integration :: Wed Jun 14 03:51:47 EDT 2023
[info] 	delivering ivy file to /Users/y3536zha/Desktop/scala_flexible_unsafe/scala_flexible_type_with_test_script/out/bootstrap/scala3-library-bootstrapped/scala-3.3.1-RC1-bin-SNAPSHOT-nonbootstrapped/ivy-3.3.1-RC1-bin-SNAPSHOT.xml
[info] 	published scala3-library_3 to /Users/y3536zha/.ivy2/local/org.scala-lang/scala3-library_3/3.3.1-RC1-bin-SNAPSHOT/poms/scala3-library_3.pom
[info] 	published scala3-library_3 to /Users/y3536zha/.ivy2/local/org.scala-lang/scala3-library_3/3.3.1-RC1-bin-SNAPSHOT/jars/scala3-library_3.jar
[info] 	published scala3-library_3 to /Users/y3536zha/.ivy2/local/org.scala-lang/scala3-library_3/3.3.1-RC1-bin-SNAPSHOT/srcs/scala3-library_3-sources.jar
[info] 	published scala3-library_3 to /Users/y3536zha/.ivy2/local/org.scala-lang/scala3-library_3/3.3.1-RC1-bin-SNAPSHOT/docs/scala3-library_3-javadoc.jar
[info] 	published ivy to /Users/y3536zha/.ivy2/local/org.scala-lang/scala3-library_3/3.3.1-RC1-bin-SNAPSHOT/ivys/ivy.xml
[info] :: delivering :: org.scala-lang#scala3-library_sjs1_3;3.3.1-RC1-bin-SNAPSHOT :: 3.3.1-RC1-bin-SNAPSHOT :: integration :: Wed Jun 14 03:51:47 EDT 2023
[info] 	delivering ivy file to /Users/y3536zha/Desktop/scala_flexible_unsafe/scala_flexible_type_with_test_script/out/bootstrap/scala3-library-bootstrappedJS/scala-3.3.1-RC1-bin-SNAPSHOT-nonbootstrapped/ivy-3.3.1-RC1-bin-SNAPSHOT.xml
[info] 	published scala3-library_sjs1_3 to /Users/y3536zha/.ivy2/local/org.scala-lang/scala3-library_sjs1_3/3.3.1-RC1-bin-SNAPSHOT/poms/scala3-library_sjs1_3.pom
[info] 	published scala3-library_sjs1_3 to /Users/y3536zha/.ivy2/local/org.scala-lang/scala3-library_sjs1_3/3.3.1-RC1-bin-SNAPSHOT/jars/scala3-library_sjs1_3.jar
[info] 	published scala3-library_sjs1_3 to /Users/y3536zha/.ivy2/local/org.scala-lang/scala3-library_sjs1_3/3.3.1-RC1-bin-SNAPSHOT/srcs/scala3-library_sjs1_3-sources.jar
[info] 	published scala3-library_sjs1_3 to /Users/y3536zha/.ivy2/local/org.scala-lang/scala3-library_sjs1_3/3.3.1-RC1-bin-SNAPSHOT/docs/scala3-library_sjs1_3-javadoc.jar
[info] 	published ivy to /Users/y3536zha/.ivy2/local/org.scala-lang/scala3-library_sjs1_3/3.3.1-RC1-bin-SNAPSHOT/ivys/ivy.xml
[info] Test run dotty.communitybuild.CommunityBuildTestA started
[info] Test run dotty.communitybuild.CommunityBuildTestA finished: 0 failed, 0 ignored, 0 total, 0.001s
[info] Test run dotty.communitybuild.CommunityBuildTestC started
[info] Test dotty.communitybuild.CommunityBuildTestC.jacksonModuleScala started
[32m[STARTING jackson-module-scala][0m
[32mPublishing scala-java8-compat[0m
[32msbt -sbt-version 1.8.0 -Dsbt.supershell=false -Ddotty.communitybuild.dir=/Users/y3536zha/Desktop/scala_flexible_unsafe/scala_flexible_type_with_test_script/community-build --addPluginSbtFile=/Users/y3536zha/Desktop/scala_flexible_unsafe/scala_flexible_type_with_test_script/community-build/sbt-injected-plugins clean; set Global/logLevel := Level.Error; set Global/updateOptions ~= (_.withLatestSnapshots(false)); set Global/scalacOptions ++= List("-Xcheck-macros","-Ysafe-init","-Yexplicit-nulls","-language:unsafeNulls","-Yflexible-types");++3.3.1-RC1-bin-SNAPSHOT!; publishLocal[0m
[info] welcome to sbt 1.8.0 (Oracle Corporation Java 9.0.4)
[info] loading global plugins from /Users/y3536zha/.sbt/1.0/plugins
[info] loading settings for project scala-java8-compat-build from plugins.sbt,sbt-injected-plugins ...
[info] loading project definition from /Users/y3536zha/Desktop/scala_flexible_unsafe/scala_flexible_type_with_test_script/community-build/community-projects/scala-java8-compat/project
[info] compiling 2 Scala sources to /Users/y3536zha/Desktop/scala_flexible_unsafe/scala_flexible_type_with_test_script/community-build/community-projects/scala-java8-compat/project/target/scala-2.12/sbt-1.0/classes ...
[info] done compiling
[info] loading settings for project scalaJava8Compat from build.sbt ...
SLF4J: No SLF4J providers were found.
SLF4J: Defaulting to no-operation (NOP) logger implementation
SLF4J: See https://www.slf4j.org/codes.html#noProviders for further details.
SLF4J: Class path contains SLF4J bindings targeting slf4j-api versions 1.7.x or earlier.
SLF4J: Ignoring binding found at [jar:file:/Users/y3536zha/.sbt/boot/scala-2.12.17/org.scala-sbt/sbt/1.8.0/log4j-slf4j-impl-2.17.1.jar!/org/slf4j/impl/StaticLoggerBinder.class]
SLF4J: See https://www.slf4j.org/codes.html#ignoredBindings for an explanation.
[info] set current project to scala-java8-compat (in build file:/Users/y3536zha/Desktop/scala_flexible_unsafe/scala_flexible_type_with_test_script/community-build/community-projects/scala-java8-compat/)
[success] Total time: 0 s, completed Jun 14, 2023, 3:52:10 AM
[info] Defining Global / logLevel
[info] The new value will be used by Test / test / testListeners, Test / testOnly / testListeners and 5 others.
[info] 	Run `last` for details.
[info] Reapplying settings...
[info] set current project to scala-java8-compat (in build file:/Users/y3536zha/Desktop/scala_flexible_unsafe/scala_flexible_type_with_test_script/community-build/community-projects/scala-java8-compat/)
[info] Defining Global / updateOptions
[info] The new value will be used by dependencyTreeIgnoreMissingUpdate / updateOptions, ivyConfiguration, pushRemoteCache / ivyConfiguration
[info] Reapplying settings...
[info] set current project to scala-java8-compat (in build file:/Users/y3536zha/Desktop/scala_flexible_unsafe/scala_flexible_type_with_test_script/community-build/community-projects/scala-java8-compat/)
[info] Defining Global / scalacOptions
[info] The new value will be used by Compile / scalacOptions, Genjavadoc / scalacOptions
[info] Reapplying settings...
[info] set current project to scala-java8-compat (in build file:/Users/y3536zha/Desktop/scala_flexible_unsafe/scala_flexible_type_with_test_script/community-build/community-projects/scala-java8-compat/)
[info] Forcing Scala version to 3.3.1-RC1-bin-SNAPSHOT on all projects.
[info] Reapplying settings...
[info] Loading dependency tracking file /Users/y3536zha/Desktop/scala_flexible_unsafe/scala_flexible_type_with_test_script/community-build/dotty-community-build-deps
[info] Dependency tracking file /Users/y3536zha/Desktop/scala_flexible_unsafe/scala_flexible_type_with_test_script/community-build/dotty-community-build-deps does not exist
[info] set current project to scala-java8-compat (in build file:/Users/y3536zha/Desktop/scala_flexible_unsafe/scala_flexible_type_with_test_script/community-build/community-projects/scala-java8-compat/)
Exception while compiling /Users/y3536zha/Desktop/scala_flexible_unsafe/scala_flexible_type_with_test_script/community-build/community-projects/scala-java8-compat/target/scala-3.3.1-RC1-bin-SNAPSHOT/classes/scala/compat/java8/DurationConverters.tasty, /Users/y3536zha/Desktop/scala_flexible_unsafe/scala_flexible_type_with_test_script/community-build/community-projects/scala-java8-compat/target/scala-3.3.1-RC1-bin-SNAPSHOT/classes/scala/compat/java8/FunctionConverters/package.tasty, /Users/y3536zha/Desktop/scala_flexible_unsafe/scala_flexible_type_with_test_script/community-build/community-projects/scala-java8-compat/target/scala-3.3.1-RC1-bin-SNAPSHOT/classes/scala/compat/java8/FutureConverters.tasty, /Users/y3536zha/Desktop/scala_flexible_unsafe/scala_flexible_type_with_test_script/community-build/community-projects/scala-java8-compat/target/scala-3.3.1-RC1-bin-SNAPSHOT/classes/scala/compat/java8/OptionConverters.tasty, /Users/y3536zha/Desktop/scala_flexible_unsafe/scala_flexible_type_with_test_script/community-build/community-projects/scala-java8-compat/target/scala-3.3.1-RC1-bin-SNAPSHOT/classes/scala/compat/java8/PrimitiveIteratorConverters.tasty, /Users/y3536zha/Desktop/scala_flexible_unsafe/scala_flexible_type_with_test_script/community-build/community-projects/scala-java8-compat/target/scala-3.3.1-RC1-bin-SNAPSHOT/classes/scala/compat/java8/Priority1FunctionConverters.tasty, /Users/y3536zha/Desktop/scala_flexible_unsafe/scala_flexible_type_with_test_script/community-build/community-projects/scala-java8-compat/target/scala-3.3.1-RC1-bin-SNAPSHOT/classes/scala/compat/java8/Priority2FunctionConverters.tasty, /Users/y3536zha/Desktop/scala_flexible_unsafe/scala_flexible_type_with_test_script/community-build/community-projects/scala-java8-compat/target/scala-3.3.1-RC1-bin-SNAPSHOT/classes/scala/compat/java8/Priority3FunctionConverters.tasty, /Users/y3536zha/Desktop/scala_flexible_unsafe/scala_flexible_type_with_test_script/community-build/community-projects/scala-java8-compat/target/scala-3.3.1-RC1-bin-SNAPSHOT/classes/scala/compat/java8/StreamConverters.tasty, /Users/y3536zha/Desktop/scala_flexible_unsafe/scala_flexible_type_with_test_script/community-build/community-projects/scala-java8-compat/target/scala-3.3.1-RC1-bin-SNAPSHOT/classes/scala/compat/java8/StreamExtensions.tasty, /Users/y3536zha/Desktop/scala_flexible_unsafe/scala_flexible_type_with_test_script/community-build/community-projects/scala-java8-compat/target/scala-3.3.1-RC1-bin-SNAPSHOT/classes/scala/compat/java8/WrappedAsJava.tasty, /Users/y3536zha/Desktop/scala_flexible_unsafe/scala_flexible_type_with_test_script/community-build/community-projects/scala-java8-compat/target/scala-3.3.1-RC1-bin-SNAPSHOT/classes/scala/compat/java8/WrappedAsScala.tasty, /Users/y3536zha/Desktop/scala_flexible_unsafe/scala_flexible_type_with_test_script/community-build/community-projects/scala-java8-compat/target/scala-3.3.1-RC1-bin-SNAPSHOT/classes/scala/compat/java8/collectionImpl/package.tasty, /Users/y3536zha/Desktop/scala_flexible_unsafe/scala_flexible_type_with_test_script/community-build/community-projects/scala-java8-compat/target/scala-3.3.1-RC1-bin-SNAPSHOT/classes/scala/compat/java8/converterImpl/AccumulateAnyArray.tasty, /Users/y3536zha/Desktop/scala_flexible_unsafe/scala_flexible_type_with_test_script/community-build/community-projects/scala-java8-compat/target/scala-3.3.1-RC1-bin-SNAPSHOT/classes/scala/compat/java8/converterImpl/AccumulateDoubleArray.tasty, /Users/y3536zha/Desktop/scala_flexible_unsafe/scala_flexible_type_with_test_script/community-build/community-projects/scala-java8-compat/target/scala-3.3.1-RC1-bin-SNAPSHOT/classes/scala/compat/java8/converterImpl/AccumulateDoubleCollection.tasty, /Users/y3536zha/Desktop/scala_flexible_unsafe/scala_flexible_type_with_test_script/community-build/community-projects/scala-java8-compat/target/scala-3.3.1-RC1-bin-SNAPSHOT/classes/scala/compat/java8/converterImpl/AccumulateIntArray.tasty, /Users/y3536zha/Desktop/scala_flexible_unsafe/scala_flexible_type_with_test_script/community-build/community-projects/scala-java8-compat/target/scala-3.3.1-RC1-bin-SNAPSHOT/classes/scala/compat/java8/converterImpl/AccumulateIntCollection.tasty, /Users/y3536zha/Desktop/scala_flexible_unsafe/scala_flexible_type_with_test_script/community-build/community-projects/scala-java8-compat/target/scala-3.3.1-RC1-bin-SNAPSHOT/classes/scala/compat/java8/converterImpl/AccumulateLongArray.tasty, /Users/y3536zha/Desktop/scala_flexible_unsafe/scala_flexible_type_with_test_script/community-build/community-projects/scala-java8-compat/target/scala-3.3.1-RC1-bin-SNAPSHOT/classes/scala/compat/java8/converterImpl/AccumulateLongCollection.tasty, /Users/y3536zha/Desktop/scala_flexible_unsafe/scala_flexible_type_with_test_script/community-build/community-projects/scala-java8-compat/target/scala-3.3.1-RC1-bin-SNAPSHOT/classes/scala/compat/java8/converterImpl/CollectionCanAccumulate.tasty, /Users/y3536zha/Desktop/scala_flexible_unsafe/scala_flexible_type_with_test_script/community-build/community-projects/scala-java8-compat/target/scala-3.3.1-RC1-bin-SNAPSHOT/classes/scala/compat/java8/converterImpl/Priority1AccumulatorConverters.tasty, /Users/y3536zha/Desktop/scala_flexible_unsafe/scala_flexible_type_with_test_script/community-build/community-projects/scala-java8-compat/target/scala-3.3.1-RC1-bin-SNAPSHOT/classes/scala/compat/java8/converterImpl/Priority2AccumulatorConverters.tasty, /Users/y3536zha/Desktop/scala_flexible_unsafe/scala_flexible_type_with_test_script/community-build/community-projects/scala-java8-compat/target/scala-3.3.1-RC1-bin-SNAPSHOT/classes/scala/compat/java8/converterImpl/Priority3AccumulatorConverters.tasty, /Users/y3536zha/Desktop/scala_flexible_unsafe/scala_flexible_type_with_test_script/community-build/community-projects/scala-java8-compat/target/scala-3.3.1-RC1-bin-SNAPSHOT/classes/scala/compat/java8/converterImpl/StepperExtensions.tasty, /Users/y3536zha/Desktop/scala_flexible_unsafe/scala_flexible_type_with_test_script/community-build/community-projects/scala-java8-compat/target/scala-3.3.1-RC1-bin-SNAPSHOT/classes/scala/compat/java8/functionConverterImpls/AsJavaBiConsumer.tasty, /Users/y3536zha/Desktop/scala_flexible_unsafe/scala_flexible_type_with_test_script/community-build/community-projects/scala-java8-compat/target/scala-3.3.1-RC1-bin-SNAPSHOT/classes/scala/compat/java8/functionConverterImpls/AsJavaBiFunction.tasty, /Users/y3536zha/Desktop/scala_flexible_unsafe/scala_flexible_type_with_test_script/community-build/community-projects/scala-java8-compat/target/scala-3.3.1-RC1-bin-SNAPSHOT/classes/scala/compat/java8/functionConverterImpls/AsJavaBiPredicate.tasty, /Users/y3536zha/Desktop/scala_flexible_unsafe/scala_flexible_type_with_test_script/community-build/community-projects/scala-java8-compat/target/scala-3.3.1-RC1-bin-SNAPSHOT/classes/scala/compat/java8/functionConverterImpls/AsJavaBinaryOperator.tasty, /Users/y3536zha/Desktop/scala_flexible_unsafe/scala_flexible_type_with_test_script/community-build/community-projects/scala-java8-compat/target/scala-3.3.1-RC1-bin-SNAPSHOT/classes/scala/compat/java8/functionConverterImpls/AsJavaBooleanSupplier.tasty, /Users/y3536zha/Desktop/scala_flexible_unsafe/scala_flexible_type_with_test_script/community-build/community-projects/scala-java8-compat/target/scala-3.3.1-RC1-bin-SNAPSHOT/classes/scala/compat/java8/functionConverterImpls/AsJavaConsumer.tasty, /Users/y3536zha/Desktop/scala_flexible_unsafe/scala_flexible_type_with_test_script/community-build/community-projects/scala-java8-compat/target/scala-3.3.1-RC1-bin-SNAPSHOT/classes/scala/compat/java8/functionConverterImpls/AsJavaDoubleBinaryOperator.tasty, /Users/y3536zha/Desktop/scala_flexible_unsafe/scala_flexible_type_with_test_script/community-build/community-projects/scala-java8-compat/target/scala-3.3.1-RC1-bin-SNAPSHOT/classes/scala/compat/java8/functionConverterImpls/AsJavaDoubleConsumer.tasty, /Users/y3536zha/Desktop/scala_flexible_unsafe/scala_flexible_type_with_test_script/community-build/community-projects/scala-java8-compat/target/scala-3.3.1-RC1-bin-SNAPSHOT/classes/scala/compat/java8/functionConverterImpls/AsJavaDoubleFunction.tasty, /Users/y3536zha/Desktop/scala_flexible_unsafe/scala_flexible_type_with_test_script/community-build/community-projects/scala-java8-compat/target/scala-3.3.1-RC1-bin-SNAPSHOT/classes/scala/compat/java8/functionConverterImpls/AsJavaDoublePredicate.tasty, /Users/y3536zha/Desktop/scala_flexible_unsafe/scala_flexible_type_with_test_script/community-build/community-projects/scala-java8-compat/target/scala-3.3.1-RC1-bin-SNAPSHOT/classes/scala/compat/java8/functionConverterImpls/AsJavaDoubleSupplier.tasty, /Users/y3536zha/Desktop/scala_flexible_unsafe/scala_flexible_type_with_test_script/community-build/community-projects/scala-java8-compat/target/scala-3.3.1-RC1-bin-SNAPSHOT/classes/scala/compat/java8/functionConverterImpls/AsJavaDoubleToIntFunction.tasty, /Users/y3536zha/Desktop/scala_flexible_unsafe/scala_flexible_type_with_test_script/community-build/community-projects/scala-java8-compat/target/scala-3.3.1-RC1-bin-SNAPSHOT/classes/scala/compat/java8/functionConverterImpls/AsJavaDoubleToLongFunction.tasty, /Users/y3536zha/Desktop/scala_flexible_unsafe/scala_flexible_type_with_test_script/community-build/community-projects/scala-java8-compat/target/scala-3.3.1-RC1-bin-SNAPSHOT/classes/scala/compat/java8/functionConverterImpls/AsJavaDoubleUnaryOperator.tasty, /Users/y3536zha/Desktop/scala_flexible_unsafe/scala_flexible_type_with_test_script/community-build/community-projects/scala-java8-compat/target/scala-3.3.1-RC1-bin-SNAPSHOT/classes/scala/compat/java8/functionConverterImpls/AsJavaFunction.tasty, /Users/y3536zha/Desktop/scala_flexible_unsafe/scala_flexible_type_with_test_script/community-build/community-projects/scala-java8-compat/target/scala-3.3.1-RC1-bin-SNAPSHOT/classes/scala/compat/java8/functionConverterImpls/AsJavaIntBinaryOperator.tasty, /Users/y3536zha/Desktop/scala_flexible_unsafe/scala_flexible_type_with_test_script/community-build/community-projects/scala-java8-compat/target/scala-3.3.1-RC1-bin-SNAPSHOT/classes/scala/compat/java8/functionConverterImpls/AsJavaIntConsumer.tasty, /Users/y3536zha/Desktop/scala_flexible_unsafe/scala_flexible_type_with_test_script/community-build/community-projects/scala-java8-compat/target/scala-3.3.1-RC1-bin-SNAPSHOT/classes/scala/compat/java8/functionConverterImpls/AsJavaIntFunction.tasty, /Users/y3536zha/Desktop/scala_flexible_unsafe/scala_flexible_type_with_test_script/community-build/community-projects/scala-java8-compat/target/scala-3.3.1-RC1-bin-SNAPSHOT/classes/scala/compat/java8/functionConverterImpls/AsJavaIntPredicate.tasty, /Users/y3536zha/Desktop/scala_flexible_unsafe/scala_flexible_type_with_test_script/community-build/community-projects/scala-java8-compat/target/scala-3.3.1-RC1-bin-SNAPSHOT/classes/scala/compat/java8/functionConverterImpls/AsJavaIntSupplier.tasty, /Users/y3536zha/Desktop/scala_flexible_unsafe/scala_flexible_type_with_test_script/community-build/community-projects/scala-java8-compat/target/scala-3.3.1-RC1-bin-SNAPSHOT/classes/scala/compat/java8/functionConverterImpls/AsJavaIntToDoubleFunction.tasty, /Users/y3536zha/Desktop/scala_flexible_unsafe/scala_flexible_type_with_test_script/community-build/community-projects/scala-java8-compat/target/scala-3.3.1-RC1-bin-SNAPSHOT/classes/scala/compat/java8/functionConverterImpls/AsJavaIntToLongFunction.tasty, /Users/y3536zha/Desktop/scala_flexible_unsafe/scala_flexible_type_with_test_script/community-build/community-projects/scala-java8-compat/target/scala-3.3.1-RC1-bin-SNAPSHOT/classes/scala/compat/java8/functionConverterImpls/AsJavaIntUnaryOperator.tasty, /Users/y3536zha/Desktop/scala_flexible_unsafe/scala_flexible_type_with_test_script/community-build/community-projects/scala-java8-compat/target/scala-3.3.1-RC1-bin-SNAPSHOT/classes/scala/compat/java8/functionConverterImpls/AsJavaLongBinaryOperator.tasty, /Users/y3536zha/Desktop/scala_flexible_unsafe/scala_flexible_type_with_test_script/community-build/community-projects/scala-java8-compat/target/scala-3.3.1-RC1-bin-SNAPSHOT/classes/scala/compat/java8/functionConverterImpls/AsJavaLongConsumer.tasty, /Users/y3536zha/Desktop/scala_flexible_unsafe/scala_flexible_type_with_test_script/community-build/community-projects/scala-java8-compat/target/scala-3.3.1-RC1-bin-SNAPSHOT/classes/scala/compat/java8/functionConverterImpls/AsJavaLongFunction.tasty, /Users/y3536zha/Desktop/scala_flexible_unsafe/scala_flexible_type_with_test_script/community-build/community-projects/scala-java8-compat/target/scala-3.3.1-RC1-bin-SNAPSHOT/classes/scala/compat/java8/functionConverterImpls/AsJavaLongPredicate.tasty, /Users/y3536zha/Desktop/scala_flexible_unsafe/scala_flexible_type_with_test_script/community-build/community-projects/scala-java8-compat/target/scala-3.3.1-RC1-bin-SNAPSHOT/classes/scala/compat/java8/functionConverterImpls/AsJavaLongSupplier.tasty, /Users/y3536zha/Desktop/scala_flexible_unsafe/scala_flexible_type_with_test_script/community-build/community-projects/scala-java8-compat/target/scala-3.3.1-RC1-bin-SNAPSHOT/classes/scala/compat/java8/functionConverterImpls/AsJavaLongToDoubleFunction.tasty, /Users/y3536zha/Desktop/scala_flexible_unsafe/scala_flexible_type_with_test_script/community-build/community-projects/scala-java8-compat/target/scala-3.3.1-RC1-bin-SNAPSHOT/classes/scala/compat/java8/functionConverterImpls/AsJavaLongToIntFunction.tasty, /Users/y3536zha/Desktop/scala_flexible_unsafe/scala_flexible_type_with_test_script/community-build/community-projects/scala-java8-compat/target/scala-3.3.1-RC1-bin-SNAPSHOT/classes/scala/compat/java8/functionConverterImpls/AsJavaLongUnaryOperator.tasty, /Users/y3536zha/Desktop/scala_flexible_unsafe/scala_flexible_type_with_test_script/community-build/community-projects/scala-java8-compat/target/scala-3.3.1-RC1-bin-SNAPSHOT/classes/scala/compat/java8/functionConverterImpls/AsJavaObjDoubleConsumer.tasty, /Users/y3536zha/Desktop/scala_flexible_unsafe/scala_flexible_type_with_test_script/community-build/community-projects/scala-java8-compat/target/scala-3.3.1-RC1-bin-SNAPSHOT/classes/scala/compat/java8/functionConverterImpls/AsJavaObjIntConsumer.tasty, /Users/y3536zha/Desktop/scala_flexible_unsafe/scala_flexible_type_with_test_script/community-build/community-projects/scala-java8-compat/target/scala-3.3.1-RC1-bin-SNAPSHOT/classes/scala/compat/java8/functionConverterImpls/AsJavaObjLongConsumer.tasty, /Users/y3536zha/Desktop/scala_flexible_unsafe/scala_flexible_type_with_test_script/community-build/community-projects/scala-java8-compat/target/scala-3.3.1-RC1-bin-SNAPSHOT/classes/scala/compat/java8/functionConverterImpls/AsJavaPredicate.tasty, /Users/y3536zha/Desktop/scala_flexible_unsafe/scala_flexible_type_with_test_script/community-build/community-projects/scala-java8-compat/target/scala-3.3.1-RC1-bin-SNAPSHOT/classes/scala/compat/java8/functionConverterImpls/AsJavaSupplier.tasty, /Users/y3536zha/Desktop/scala_flexible_unsafe/scala_flexible_type_with_test_script/community-build/community-projects/scala-java8-compat/target/scala-3.3.1-RC1-bin-SNAPSHOT/classes/scala/compat/java8/functionConverterImpls/AsJavaToDoubleBiFunction.tasty, /Users/y3536zha/Desktop/scala_flexible_unsafe/scala_flexible_type_with_test_script/community-build/community-projects/scala-java8-compat/target/scala-3.3.1-RC1-bin-SNAPSHOT/classes/scala/compat/java8/functionConverterImpls/AsJavaToDoubleFunction.tasty, /Users/y3536zha/Desktop/scala_flexible_unsafe/scala_flexible_type_with_test_script/community-build/community-projects/scala-java8-compat/target/scala-3.3.1-RC1-bin-SNAPSHOT/classes/scala/compat/java8/functionConverterImpls/AsJavaToIntBiFunction.tasty, /Users/y3536zha/Desktop/scala_flexible_unsafe/scala_flexible_type_with_test_script/community-build/community-projects/scala-java8-compat/target/scala-3.3.1-RC1-bin-SNAPSHOT/classes/scala/compat/java8/functionConverterImpls/AsJavaToIntFunction.tasty, /Users/y3536zha/Desktop/scala_flexible_unsafe/scala_flexible_type_with_test_script/community-build/community-projects/scala-java8-compat/target/scala-3.3.1-RC1-bin-SNAPSHOT/classes/scala/compat/java8/functionConverterImpls/AsJavaToLongBiFunction.tasty, /Users/y3536zha/Desktop/scala_flexible_unsafe/scala_flexible_type_with_test_script/community-build/community-projects/scala-java8-compat/target/scala-3.3.1-RC1-bin-SNAPSHOT/classes/scala/compat/java8/functionConverterImpls/AsJavaToLongFunction.tasty, /Users/y3536zha/Desktop/scala_flexible_unsafe/scala_flexible_type_with_test_script/community-build/community-projects/scala-java8-compat/target/scala-3.3.1-RC1-bin-SNAPSHOT/classes/scala/compat/java8/functionConverterImpls/AsJavaUnaryOperator.tasty, /Users/y3536zha/Desktop/scala_flexible_unsafe/scala_flexible_type_with_test_script/community-build/community-projects/scala-java8-compat/target/scala-3.3.1-RC1-bin-SNAPSHOT/classes/scala/compat/java8/functionConverterImpls/FromJavaBiConsumer.tasty, /Users/y3536zha/Desktop/scala_flexible_unsafe/scala_flexible_type_with_test_script/community-build/community-projects/scala-java8-compat/target/scala-3.3.1-RC1-bin-SNAPSHOT/classes/scala/compat/java8/functionConverterImpls/FromJavaBiFunction.tasty, /Users/y3536zha/Desktop/scala_flexible_unsafe/scala_flexible_type_with_test_script/community-build/community-projects/scala-java8-compat/target/scala-3.3.1-RC1-bin-SNAPSHOT/classes/scala/compat/java8/functionConverterImpls/FromJavaBiPredicate.tasty, /Users/y3536zha/Desktop/scala_flexible_unsafe/scala_flexible_type_with_test_script/community-build/community-projects/scala-java8-compat/target/scala-3.3.1-RC1-bin-SNAPSHOT/classes/scala/compat/java8/functionConverterImpls/FromJavaBinaryOperator.tasty, /Users/y3536zha/Desktop/scala_flexible_unsafe/scala_flexible_type_with_test_script/community-build/community-projects/scala-java8-compat/target/scala-3.3.1-RC1-bin-SNAPSHOT/classes/scala/compat/java8/functionConverterImpls/FromJavaBooleanSupplier.tasty, /Users/y3536zha/Desktop/scala_flexible_unsafe/scala_flexible_type_with_test_script/community-build/community-projects/scala-java8-compat/target/scala-3.3.1-RC1-bin-SNAPSHOT/classes/scala/compat/java8/functionConverterImpls/FromJavaConsumer.tasty, /Users/y3536zha/Desktop/scala_flexible_unsafe/scala_flexible_type_with_test_script/community-build/community-projects/scala-java8-compat/target/scala-3.3.1-RC1-bin-SNAPSHOT/classes/scala/compat/java8/functionConverterImpls/FromJavaDoubleBinaryOperator.tasty, /Users/y3536zha/Desktop/scala_flexible_unsafe/scala_flexible_type_with_test_script/community-build/community-projects/scala-java8-compat/target/scala-3.3.1-RC1-bin-SNAPSHOT/classes/scala/compat/java8/functionConverterImpls/FromJavaDoubleConsumer.tasty, /Users/y3536zha/Desktop/scala_flexible_unsafe/scala_flexible_type_with_test_script/community-build/community-projects/scala-java8-compat/target/scala-3.3.1-RC1-bin-SNAPSHOT/classes/scala/compat/java8/functionConverterImpls/FromJavaDoubleFunction.tasty, /Users/y3536zha/Desktop/scala_flexible_unsafe/scala_flexible_type_with_test_script/community-build/community-projects/scala-java8-compat/target/scala-3.3.1-RC1-bin-SNAPSHOT/classes/scala/compat/java8/functionConverterImpls/FromJavaDoublePredicate.tasty, /Users/y3536zha/Desktop/scala_flexible_unsafe/scala_flexible_type_with_test_script/community-build/community-projects/scala-java8-compat/target/scala-3.3.1-RC1-bin-SNAPSHOT/classes/scala/compat/java8/functionConverterImpls/FromJavaDoubleSupplier.tasty, /Users/y3536zha/Desktop/scala_flexible_unsafe/scala_flexible_type_with_test_script/community-build/community-projects/scala-java8-compat/target/scala-3.3.1-RC1-bin-SNAPSHOT/classes/scala/compat/java8/functionConverterImpls/FromJavaDoubleToIntFunction.tasty, /Users/y3536zha/Desktop/scala_flexible_unsafe/scala_flexible_type_with_test_script/community-build/community-projects/scala-java8-compat/target/scala-3.3.1-RC1-bin-SNAPSHOT/classes/scala/compat/java8/functionConverterImpls/FromJavaDoubleToLongFunction.tasty, /Users/y3536zha/Desktop/scala_flexible_unsafe/scala_flexible_type_with_test_script/community-build/community-projects/scala-java8-compat/target/scala-3.3.1-RC1-bin-SNAPSHOT/classes/scala/compat/java8/functionConverterImpls/FromJavaDoubleUnaryOperator.tasty, /Users/y3536zha/Desktop/scala_flexible_unsafe/scala_flexible_type_with_test_script/community-build/community-projects/scala-java8-compat/target/scala-3.3.1-RC1-bin-SNAPSHOT/classes/scala/compat/java8/functionConverterImpls/FromJavaFunction.tasty, /Users/y3536zha/Desktop/scala_flexible_unsafe/scala_flexible_type_with_test_script/community-build/community-projects/scala-java8-compat/target/scala-3.3.1-RC1-bin-SNAPSHOT/classes/scala/compat/java8/functionConverterImpls/FromJavaIntBinaryOperator.tasty, /Users/y3536zha/Desktop/scala_flexible_unsafe/scala_flexible_type_with_test_script/community-build/community-projects/scala-java8-compat/target/scala-3.3.1-RC1-bin-SNAPSHOT/classes/scala/compat/java8/functionConverterImpls/FromJavaIntConsumer.tasty, /Users/y3536zha/Desktop/scala_flexible_unsafe/scala_flexible_type_with_test_script/community-build/community-projects/scala-java8-compat/target/scala-3.3.1-RC1-bin-SNAPSHOT/classes/scala/compat/java8/functionConverterImpls/FromJavaIntFunction.tasty, /Users/y3536zha/Desktop/scala_flexible_unsafe/scala_flexible_type_with_test_script/community-build/community-projects/scala-java8-compat/target/scala-3.3.1-RC1-bin-SNAPSHOT/classes/scala/compat/java8/functionConverterImpls/FromJavaIntPredicate.tasty, /Users/y3536zha/Desktop/scala_flexible_unsafe/scala_flexible_type_with_test_script/community-build/community-projects/scala-java8-compat/target/scala-3.3.1-RC1-bin-SNAPSHOT/classes/scala/compat/java8/functionConverterImpls/FromJavaIntSupplier.tasty, /Users/y3536zha/Desktop/scala_flexible_unsafe/scala_flexible_type_with_test_script/community-build/community-projects/scala-java8-compat/target/scala-3.3.1-RC1-bin-SNAPSHOT/classes/scala/compat/java8/functionConverterImpls/FromJavaIntToDoubleFunction.tasty, /Users/y3536zha/Desktop/scala_flexible_unsafe/scala_flexible_type_with_test_script/community-build/community-projects/scala-java8-compat/target/scala-3.3.1-RC1-bin-SNAPSHOT/classes/scala/compat/java8/functionConverterImpls/FromJavaIntToLongFunction.tasty, /Users/y3536zha/Desktop/scala_flexible_unsafe/scala_flexible_type_with_test_script/community-build/community-projects/scala-java8-compat/target/scala-3.3.1-RC1-bin-SNAPSHOT/classes/scala/compat/java8/functionConverterImpls/FromJavaIntUnaryOperator.tasty, /Users/y3536zha/Desktop/scala_flexible_unsafe/scala_flexible_type_with_test_script/community-build/community-projects/scala-java8-compat/target/scala-3.3.1-RC1-bin-SNAPSHOT/classes/scala/compat/java8/functionConverterImpls/FromJavaLongBinaryOperator.tasty, /Users/y3536zha/Desktop/scala_flexible_unsafe/scala_flexible_type_with_test_script/community-build/community-projects/scala-java8-compat/target/scala-3.3.1-RC1-bin-SNAPSHOT/classes/scala/compat/java8/functionConverterImpls/FromJavaLongConsumer.tasty, /Users/y3536zha/Desktop/scala_flexible_unsafe/scala_flexible_type_with_test_script/community-build/community-projects/scala-java8-compat/target/scala-3.3.1-RC1-bin-SNAPSHOT/classes/scala/compat/java8/functionConverterImpls/FromJavaLongFunction.tasty, /Users/y3536zha/Desktop/scala_flexible_unsafe/scala_flexible_type_with_test_script/community-build/community-projects/scala-java8-compat/target/scala-3.3.1-RC1-bin-SNAPSHOT/classes/scala/compat/java8/functionConverterImpls/FromJavaLongPredicate.tasty, /Users/y3536zha/Desktop/scala_flexible_unsafe/scala_flexible_type_with_test_script/community-build/community-projects/scala-java8-compat/target/scala-3.3.1-RC1-bin-SNAPSHOT/classes/scala/compat/java8/functionConverterImpls/FromJavaLongSupplier.tasty, /Users/y3536zha/Desktop/scala_flexible_unsafe/scala_flexible_type_with_test_script/community-build/community-projects/scala-java8-compat/target/scala-3.3.1-RC1-bin-SNAPSHOT/classes/scala/compat/java8/functionConverterImpls/FromJavaLongToDoubleFunction.tasty, /Users/y3536zha/Desktop/scala_flexible_unsafe/scala_flexible_type_with_test_script/community-build/community-projects/scala-java8-compat/target/scala-3.3.1-RC1-bin-SNAPSHOT/classes/scala/compat/java8/functionConverterImpls/FromJavaLongToIntFunction.tasty, /Users/y3536zha/Desktop/scala_flexible_unsafe/scala_flexible_type_with_test_script/community-build/community-projects/scala-java8-compat/target/scala-3.3.1-RC1-bin-SNAPSHOT/classes/scala/compat/java8/functionConverterImpls/FromJavaLongUnaryOperator.tasty, /Users/y3536zha/Desktop/scala_flexible_unsafe/scala_flexible_type_with_test_script/community-build/community-projects/scala-java8-compat/target/scala-3.3.1-RC1-bin-SNAPSHOT/classes/scala/compat/java8/functionConverterImpls/FromJavaObjDoubleConsumer.tasty, /Users/y3536zha/Desktop/scala_flexible_unsafe/scala_flexible_type_with_test_script/community-build/community-projects/scala-java8-compat/target/scala-3.3.1-RC1-bin-SNAPSHOT/classes/scala/compat/java8/functionConverterImpls/FromJavaObjIntConsumer.tasty, /Users/y3536zha/Desktop/scala_flexible_unsafe/scala_flexible_type_with_test_script/community-build/community-projects/scala-java8-compat/target/scala-3.3.1-RC1-bin-SNAPSHOT/classes/scala/compat/java8/functionConverterImpls/FromJavaObjLongConsumer.tasty, /Users/y3536zha/Desktop/scala_flexible_unsafe/scala_flexible_type_with_test_script/community-build/community-projects/scala-java8-compat/target/scala-3.3.1-RC1-bin-SNAPSHOT/classes/scala/compat/java8/functionConverterImpls/FromJavaPredicate.tasty, /Users/y3536zha/Desktop/scala_flexible_unsafe/scala_flexible_type_with_test_script/community-build/community-projects/scala-java8-compat/target/scala-3.3.1-RC1-bin-SNAPSHOT/classes/scala/compat/java8/functionConverterImpls/FromJavaSupplier.tasty, /Users/y3536zha/Desktop/scala_flexible_unsafe/scala_flexible_type_with_test_script/community-build/community-projects/scala-java8-compat/target/scala-3.3.1-RC1-bin-SNAPSHOT/classes/scala/compat/java8/functionConverterImpls/FromJavaToDoubleBiFunction.tasty, /Users/y3536zha/Desktop/scala_flexible_unsafe/scala_flexible_type_with_test_script/community-build/community-projects/scala-java8-compat/target/scala-3.3.1-RC1-bin-SNAPSHOT/classes/scala/compat/java8/functionConverterImpls/FromJavaToDoubleFunction.tasty, /Users/y3536zha/Desktop/scala_flexible_unsafe/scala_flexible_type_with_test_script/community-build/community-projects/scala-java8-compat/target/scala-3.3.1-RC1-bin-SNAPSHOT/classes/scala/compat/java8/functionConverterImpls/FromJavaToIntBiFunction.tasty, /Users/y3536zha/Desktop/scala_flexible_unsafe/scala_flexible_type_with_test_script/community-build/community-projects/scala-java8-compat/target/scala-3.3.1-RC1-bin-SNAPSHOT/classes/scala/compat/java8/functionConverterImpls/FromJavaToIntFunction.tasty, /Users/y3536zha/Desktop/scala_flexible_unsafe/scala_flexible_type_with_test_script/community-build/community-projects/scala-java8-compat/target/scala-3.3.1-RC1-bin-SNAPSHOT/classes/scala/compat/java8/functionConverterImpls/FromJavaToLongBiFunction.tasty, /Users/y3536zha/Desktop/scala_flexible_unsafe/scala_flexible_type_with_test_script/community-build/community-projects/scala-java8-compat/target/scala-3.3.1-RC1-bin-SNAPSHOT/classes/scala/compat/java8/functionConverterImpls/FromJavaToLongFunction.tasty, /Users/y3536zha/Desktop/scala_flexible_unsafe/scala_flexible_type_with_test_script/community-build/community-projects/scala-java8-compat/target/scala-3.3.1-RC1-bin-SNAPSHOT/classes/scala/compat/java8/functionConverterImpls/FromJavaUnaryOperator.tasty, /Users/y3536zha/Desktop/scala_flexible_unsafe/scala_flexible_type_with_test_script/community-build/community-projects/scala-java8-compat/target/scala-3.3.1-RC1-bin-SNAPSHOT/classes/scala/compat/java8/functionConverterImpls/RichBiConsumerAsFunction2.tasty, /Users/y3536zha/Desktop/scala_flexible_unsafe/scala_flexible_type_with_test_script/community-build/community-projects/scala-java8-compat/target/scala-3.3.1-RC1-bin-SNAPSHOT/classes/scala/compat/java8/functionConverterImpls/RichBiFunctionAsFunction2.tasty, /Users/y3536zha/Desktop/scala_flexible_unsafe/scala_flexible_type_with_test_script/community-build/community-projects/scala-java8-compat/target/scala-3.3.1-RC1-bin-SNAPSHOT/classes/scala/compat/java8/functionConverterImpls/RichBiPredicateAsFunction2.tasty, /Users/y3536zha/Desktop/scala_flexible_unsafe/scala_flexible_type_with_test_script/community-build/community-projects/scala-java8-compat/target/scala-3.3.1-RC1-bin-SNAPSHOT/classes/scala/compat/java8/functionConverterImpls/RichBinaryOperatorAsFunction2.tasty, /Users/y3536zha/Desktop/scala_flexible_unsafe/scala_flexible_type_with_test_script/community-build/community-projects/scala-java8-compat/target/scala-3.3.1-RC1-bin-SNAPSHOT/classes/scala/compat/java8/functionConverterImpls/RichBooleanSupplierAsFunction0.tasty, /Users/y3536zha/Desktop/scala_flexible_unsafe/scala_flexible_type_with_test_script/community-build/community-projects/scala-java8-compat/target/scala-3.3.1-RC1-bin-SNAPSHOT/classes/scala/compat/java8/functionConverterImpls/RichConsumerAsFunction1.tasty, /Users/y3536zha/Desktop/scala_flexible_unsafe/scala_flexible_type_with_test_script/community-build/community-projects/scala-java8-compat/target/scala-3.3.1-RC1-bin-SNAPSHOT/classes/scala/compat/java8/functionConverterImpls/RichDoubleBinaryOperatorAsFunction2.tasty, /Users/y3536zha/Desktop/scala_flexible_unsafe/scala_flexible_type_with_test_script/community-build/community-projects/scala-java8-compat/target/scala-3.3.1-RC1-bin-SNAPSHOT/classes/scala/compat/java8/functionConverterImpls/RichDoubleConsumerAsFunction1.tasty, /Users/y3536zha/Desktop/scala_flexible_unsafe/scala_flexible_type_with_test_script/community-build/community-projects/scala-java8-compat/target/scala-3.3.1-RC1-bin-SNAPSHOT/classes/scala/compat/java8/functionConverterImpls/RichDoubleFunctionAsFunction1.tasty, /Users/y3536zha/Desktop/scala_flexible_unsafe/scala_flexible_type_with_test_script/community-build/community-projects/scala-java8-compat/target/scala-3.3.1-RC1-bin-SNAPSHOT/classes/scala/compat/java8/functionConverterImpls/RichDoublePredicateAsFunction1.tasty, /Users/y3536zha/Desktop/scala_flexible_unsafe/scala_flexible_type_with_test_script/community-build/community-projects/scala-java8-compat/target/scala-3.3.1-RC1-bin-SNAPSHOT/classes/scala/compat/java8/functionConverterImpls/RichDoubleSupplierAsFunction0.tasty, /Users/y3536zha/Desktop/scala_flexible_unsafe/scala_flexible_type_with_test_script/community-build/community-projects/scala-java8-compat/target/scala-3.3.1-RC1-bin-SNAPSHOT/classes/scala/compat/java8/functionConverterImpls/RichDoubleToIntFunctionAsFunction1.tasty, /Users/y3536zha/Desktop/scala_flexible_unsafe/scala_flexible_type_with_test_script/community-build/community-projects/scala-java8-compat/target/scala-3.3.1-RC1-bin-SNAPSHOT/classes/scala/compat/java8/functionConverterImpls/RichDoubleToLongFunctionAsFunction1.tasty, /Users/y3536zha/Desktop/scala_flexible_unsafe/scala_flexible_type_with_test_script/community-build/community-projects/scala-java8-compat/target/scala-3.3.1-RC1-bin-SNAPSHOT/classes/scala/compat/java8/functionConverterImpls/RichDoubleUnaryOperatorAsFunction1.tasty, /Users/y3536zha/Desktop/scala_flexible_unsafe/scala_flexible_type_with_test_script/community-build/community-projects/scala-java8-compat/target/scala-3.3.1-RC1-bin-SNAPSHOT/classes/scala/compat/java8/functionConverterImpls/RichFunction0AsBooleanSupplier.tasty, /Users/y3536zha/Desktop/scala_flexible_unsafe/scala_flexible_type_with_test_script/community-build/community-projects/scala-java8-compat/target/scala-3.3.1-RC1-bin-SNAPSHOT/classes/scala/compat/java8/functionConverterImpls/RichFunction0AsDoubleSupplier.tasty, /Users/y3536zha/Desktop/scala_flexible_unsafe/scala_flexible_type_with_test_script/community-build/community-projects/scala-java8-compat/target/scala-3.3.1-RC1-bin-SNAPSHOT/classes/scala/compat/java8/functionConverterImpls/RichFunction0AsIntSupplier.tasty, /Users/y3536zha/Desktop/scala_flexible_unsafe/scala_flexible_type_with_test_script/community-build/community-projects/scala-java8-compat/target/scala-3.3.1-RC1-bin-SNAPSHOT/classes/scala/compat/java8/functionConverterImpls/RichFunction0AsLongSupplier.tasty, /Users/y3536zha/Desktop/scala_flexible_unsafe/scala_flexible_type_with_test_script/community-build/community-projects/scala-java8-compat/target/scala-3.3.1-RC1-bin-SNAPSHOT/classes/scala/compat/java8/functionConverterImpls/RichFunction0AsSupplier.tasty, /Users/y3536zha/Desktop/scala_flexible_unsafe/scala_flexible_type_with_test_script/community-build/community-projects/scala-java8-compat/target/scala-3.3.1-RC1-bin-SNAPSHOT/classes/scala/compat/java8/functionConverterImpls/RichFunction1AsConsumer.tasty, /Users/y3536zha/Desktop/scala_flexible_unsafe/scala_flexible_type_with_test_script/community-build/community-projects/scala-java8-compat/target/scala-3.3.1-RC1-bin-SNAPSHOT/classes/scala/compat/java8/functionConverterImpls/RichFunction1AsDoubleConsumer.tasty, /Users/y3536zha/Desktop/scala_flexible_unsafe/scala_flexible_type_with_test_script/community-build/community-projects/scala-java8-compat/target/scala-3.3.1-RC1-bin-SNAPSHOT/classes/scala/compat/java8/functionConverterImpls/RichFunction1AsDoubleFunction.tasty, /Users/y3536zha/Desktop/scala_flexible_unsafe/scala_flexible_type_with_test_script/community-build/community-projects/scala-java8-compat/target/scala-3.3.1-RC1-bin-SNAPSHOT/classes/scala/compat/java8/functionConverterImpls/RichFunction1AsDoublePredicate.tasty, /Users/y3536zha/Desktop/scala_flexible_unsafe/scala_flexible_type_with_test_script/community-build/community-projects/scala-java8-compat/target/scala-3.3.1-RC1-bin-SNAPSHOT/classes/scala/compat/java8/functionConverterImpls/RichFunction1AsDoubleToIntFunction.tasty, /Users/y3536zha/Desktop/scala_flexible_unsafe/scala_flexible_type_with_test_script/community-build/community-projects/scala-java8-compat/target/scala-3.3.1-RC1-bin-SNAPSHOT/classes/scala/compat/java8/functionConverterImpls/RichFunction1AsDoubleToLongFunction.tasty, /Users/y3536zha/Desktop/scala_flexible_unsafe/scala_flexible_type_with_test_script/community-build/community-projects/scala-java8-compat/target/scala-3.3.1-RC1-bin-SNAPSHOT/classes/scala/compat/java8/functionConverterImpls/RichFunction1AsDoubleUnaryOperator.tasty, /Users/y3536zha/Desktop/scala_flexible_unsafe/scala_flexible_type_with_test_script/community-build/community-projects/scala-java8-compat/target/scala-3.3.1-RC1-bin-SNAPSHOT/classes/scala/compat/java8/functionConverterImpls/RichFunction1AsFunction.tasty, /Users/y3536zha/Desktop/scala_flexible_unsafe/scala_flexible_type_with_test_script/community-build/community-projects/scala-java8-compat/target/scala-3.3.1-RC1-bin-SNAPSHOT/classes/scala/compat/java8/functionConverterImpls/RichFunction1AsIntConsumer.tasty, /Users/y3536zha/Desktop/scala_flexible_unsafe/scala_flexible_type_with_test_script/community-build/community-projects/scala-java8-compat/target/scala-3.3.1-RC1-bin-SNAPSHOT/classes/scala/compat/java8/functionConverterImpls/RichFunction1AsIntFunction.tasty, /Users/y3536zha/Desktop/scala_flexible_unsafe/scala_flexible_type_with_test_script/community-build/community-projects/scala-java8-compat/target/scala-3.3.1-RC1-bin-SNAPSHOT/classes/scala/compat/java8/functionConverterImpls/RichFunction1AsIntPredicate.tasty, /Users/y3536zha/Desktop/scala_flexible_unsafe/scala_flexible_type_with_test_script/community-build/community-projects/scala-java8-compat/target/scala-3.3.1-RC1-bin-SNAPSHOT/classes/scala/compat/java8/functionConverterImpls/RichFunction1AsIntToDoubleFunction.tasty, /Users/y3536zha/Desktop/scala_flexible_unsafe/scala_flexible_type_with_test_script/community-build/community-projects/scala-java8-compat/target/scala-3.3.1-RC1-bin-SNAPSHOT/classes/scala/compat/java8/functionConverterImpls/RichFunction1AsIntToLongFunction.tasty, /Users/y3536zha/Desktop/scala_flexible_unsafe/scala_flexible_type_with_test_script/community-build/community-projects/scala-java8-compat/target/scala-3.3.1-RC1-bin-SNAPSHOT/classes/scala/compat/java8/functionConverterImpls/RichFunction1AsIntUnaryOperator.tasty, /Users/y3536zha/Desktop/scala_flexible_unsafe/scala_flexible_type_with_test_script/community-build/community-projects/scala-java8-compat/target/scala-3.3.1-RC1-bin-SNAPSHOT/classes/scala/compat/java8/functionConverterImpls/RichFunction1AsLongConsumer.tasty, /Users/y3536zha/Desktop/scala_flexible_unsafe/scala_flexible_type_with_test_script/community-build/community-projects/scala-java8-compat/target/scala-3.3.1-RC1-bin-SNAPSHOT/classes/scala/compat/java8/functionConverterImpls/RichFunction1AsLongFunction.tasty, /Users/y3536zha/Desktop/scala_flexible_unsafe/scala_flexible_type_with_test_script/community-build/community-projects/scala-java8-compat/target/scala-3.3.1-RC1-bin-SNAPSHOT/classes/scala/compat/java8/functionConverterImpls/RichFunction1AsLongPredicate.tasty, /Users/y3536zha/Desktop/scala_flexible_unsafe/scala_flexible_type_with_test_script/community-build/community-projects/scala-java8-compat/target/scala-3.3.1-RC1-bin-SNAPSHOT/classes/scala/compat/java8/functionConverterImpls/RichFunction1AsLongToDoubleFunction.tasty, /Users/y3536zha/Desktop/scala_flexible_unsafe/scala_flexible_type_with_test_script/community-build/community-projects/scala-java8-compat/target/scala-3.3.1-RC1-bin-SNAPSHOT/classes/scala/compat/java8/functionConverterImpls/RichFunction1AsLongToIntFunction.tasty, /Users/y3536zha/Desktop/scala_flexible_unsafe/scala_flexible_type_with_test_script/community-build/community-projects/scala-java8-compat/target/scala-3.3.1-RC1-bin-SNAPSHOT/classes/scala/compat/java8/functionConverterImpls/RichFunction1AsLongUnaryOperator.tasty, /Users/y3536zha/Desktop/scala_flexible_unsafe/scala_flexible_type_with_test_script/community-build/community-projects/scala-java8-compat/target/scala-3.3.1-RC1-bin-SNAPSHOT/classes/scala/compat/java8/functionConverterImpls/RichFunction1AsPredicate.tasty, /Users/y3536zha/Desktop/scala_flexible_unsafe/scala_flexible_type_with_test_script/community-build/community-projects/scala-java8-compat/target/scala-3.3.1-RC1-bin-SNAPSHOT/classes/scala/compat/java8/functionConverterImpls/RichFunction1AsToDoubleFunction.tasty, /Users/y3536zha/Desktop/scala_flexible_unsafe/scala_flexible_type_with_test_script/community-build/community-projects/scala-java8-compat/target/scala-3.3.1-RC1-bin-SNAPSHOT/classes/scala/compat/java8/functionConverterImpls/RichFunction1AsToIntFunction.tasty, /Users/y3536zha/Desktop/scala_flexible_unsafe/scala_flexible_type_with_test_script/community-build/community-projects/scala-java8-compat/target/scala-3.3.1-RC1-bin-SNAPSHOT/classes/scala/compat/java8/functionConverterImpls/RichFunction1AsToLongFunction.tasty, /Users/y3536zha/Desktop/scala_flexible_unsafe/scala_flexible_type_with_test_script/community-build/community-projects/scala-java8-compat/target/scala-3.3.1-RC1-bin-SNAPSHOT/classes/scala/compat/java8/functionConverterImpls/RichFunction1AsUnaryOperator.tasty, /Users/y3536zha/Desktop/scala_flexible_unsafe/scala_flexible_type_with_test_script/community-build/community-projects/scala-java8-compat/target/scala-3.3.1-RC1-bin-SNAPSHOT/classes/scala/compat/java8/functionConverterImpls/RichFunction2AsBiConsumer.tasty, /Users/y3536zha/Desktop/scala_flexible_unsafe/scala_flexible_type_with_test_script/community-build/community-projects/scala-java8-compat/target/scala-3.3.1-RC1-bin-SNAPSHOT/classes/scala/compat/java8/functionConverterImpls/RichFunction2AsBiFunction.tasty, /Users/y3536zha/Desktop/scala_flexible_unsafe/scala_flexible_type_with_test_script/community-build/community-projects/scala-java8-compat/target/scala-3.3.1-RC1-bin-SNAPSHOT/classes/scala/compat/java8/functionConverterImpls/RichFunction2AsBiPredicate.tasty, /Users/y3536zha/Desktop/scala_flexible_unsafe/scala_flexible_type_with_test_script/community-build/community-projects/scala-java8-compat/target/scala-3.3.1-RC1-bin-SNAPSHOT/classes/scala/compat/java8/functionConverterImpls/RichFunction2AsBinaryOperator.tasty, /Users/y3536zha/Desktop/scala_flexible_unsafe/scala_flexible_type_with_test_script/community-build/community-projects/scala-java8-compat/target/scala-3.3.1-RC1-bin-SNAPSHOT/classes/scala/compat/java8/functionConverterImpls/RichFunction2AsDoubleBinaryOperator.tasty, /Users/y3536zha/Desktop/scala_flexible_unsafe/scala_flexible_type_with_test_script/community-build/community-projects/scala-java8-compat/target/scala-3.3.1-RC1-bin-SNAPSHOT/classes/scala/compat/java8/functionConverterImpls/RichFunction2AsIntBinaryOperator.tasty, /Users/y3536zha/Desktop/scala_flexible_unsafe/scala_flexible_type_with_test_script/community-build/community-projects/scala-java8-compat/target/scala-3.3.1-RC1-bin-SNAPSHOT/classes/scala/compat/java8/functionConverterImpls/RichFunction2AsLongBinaryOperator.tasty, /Users/y3536zha/Desktop/scala_flexible_unsafe/scala_flexible_type_with_test_script/community-build/community-projects/scala-java8-compat/target/scala-3.3.1-RC1-bin-SNAPSHOT/classes/scala/compat/java8/functionConverterImpls/RichFunction2AsObjDoubleConsumer.tasty, /Users/y3536zha/Desktop/scala_flexible_unsafe/scala_flexible_type_with_test_script/community-build/community-projects/scala-java8-compat/target/scala-3.3.1-RC1-bin-SNAPSHOT/classes/scala/compat/java8/functionConverterImpls/RichFunction2AsObjIntConsumer.tasty, /Users/y3536zha/Desktop/scala_flexible_unsafe/scala_flexible_type_with_test_script/community-build/community-projects/scala-java8-compat/target/scala-3.3.1-RC1-bin-SNAPSHOT/classes/scala/compat/java8/functionConverterImpls/RichFunction2AsObjLongConsumer.tasty, /Users/y3536zha/Desktop/scala_flexible_unsafe/scala_flexible_type_with_test_script/community-build/community-projects/scala-java8-compat/target/scala-3.3.1-RC1-bin-SNAPSHOT/classes/scala/compat/java8/functionConverterImpls/RichFunction2AsToDoubleBiFunction.tasty, /Users/y3536zha/Desktop/scala_flexible_unsafe/scala_flexible_type_with_test_script/community-build/community-projects/scala-java8-compat/target/scala-3.3.1-RC1-bin-SNAPSHOT/classes/scala/compat/java8/functionConverterImpls/RichFunction2AsToIntBiFunction.tasty, /Users/y3536zha/Desktop/scala_flexible_unsafe/scala_flexible_type_with_test_script/community-build/community-projects/scala-java8-compat/target/scala-3.3.1-RC1-bin-SNAPSHOT/classes/scala/compat/java8/functionConverterImpls/RichFunction2AsToLongBiFunction.tasty, /Users/y3536zha/Desktop/scala_flexible_unsafe/scala_flexible_type_with_test_script/community-build/community-projects/scala-java8-compat/target/scala-3.3.1-RC1-bin-SNAPSHOT/classes/scala/compat/java8/functionConverterImpls/RichFunctionAsFunction1.tasty, /Users/y3536zha/Desktop/scala_flexible_unsafe/scala_flexible_type_with_test_script/community-build/community-projects/scala-java8-compat/target/scala-3.3.1-RC1-bin-SNAPSHOT/classes/scala/compat/java8/functionConverterImpls/RichIntBinaryOperatorAsFunction2.tasty, /Users/y3536zha/Desktop/scala_flexible_unsafe/scala_flexible_type_with_test_script/community-build/community-projects/scala-java8-compat/target/scala-3.3.1-RC1-bin-SNAPSHOT/classes/scala/compat/java8/functionConverterImpls/RichIntConsumerAsFunction1.tasty, /Users/y3536zha/Desktop/scala_flexible_unsafe/scala_flexible_type_with_test_script/community-build/community-projects/scala-java8-compat/target/scala-3.3.1-RC1-bin-SNAPSHOT/classes/scala/compat/java8/functionConverterImpls/RichIntFunctionAsFunction1.tasty, /Users/y3536zha/Desktop/scala_flexible_unsafe/scala_flexible_type_with_test_script/community-build/community-projects/scala-java8-compat/target/scala-3.3.1-RC1-bin-SNAPSHOT/classes/scala/compat/java8/functionConverterImpls/RichIntPredicateAsFunction1.tasty, /Users/y3536zha/Desktop/scala_flexible_unsafe/scala_flexible_type_with_test_script/community-build/community-projects/scala-java8-compat/target/scala-3.3.1-RC1-bin-SNAPSHOT/classes/scala/compat/java8/functionConverterImpls/RichIntSupplierAsFunction0.tasty, /Users/y3536zha/Desktop/scala_flexible_unsafe/scala_flexible_type_with_test_script/community-build/community-projects/scala-java8-compat/target/scala-3.3.1-RC1-bin-SNAPSHOT/classes/scala/compat/java8/functionConverterImpls/RichIntToDoubleFunctionAsFunction1.tasty, /Users/y3536zha/Desktop/scala_flexible_unsafe/scala_flexible_type_with_test_script/community-build/community-projects/scala-java8-compat/target/scala-3.3.1-RC1-bin-SNAPSHOT/classes/scala/compat/java8/functionConverterImpls/RichIntToLongFunctionAsFunction1.tasty, /Users/y3536zha/Desktop/scala_flexible_unsafe/scala_flexible_type_with_test_script/community-build/community-projects/scala-java8-compat/target/scala-3.3.1-RC1-bin-SNAPSHOT/classes/scala/compat/java8/functionConverterImpls/RichIntUnaryOperatorAsFunction1.tasty, /Users/y3536zha/Desktop/scala_flexible_unsafe/scala_flexible_type_with_test_script/community-build/community-projects/scala-java8-compat/target/scala-3.3.1-RC1-bin-SNAPSHOT/classes/scala/compat/java8/functionConverterImpls/RichLongBinaryOperatorAsFunction2.tasty, /Users/y3536zha/Desktop/scala_flexible_unsafe/scala_flexible_type_with_test_script/community-build/community-projects/scala-java8-compat/target/scala-3.3.1-RC1-bin-SNAPSHOT/classes/scala/compat/java8/functionConverterImpls/RichLongConsumerAsFunction1.tasty, /Users/y3536zha/Desktop/scala_flexible_unsafe/scala_flexible_type_with_test_script/community-build/community-projects/scala-java8-compat/target/scala-3.3.1-RC1-bin-SNAPSHOT/classes/scala/compat/java8/functionConverterImpls/RichLongFunctionAsFunction1.tasty, /Users/y3536zha/Desktop/scala_flexible_unsafe/scala_flexible_type_with_test_script/community-build/community-projects/scala-java8-compat/target/scala-3.3.1-RC1-bin-SNAPSHOT/classes/scala/compat/java8/functionConverterImpls/RichLongPredicateAsFunction1.tasty, /Users/y3536zha/Desktop/scala_flexible_unsafe/scala_flexible_type_with_test_script/community-build/community-projects/scala-java8-compat/target/scala-3.3.1-RC1-bin-SNAPSHOT/classes/scala/compat/java8/functionConverterImpls/RichLongSupplierAsFunction0.tasty, /Users/y3536zha/Desktop/scala_flexible_unsafe/scala_flexible_type_with_test_script/community-build/community-projects/scala-java8-compat/target/scala-3.3.1-RC1-bin-SNAPSHOT/classes/scala/compat/java8/functionConverterImpls/RichLongToDoubleFunctionAsFunction1.tasty, /Users/y3536zha/Desktop/scala_flexible_unsafe/scala_flexible_type_with_test_script/community-build/community-projects/scala-java8-compat/target/scala-3.3.1-RC1-bin-SNAPSHOT/classes/scala/compat/java8/functionConverterImpls/RichLongToIntFunctionAsFunction1.tasty, /Users/y3536zha/Desktop/scala_flexible_unsafe/scala_flexible_type_with_test_script/community-build/community-projects/scala-java8-compat/target/scala-3.3.1-RC1-bin-SNAPSHOT/classes/scala/compat/java8/functionConverterImpls/RichLongUnaryOperatorAsFunction1.tasty, /Users/y3536zha/Desktop/scala_flexible_unsafe/scala_flexible_type_with_test_script/community-build/community-projects/scala-java8-compat/target/scala-3.3.1-RC1-bin-SNAPSHOT/classes/scala/compat/java8/functionConverterImpls/RichObjDoubleConsumerAsFunction2.tasty, /Users/y3536zha/Desktop/scala_flexible_unsafe/scala_flexible_type_with_test_script/community-build/community-projects/scala-java8-compat/target/scala-3.3.1-RC1-bin-SNAPSHOT/classes/scala/compat/java8/functionConverterImpls/RichObjIntConsumerAsFunction2.tasty, /Users/y3536zha/Desktop/scala_flexible_unsafe/scala_flexible_type_with_test_script/community-build/community-projects/scala-java8-compat/target/scala-3.3.1-RC1-bin-SNAPSHOT/classes/scala/compat/java8/functionConverterImpls/RichObjLongConsumerAsFunction2.tasty, /Users/y3536zha/Desktop/scala_flexible_unsafe/scala_flexible_type_with_test_script/community-build/community-projects/scala-java8-compat/target/scala-3.3.1-RC1-bin-SNAPSHOT/classes/scala/compat/java8/functionConverterImpls/RichPredicateAsFunction1.tasty, /Users/y3536zha/Desktop/scala_flexible_unsafe/scala_flexible_type_with_test_script/community-build/community-projects/scala-java8-compat/target/scala-3.3.1-RC1-bin-SNAPSHOT/classes/scala/compat/java8/functionConverterImpls/RichSupplierAsFunction0.tasty, /Users/y3536zha/Desktop/scala_flexible_unsafe/scala_flexible_type_with_test_script/community-build/community-projects/scala-java8-compat/target/scala-3.3.1-RC1-bin-SNAPSHOT/classes/scala/compat/java8/functionConverterImpls/RichToDoubleBiFunctionAsFunction2.tasty, /Users/y3536zha/Desktop/scala_flexible_unsafe/scala_flexible_type_with_test_script/community-build/community-projects/scala-java8-compat/target/scala-3.3.1-RC1-bin-SNAPSHOT/classes/scala/compat/java8/functionConverterImpls/RichToDoubleFunctionAsFunction1.tasty, /Users/y3536zha/Desktop/scala_flexible_unsafe/scala_flexible_type_with_test_script/community-build/community-projects/scala-java8-compat/target/scala-3.3.1-RC1-bin-SNAPSHOT/classes/scala/compat/java8/functionConverterImpls/RichToIntBiFunctionAsFunction2.tasty, /Users/y3536zha/Desktop/scala_flexible_unsafe/scala_flexible_type_with_test_script/community-build/community-projects/scala-java8-compat/target/scala-3.3.1-RC1-bin-SNAPSHOT/classes/scala/compat/java8/functionConverterImpls/RichToIntFunctionAsFunction1.tasty, /Users/y3536zha/Desktop/scala_flexible_unsafe/scala_flexible_type_with_test_script/community-build/community-projects/scala-java8-compat/target/scala-3.3.1-RC1-bin-SNAPSHOT/classes/scala/compat/java8/functionConverterImpls/RichToLongBiFunctionAsFunction2.tasty, /Users/y3536zha/Desktop/scala_flexible_unsafe/scala_flexible_type_with_test_script/community-build/community-projects/scala-java8-compat/target/scala-3.3.1-RC1-bin-SNAPSHOT/classes/scala/compat/java8/functionConverterImpls/RichToLongFunctionAsFunction1.tasty, /Users/y3536zha/Desktop/scala_flexible_unsafe/scala_flexible_type_with_test_script/community-build/community-projects/scala-java8-compat/target/scala-3.3.1-RC1-bin-SNAPSHOT/classes/scala/compat/java8/functionConverterImpls/RichUnaryOperatorAsFunction1.tasty, /Users/y3536zha/Desktop/scala_flexible_unsafe/scala_flexible_type_with_test_script/community-build/community-projects/scala-java8-compat/target/scala-3.3.1-RC1-bin-SNAPSHOT/classes/scala/concurrent/java8/FuturesConvertersImpl.tasty, /Users/y3536zha/Desktop/scala_flexible_unsafe/scala_flexible_type_with_test_script/community-build/community-projects/scala-java8-compat/target/scala-3.3.1-RC1-bin-SNAPSHOT/classes/scala/concurrent/java8/FuturesConvertersImplCompat.tasty
[error] java.lang.RuntimeException: java.lang.reflect.InvocationTargetException
[error] 	at xsbt.DottydocRunner.run(DottydocRunner.java:65)
[error] 	at xsbt.ScaladocInterface.run(ScaladocInterface.java:11)
[error] 	at java.base/jdk.internal.reflect.NativeMethodAccessorImpl.invoke0(Native Method)
[error] 	at java.base/jdk.internal.reflect.NativeMethodAccessorImpl.invoke(Unknown Source)
[error] 	at java.base/jdk.internal.reflect.DelegatingMethodAccessorImpl.invoke(Unknown Source)
[error] 	at java.base/java.lang.reflect.Method.invoke(Unknown Source)
[error] 	at sbt.internal.inc.AnalyzingCompiler.invoke(AnalyzingCompiler.scala:329)
[error] 	at sbt.internal.inc.AnalyzingCompiler.doc(AnalyzingCompiler.scala:175)
[error] 	at sbt.internal.inc.AnalyzingCompiler.doc(AnalyzingCompiler.scala:133)
[error] 	at sbt.Doc$.$anonfun$scaladoc$1(Doc.scala:52)
[error] 	at sbt.Doc$.$anonfun$scaladoc$1$adapted(Doc.scala:40)
[error] 	at sbt.RawCompileLike$.$anonfun$prepare$1(RawCompileLike.scala:79)
[error] 	at sbt.RawCompileLike$.$anonfun$prepare$1$adapted(RawCompileLike.scala:72)
[error] 	at sbt.RawCompileLike$.$anonfun$cached$4(RawCompileLike.scala:63)
[error] 	at sbt.RawCompileLike$.$anonfun$cached$4$adapted(RawCompileLike.scala:61)
[error] 	at sbt.util.Tracked$.$anonfun$inputChangedW$1(Tracked.scala:219)
[error] 	at sbt.RawCompileLike$.$anonfun$cached$1(RawCompileLike.scala:68)
[error] 	at sbt.RawCompileLike$.$anonfun$cached$1$adapted(RawCompileLike.scala:52)
[error] 	at sbt.Defaults$.$anonfun$docTaskSettings$4(Defaults.scala:2156)
[error] 	at scala.Function1.$anonfun$compose$1(Function1.scala:49)
[error] 	at sbt.internal.util.$tilde$greater.$anonfun$$u2219$1(TypeFunctions.scala:62)
[error] 	at sbt.std.Transform$$anon$4.work(Transform.scala:68)
[error] 	at sbt.Execute.$anonfun$submit$2(Execute.scala:282)
[error] 	at sbt.internal.util.ErrorHandling$.wideConvert(ErrorHandling.scala:23)
[error] 	at sbt.Execute.work(Execute.scala:291)
[error] 	at sbt.Execute.$anonfun$submit$1(Execute.scala:282)
[error] 	at sbt.ConcurrentRestrictions$$anon$4.$anonfun$submitValid$1(ConcurrentRestrictions.scala:265)
[error] 	at sbt.CompletionService$$anon$2.call(CompletionService.scala:64)
[error] 	at java.base/java.util.concurrent.FutureTask.run(Unknown Source)
[error] 	at java.base/java.util.concurrent.Executors$RunnableAdapter.call(Unknown Source)
[error] 	at java.base/java.util.concurrent.FutureTask.run(Unknown Source)
[error] 	at java.base/java.util.concurrent.ThreadPoolExecutor.runWorker(Unknown Source)
[error] 	at java.base/java.util.concurrent.ThreadPoolExecutor$Worker.run(Unknown Source)
[error] 	at java.base/java.lang.Thread.run(Unknown Source)
[error] Caused by: java.lang.reflect.InvocationTargetException
[error] 	at java.base/jdk.internal.reflect.NativeMethodAccessorImpl.invoke0(Native Method)
[error] 	at java.base/jdk.internal.reflect.NativeMethodAccessorImpl.invoke(Unknown Source)
[error] 	at java.base/jdk.internal.reflect.DelegatingMethodAccessorImpl.invoke(Unknown Source)
[error] 	at java.base/java.lang.reflect.Method.invoke(Unknown Source)
[error] 	at xsbt.DottydocRunner.run(DottydocRunner.java:61)
[error] 	at xsbt.ScaladocInterface.run(ScaladocInterface.java:11)
[error] 	at java.base/jdk.internal.reflect.NativeMethodAccessorImpl.invoke0(Native Method)
[error] 	at java.base/jdk.internal.reflect.NativeMethodAccessorImpl.invoke(Unknown Source)
[error] 	at java.base/jdk.internal.reflect.DelegatingMethodAccessorImpl.invoke(Unknown Source)
[error] 	at java.base/java.lang.reflect.Method.invoke(Unknown Source)
[error] 	at sbt.internal.inc.AnalyzingCompiler.invoke(AnalyzingCompiler.scala:329)
[error] 	at sbt.internal.inc.AnalyzingCompiler.doc(AnalyzingCompiler.scala:175)
[error] 	at sbt.internal.inc.AnalyzingCompiler.doc(AnalyzingCompiler.scala:133)
[error] 	at sbt.Doc$.$anonfun$scaladoc$1(Doc.scala:52)
[error] 	at sbt.Doc$.$anonfun$scaladoc$1$adapted(Doc.scala:40)
[error] 	at sbt.RawCompileLike$.$anonfun$prepare$1(RawCompileLike.scala:79)
[error] 	at sbt.RawCompileLike$.$anonfun$prepare$1$adapted(RawCompileLike.scala:72)
[error] 	at sbt.RawCompileLike$.$anonfun$cached$4(RawCompileLike.scala:63)
[error] 	at sbt.RawCompileLike$.$anonfun$cached$4$adapted(RawCompileLike.scala:61)
[error] 	at sbt.util.Tracked$.$anonfun$inputChangedW$1(Tracked.scala:219)
[error] 	at sbt.RawCompileLike$.$anonfun$cached$1(RawCompileLike.scala:68)
[error] 	at sbt.RawCompileLike$.$anonfun$cached$1$adapted(RawCompileLike.scala:52)
[error] 	at sbt.Defaults$.$anonfun$docTaskSettings$4(Defaults.scala:2156)
[error] 	at scala.Function1.$anonfun$compose$1(Function1.scala:49)
[error] 	at sbt.internal.util.$tilde$greater.$anonfun$$u2219$1(TypeFunctions.scala:62)
[error] 	at sbt.std.Transform$$anon$4.work(Transform.scala:68)
[error] 	at sbt.Execute.$anonfun$submit$2(Execute.scala:282)
[error] 	at sbt.internal.util.ErrorHandling$.wideConvert(ErrorHandling.scala:23)
[error] 	at sbt.Execute.work(Execute.scala:291)
[error] 	at sbt.Execute.$anonfun$submit$1(Execute.scala:282)
[error] 	at sbt.ConcurrentRestrictions$$anon$4.$anonfun$submitValid$1(ConcurrentRestrictions.scala:265)
[error] 	at sbt.CompletionService$$anon$2.call(CompletionService.scala:64)
[error] 	at java.base/java.util.concurrent.FutureTask.run(Unknown Source)
[error] 	at java.base/java.util.concurrent.Executors$RunnableAdapter.call(Unknown Source)
[error] 	at java.base/java.util.concurrent.FutureTask.run(Unknown Source)
[error] 	at java.base/java.util.concurrent.ThreadPoolExecutor.runWorker(Unknown Source)
[error] 	at java.base/java.util.concurrent.ThreadPoolExecutor$Worker.run(Unknown Source)
[error] 	at java.base/java.lang.Thread.run(Unknown Source)
[error] Caused by: scala.MatchError: 193 (of class java.lang.Integer)
[error] 	at dotty.tools.dotc.core.tasty.TreeUnpickler$TreeReader.readLengthType$1(TreeUnpickler.scala:416)
[error] 	at dotty.tools.dotc.core.tasty.TreeUnpickler$TreeReader.readType(TreeUnpickler.scala:465)
[error] 	at dotty.tools.dotc.core.tasty.TreeUnpickler$TreeReader.readTpt(TreeUnpickler.scala:1481)
[error] 	at dotty.tools.dotc.core.tasty.TreeUnpickler$TreeReader.readNewDef(TreeUnpickler.scala:882)
[error] 	at dotty.tools.dotc.core.tasty.TreeUnpickler$TreeReader.readIndexedDef(TreeUnpickler.scala:827)
[error] 	at dotty.tools.dotc.core.tasty.TreeUnpickler$TreeReader.readIndexedStat(TreeUnpickler.scala:1087)
[error] 	at dotty.tools.dotc.core.tasty.TreeUnpickler$TreeReader.readIndexedStats(TreeUnpickler.scala:1139)
[error] 	at dotty.tools.dotc.core.tasty.TreeUnpickler.$anonfun$22$$anonfun$1(TreeUnpickler.scala:1054)
[error] 	at dotty.tools.dotc.core.tasty.TreeUnpickler$LazyReader.complete(TreeUnpickler.scala:1587)
[error] 	at dotty.tools.dotc.ast.Trees$WithLazyFields.force(Trees.scala:1033)
[error] 	at dotty.tools.dotc.ast.Trees$WithLazyFields.force$(Trees.scala:1029)
[error] 	at dotty.tools.dotc.ast.Trees$Template.force(Trees.scala:862)
[error] 	at dotty.tools.dotc.ast.Trees$Template.forceFields(Trees.scala:868)
[error] 	at dotty.tools.dotc.ast.Trees$Template.parentsOrDerived(Trees.scala:872)
[error] 	at dotty.tools.dotc.ast.Trees$Template.parents(Trees.scala:874)
[error] 	at dotty.tools.dotc.ast.Trees$Instance$TreeAccumulator.foldOver(Trees.scala:1627)
[error] 	at dotty.tools.dotc.ast.Trees$Instance$TreeTraverser.traverseChildren(Trees.scala:1661)
[error] 	at dotty.tools.dotc.CompilationUnit$Force.traverse(CompilationUnit.scala:172)
[error] 	at dotty.tools.dotc.ast.Trees$Instance$TreeTraverser.apply(Trees.scala:1660)
[error] 	at dotty.tools.dotc.ast.Trees$Instance$TreeTraverser.apply(Trees.scala:1660)
[error] 	at dotty.tools.dotc.ast.Trees$Instance$TreeAccumulator.foldOver(Trees.scala:1624)
[error] 	at dotty.tools.dotc.ast.Trees$Instance$TreeTraverser.traverseChildren(Trees.scala:1661)
[error] 	at dotty.tools.dotc.CompilationUnit$Force.traverse(CompilationUnit.scala:172)
[error] 	at dotty.tools.dotc.ast.Trees$Instance$TreeTraverser.apply(Trees.scala:1660)
[error] 	at dotty.tools.dotc.ast.Trees$Instance$TreeTraverser.apply(Trees.scala:1660)
[error] 	at dotty.tools.dotc.ast.Trees$Instance$TreeAccumulator.fold$1(Trees.scala:1532)
[error] 	at dotty.tools.dotc.ast.Trees$Instance$TreeAccumulator.apply(Trees.scala:1534)
[error] 	at dotty.tools.dotc.ast.Trees$Instance$TreeAccumulator.foldOver(Trees.scala:1565)
[error] 	at dotty.tools.dotc.ast.Trees$Instance$TreeTraverser.traverseChildren(Trees.scala:1661)
[error] 	at dotty.tools.dotc.CompilationUnit$Force.traverse(CompilationUnit.scala:172)
[error] 	at dotty.tools.dotc.ast.Trees$Instance$TreeTraverser.apply(Trees.scala:1660)
[error] 	at dotty.tools.dotc.ast.Trees$Instance$TreeTraverser.apply(Trees.scala:1660)
[error] 	at dotty.tools.dotc.ast.Trees$Instance$TreeAccumulator.foldOver(Trees.scala:1620)
[error] 	at dotty.tools.dotc.ast.Trees$Instance$TreeTraverser.traverseChildren(Trees.scala:1661)
[error] 	at dotty.tools.dotc.CompilationUnit$Force.traverse(CompilationUnit.scala:172)
[error] 	at dotty.tools.dotc.ast.Trees$Instance$TreeTraverser.apply(Trees.scala:1660)
[error] 	at dotty.tools.dotc.ast.Trees$Instance$TreeTraverser.apply(Trees.scala:1660)
[error] 	at dotty.tools.dotc.ast.Trees$Instance$TreeAccumulator.fold$1(Trees.scala:1532)
[error] 	at dotty.tools.dotc.ast.Trees$Instance$TreeAccumulator.apply(Trees.scala:1534)
[error] 	at dotty.tools.dotc.ast.Trees$Instance$TreeAccumulator.foldOver(Trees.scala:1627)
[error] 	at dotty.tools.dotc.ast.Trees$Instance$TreeTraverser.traverseChildren(Trees.scala:1661)
[error] 	at dotty.tools.dotc.CompilationUnit$Force.traverse(CompilationUnit.scala:172)
[error] 	at dotty.tools.dotc.ast.Trees$Instance$TreeTraverser.apply(Trees.scala:1660)
[error] 	at dotty.tools.dotc.ast.Trees$Instance$TreeTraverser.apply(Trees.scala:1660)
[error] 	at dotty.tools.dotc.ast.Trees$Instance$TreeAccumulator.foldOver(Trees.scala:1624)
[error] 	at dotty.tools.dotc.ast.Trees$Instance$TreeTraverser.traverseChildren(Trees.scala:1661)
[error] 	at dotty.tools.dotc.CompilationUnit$Force.traverse(CompilationUnit.scala:172)
[error] 	at dotty.tools.dotc.ast.Trees$Instance$TreeTraverser.apply(Trees.scala:1660)
[error] 	at dotty.tools.dotc.ast.Trees$Instance$TreeTraverser.apply(Trees.scala:1660)
[error] 	at dotty.tools.dotc.ast.Trees$Instance$TreeAccumulator.fold$1(Trees.scala:1532)
[error] 	at dotty.tools.dotc.ast.Trees$Instance$TreeAccumulator.apply(Trees.scala:1534)
[error] 	at dotty.tools.dotc.ast.Trees$Instance$TreeAccumulator.foldOver(Trees.scala:1565)
[error] 	at dotty.tools.dotc.ast.Trees$Instance$TreeTraverser.traverseChildren(Trees.scala:1661)
[error] 	at dotty.tools.dotc.CompilationUnit$Force.traverse(CompilationUnit.scala:172)
[error] 	at dotty.tools.dotc.ast.Trees$Instance$TreeTraverser.apply(Trees.scala:1660)
[error] 	at dotty.tools.dotc.ast.Trees$Instance$TreeTraverser.apply(Trees.scala:1660)
[error] 	at dotty.tools.dotc.ast.Trees$Instance$TreeAccumulator.foldOver(Trees.scala:1616)
[error] 	at dotty.tools.dotc.ast.Trees$Instance$TreeTraverser.traverseChildren(Trees.scala:1661)
[error] 	at dotty.tools.dotc.CompilationUnit$Force.traverse(CompilationUnit.scala:172)
[error] 	at dotty.tools.dotc.ast.Trees$Instance$TreeTraverser.apply(Trees.scala:1660)
[error] 	at dotty.tools.dotc.ast.Trees$Instance$TreeTraverser.apply(Trees.scala:1660)
[error] 	at dotty.tools.dotc.ast.Trees$Instance$TreeAccumulator.fold$1(Trees.scala:1532)
[error] 	at dotty.tools.dotc.ast.Trees$Instance$TreeAccumulator.apply(Trees.scala:1534)
[error] 	at dotty.tools.dotc.ast.Trees$Instance$TreeAccumulator.foldOver(Trees.scala:1627)
[error] 	at dotty.tools.dotc.ast.Trees$Instance$TreeTraverser.traverseChildren(Trees.scala:1661)
[error] 	at dotty.tools.dotc.CompilationUnit$Force.traverse(CompilationUnit.scala:172)
[error] 	at dotty.tools.dotc.ast.Trees$Instance$TreeTraverser.apply(Trees.scala:1660)
[error] 	at dotty.tools.dotc.ast.Trees$Instance$TreeTraverser.apply(Trees.scala:1660)
[error] 	at dotty.tools.dotc.ast.Trees$Instance$TreeAccumulator.foldOver(Trees.scala:1624)
[error] 	at dotty.tools.dotc.ast.Trees$Instance$TreeTraverser.traverseChildren(Trees.scala:1661)
[error] 	at dotty.tools.dotc.CompilationUnit$Force.traverse(CompilationUnit.scala:172)
[error] 	at dotty.tools.dotc.ast.Trees$Instance$TreeTraverser.apply(Trees.scala:1660)
[error] 	at dotty.tools.dotc.ast.Trees$Instance$TreeTraverser.apply(Trees.scala:1660)
[error] 	at dotty.tools.dotc.ast.Trees$Instance$TreeAccumulator.fold$1(Trees.scala:1532)
[error] 	at dotty.tools.dotc.ast.Trees$Instance$TreeAccumulator.apply(Trees.scala:1534)
[error] 	at dotty.tools.dotc.ast.Trees$Instance$TreeAccumulator.foldOver(Trees.scala:1633)
[error] 	at dotty.tools.dotc.ast.Trees$Instance$TreeAccumulator.foldOver(Trees.scala:1538)
[error] 	at dotty.tools.dotc.ast.Trees$Instance$TreeTraverser.traverseChildren(Trees.scala:1661)
[error] 	at dotty.tools.dotc.CompilationUnit$Force.traverse(CompilationUnit.scala:172)
[error] 	at dotty.tools.dotc.CompilationUnit$.apply(CompilationUnit.scala:123)
[error] 	at dotty.tools.dotc.CompilationUnit$.apply(CompilationUnit.scala:114)
[error] 	at dotty.tools.dotc.fromtasty.ReadTasty.compilationUnit$1(ReadTasty.scala:42)
[error] 	at dotty.tools.dotc.fromtasty.ReadTasty.readTASTY(ReadTasty.scala:70)
[error] 	at dotty.tools.dotc.fromtasty.ReadTasty.runOn$$anonfun$1(ReadTasty.scala:25)
[error] 	at scala.collection.immutable.List.flatMap(List.scala:293)
[error] 	at dotty.tools.dotc.fromtasty.ReadTasty.runOn(ReadTasty.scala:25)
[error] 	at dotty.tools.dotc.Run.runPhases$1$$anonfun$1(Run.scala:246)
[error] 	at scala.runtime.function.JProcedure1.apply(JProcedure1.java:15)
[error] 	at scala.runtime.function.JProcedure1.apply(JProcedure1.java:10)
[error] 	at scala.collection.ArrayOps$.foreach$extension(ArrayOps.scala:1321)
[error] 	at dotty.tools.dotc.Run.runPhases$1(Run.scala:262)
[error] 	at dotty.tools.dotc.Run.compileUnits$$anonfun$1(Run.scala:270)
[error] 	at dotty.tools.dotc.Run.compileUnits$$anonfun$adapted$1(Run.scala:279)
[error] 	at dotty.tools.dotc.util.Stats$.maybeMonitored(Stats.scala:67)
[error] 	at dotty.tools.dotc.Run.compileUnits(Run.scala:279)
[error] 	at dotty.tools.dotc.Run.compileUnits(Run.scala:200)
[error] 	at dotty.tools.dotc.fromtasty.TASTYRun.compile(TASTYRun.scala:15)
[error] 	at dotty.tools.dotc.Driver.doCompile(Driver.scala:37)
[error] 	at dotty.tools.dotc.Driver.process(Driver.scala:197)
[error] 	at scala.tasty.inspector.OldTastyInspector.inspectFilesInContext(OldTastyInspector.scala:72)
[error] 	at scala.tasty.inspector.OldTastyInspector.inspectFilesInContext$(OldTastyInspector.scala:22)
[error] 	at scala.tasty.inspector.DocTastyInspector.inspectFilesInContext(DocTastyInspector.scala:5)
[error] 	at dotty.tools.scaladoc.tasty.ScaladocTastyInspector.result(TastyParser.scala:147)
[error] 	at dotty.tools.scaladoc.ScalaModuleProvider$.mkModule(ScalaModuleProvider.scala:11)
[error] 	at dotty.tools.scaladoc.Scaladoc$.run(Scaladoc.scala:241)
[error] 	at dotty.tools.scaladoc.Scaladoc$.run$$anonfun$1(Scaladoc.scala:73)
[error] 	at scala.runtime.function.JProcedure1.apply(JProcedure1.java:15)
[error] 	at scala.runtime.function.JProcedure1.apply(JProcedure1.java:10)
[error] 	at scala.Option.map(Option.scala:242)
[error] 	at dotty.tools.scaladoc.Scaladoc$.run(Scaladoc.scala:77)
[error] 	at dotty.tools.dottydoc.Main$.process(Main.scala:25)
[error] 	at dotty.tools.dottydoc.Main.process(Main.scala)
[error] 	at java.base/jdk.internal.reflect.NativeMethodAccessorImpl.invoke0(Native Method)
[error] 	at java.base/jdk.internal.reflect.NativeMethodAccessorImpl.invoke(Unknown Source)
[error] 	at java.base/jdk.internal.reflect.DelegatingMethodAccessorImpl.invoke(Unknown Source)
[error] 	at java.base/java.lang.reflect.Method.invoke(Unknown Source)
[error] 	at xsbt.DottydocRunner.run(DottydocRunner.java:61)
[error] 	at xsbt.ScaladocInterface.run(ScaladocInterface.java:11)
[error] 	at java.base/jdk.internal.reflect.NativeMethodAccessorImpl.invoke0(Native Method)
[error] 	at java.base/jdk.internal.reflect.NativeMethodAccessorImpl.invoke(Unknown Source)
[error] 	at java.base/jdk.internal.reflect.DelegatingMethodAccessorImpl.invoke(Unknown Source)
[error] 	at java.base/java.lang.reflect.Method.invoke(Unknown Source)
[error] 	at sbt.internal.inc.AnalyzingCompiler.invoke(AnalyzingCompiler.scala:329)
[error] 	at sbt.internal.inc.AnalyzingCompiler.doc(AnalyzingCompiler.scala:175)
[error] 	at sbt.internal.inc.AnalyzingCompiler.doc(AnalyzingCompiler.scala:133)
[error] 	at sbt.Doc$.$anonfun$scaladoc$1(Doc.scala:52)
[error] 	at sbt.Doc$.$anonfun$scaladoc$1$adapted(Doc.scala:40)
[error] 	at sbt.RawCompileLike$.$anonfun$prepare$1(RawCompileLike.scala:79)
[error] 	at sbt.RawCompileLike$.$anonfun$prepare$1$adapted(RawCompileLike.scala:72)
[error] 	at sbt.RawCompileLike$.$anonfun$cached$4(RawCompileLike.scala:63)
[error] 	at sbt.RawCompileLike$.$anonfun$cached$4$adapted(RawCompileLike.scala:61)
[error] 	at sbt.util.Tracked$.$anonfun$inputChangedW$1(Tracked.scala:219)
[error] 	at sbt.RawCompileLike$.$anonfun$cached$1(RawCompileLike.scala:68)
[error] 	at sbt.RawCompileLike$.$anonfun$cached$1$adapted(RawCompileLike.scala:52)
[error] 	at sbt.Defaults$.$anonfun$docTaskSettings$4(Defaults.scala:2156)
[error] 	at scala.Function1.$anonfun$compose$1(Function1.scala:49)
[error] 	at sbt.internal.util.$tilde$greater.$anonfun$$u2219$1(TypeFunctions.scala:62)
[error] 	at sbt.std.Transform$$anon$4.work(Transform.scala:68)
[error] 	at sbt.Execute.$anonfun$submit$2(Execute.scala:282)
[error] 	at sbt.internal.util.ErrorHandling$.wideConvert(ErrorHandling.scala:23)
[error] 	at sbt.Execute.work(Execute.scala:291)
[error] 	at sbt.Execute.$anonfun$submit$1(Execute.scala:282)
[error] 	at sbt.ConcurrentRestrictions$$anon$4.$anonfun$submitValid$1(ConcurrentRestrictions.scala:265)
[error] 	at sbt.CompletionService$$anon$2.call(CompletionService.scala:64)
[error] 	at java.base/java.util.concurrent.FutureTask.run(Unknown Source)
[error] 	at java.base/java.util.concurrent.Executors$RunnableAdapter.call(Unknown Source)
[error] 	at java.base/java.util.concurrent.FutureTask.run(Unknown Source)
[error] 	at java.base/java.util.concurrent.ThreadPoolExecutor.runWorker(Unknown Source)
[error] 	at java.base/java.util.concurrent.ThreadPoolExecutor$Worker.run(Unknown Source)
[error] 	at java.base/java.lang.Thread.run(Unknown Source)
[error] (Compile / doc) java.lang.reflect.InvocationTargetException
[error] Total time: 15 s, completed Jun 14, 2023, 3:52:27 AM
[error] Test dotty.communitybuild.CommunityBuildTestC.jacksonModuleScala failed: java.lang.RuntimeException: Publish command exited with code 1 for project scala-java8-compat. Project details:
[error] SbtCommunityProject(scala-java8-compat,test,List(),List(),dotty.communitybuild.SbtCommunityProject$$$Lambda$50/1408520679@7b27b462,publishLocal,null,List(-Xcheck-macros, -Ysafe-init, -Yexplicit-nulls, -language:unsafeNulls, -Yflexible-types),false), took 40.146 sec
[error]     at dotty.communitybuild.CommunityProject.publish(projects.scala:64)
[error]     at dotty.communitybuild.CommunityProject.publish$(projects.scala:35)
[error]     at dotty.communitybuild.SbtCommunityProject.publish(projects.scala:104)
[error]     at dotty.communitybuild.CommunityBuildRunner$.run$$anonfun$1(CommunityBuildRunner.scala:24)
[error]     at scala.runtime.function.JProcedure1.apply(JProcedure1.java:15)
[error]     at scala.runtime.function.JProcedure1.apply(JProcedure1.java:10)
[error]     at scala.collection.immutable.List.foreach(List.scala:333)
[error]     at dotty.communitybuild.CommunityBuildRunner$.run(CommunityBuildRunner.scala:24)
[error]     at dotty.communitybuild.CommunityBuildTestC.jacksonModuleScala(CommunityBuildTest.scala:72)
[error]     at jdk.internal.reflect.NativeMethodAccessorImpl.invoke0(Native Method)
[error]     at jdk.internal.reflect.NativeMethodAccessorImpl.invoke(Unknown Source)
[error]     at jdk.internal.reflect.DelegatingMethodAccessorImpl.invoke(Unknown Source)
[error]     at java.lang.reflect.Method.invoke(Unknown Source)
[error]     ...
[info] Test run dotty.communitybuild.CommunityBuildTestC finished: 1 failed, 0 ignored, 1 total, 40.152s
********************************************************************************
Failed projects:
 - dotty.communitybuild.CommunityBuildTestC.jacksonModuleScala
********************************************************************************
[info] Test run dotty.communitybuild.CommunityBuildTestB started
[info] Test run dotty.communitybuild.CommunityBuildTestB finished: 0 failed, 0 ignored, 0 total, 0.0s
[error] Failed: Total 1, Failed 1, Errors 0, Passed 0
[error] Failed tests:
[error] 	dotty.communitybuild.CommunityBuildTestC
[error] (community-build / Test / testOnly) sbt.TestsFailedException: Tests unsuccessful
[error] Total time: 68 s (01:08), completed Jun 14, 2023, 3:52:28 AM
