[info] welcome to sbt 1.8.0 (Oracle Corporation Java 9.0.4)
[info] loading global plugins from /Users/y3536zha/.sbt/1.0/plugins
[info] loading settings for project scala_flexible_type_with_test_script-build-build from build.sbt ...
[info] loading project definition from /Users/y3536zha/Desktop/scala_flexible_unsafe/scala_flexible_type_with_test_script/project/project
[info] loading settings for project scala_flexible_type_with_test_script-build from build.sbt,plugins.sbt ...
[info] loading project definition from /Users/y3536zha/Desktop/scala_flexible_unsafe/scala_flexible_type_with_test_script/project
[info] loading settings for project scala3 from build.sbt ...
[info] resolving key references (31394 settings) ...
[info] set current project to scala3 (in build file:/Users/y3536zha/Desktop/scala_flexible_unsafe/scala_flexible_type_with_test_script/)
SLF4J: No SLF4J providers were found.
SLF4J: Defaulting to no-operation (NOP) logger implementation
SLF4J: See https://www.slf4j.org/codes.html#noProviders for further details.
SLF4J: Class path contains SLF4J bindings targeting slf4j-api versions 1.7.x or earlier.
SLF4J: Ignoring binding found at [jar:file:/Users/y3536zha/.sbt/boot/scala-2.12.17/org.scala-sbt/sbt/1.8.0/log4j-slf4j-impl-2.17.1.jar!/org/slf4j/impl/StaticLoggerBinder.class]
SLF4J: See https://www.slf4j.org/codes.html#ignoredBindings for an explanation.
[info] Wrote /Users/y3536zha/Desktop/scala_flexible_unsafe/scala_flexible_type_with_test_script/tasty/../out/bootstrap/tasty-core-bootstrapped/scala-3.3.1-RC1-bin-SNAPSHOT-nonbootstrapped/tasty-core_3-3.3.1-RC1-bin-SNAPSHOT.pom
[info] Wrote /Users/y3536zha/Desktop/scala_flexible_unsafe/scala_flexible_type_with_test_script/library/../out/bootstrap/scala3-library-bootstrapped/scala-3.3.1-RC1-bin-SNAPSHOT-nonbootstrapped/scala3-library_3-3.3.1-RC1-bin-SNAPSHOT.pom
[info] Wrote /Users/y3536zha/Desktop/scala_flexible_unsafe/scala_flexible_type_with_test_script/interfaces/target/scala3-interfaces-3.3.1-RC1-bin-SNAPSHOT.pom
[info] Wrote /Users/y3536zha/Desktop/scala_flexible_unsafe/scala_flexible_type_with_test_script/library-js/../out/bootstrap/scala3-library-bootstrappedJS/scala-3.3.1-RC1-bin-SNAPSHOT-nonbootstrapped/scala3-library_sjs1_3-3.3.1-RC1-bin-SNAPSHOT.pom
[info] Wrote /Users/y3536zha/Desktop/scala_flexible_unsafe/scala_flexible_type_with_test_script/tasty-inspector/../out/bootstrap/scala3-tasty-inspector/scala-3.3.1-RC1-bin-SNAPSHOT-nonbootstrapped/scala3-tasty-inspector_3-3.3.1-RC1-bin-SNAPSHOT.pom
[info] Wrote /Users/y3536zha/Desktop/scala_flexible_unsafe/scala_flexible_type_with_test_script/compiler/../out/bootstrap/scala3-compiler-bootstrapped/scala-3.3.1-RC1-bin-SNAPSHOT-nonbootstrapped/scala3-compiler_3-3.3.1-RC1-bin-SNAPSHOT.pom
[info] Wrote /Users/y3536zha/Desktop/scala_flexible_unsafe/scala_flexible_type_with_test_script/sbt-community-build/target/scala-2.12/sbt-1.0/sbt-community-build-0.1.0-SNAPSHOT.pom
[info] Wrote /Users/y3536zha/Desktop/scala_flexible_unsafe/scala_flexible_type_with_test_script/sbt-bridge/src/target/scala3-sbt-bridge-3.3.1-RC1-bin-SNAPSHOT.pom
[info] Wrote /Users/y3536zha/Desktop/scala_flexible_unsafe/scala_flexible_type_with_test_script/scaladoc/../out/bootstrap/scaladoc/scala-3.3.1-RC1-bin-SNAPSHOT-nonbootstrapped/scaladoc_3-3.3.1-RC1-bin-SNAPSHOT.pom
[info] :: delivering :: ch.epfl.lamp#sbt-community-build;0.1.0-SNAPSHOT :: 0.1.0-SNAPSHOT :: integration :: Wed Jun 14 04:09:25 EDT 2023
[info] 	delivering ivy file to /Users/y3536zha/Desktop/scala_flexible_unsafe/scala_flexible_type_with_test_script/sbt-community-build/target/scala-2.12/sbt-1.0/ivy-0.1.0-SNAPSHOT.xml
[info] 	published sbt-community-build to /Users/y3536zha/.ivy2/local/ch.epfl.lamp/sbt-community-build/scala_2.12/sbt_1.0/0.1.0-SNAPSHOT/poms/sbt-community-build.pom
[info] 	published sbt-community-build to /Users/y3536zha/.ivy2/local/ch.epfl.lamp/sbt-community-build/scala_2.12/sbt_1.0/0.1.0-SNAPSHOT/jars/sbt-community-build.jar
[info] 	published sbt-community-build to /Users/y3536zha/.ivy2/local/ch.epfl.lamp/sbt-community-build/scala_2.12/sbt_1.0/0.1.0-SNAPSHOT/srcs/sbt-community-build-sources.jar
[info] 	published sbt-community-build to /Users/y3536zha/.ivy2/local/ch.epfl.lamp/sbt-community-build/scala_2.12/sbt_1.0/0.1.0-SNAPSHOT/docs/sbt-community-build-javadoc.jar
[info] 	published ivy to /Users/y3536zha/.ivy2/local/ch.epfl.lamp/sbt-community-build/scala_2.12/sbt_1.0/0.1.0-SNAPSHOT/ivys/ivy.xml
[info] :: delivering :: org.scala-lang#scala3-interfaces;3.3.1-RC1-bin-SNAPSHOT :: 3.3.1-RC1-bin-SNAPSHOT :: integration :: Wed Jun 14 04:09:25 EDT 2023
[info] 	delivering ivy file to /Users/y3536zha/Desktop/scala_flexible_unsafe/scala_flexible_type_with_test_script/interfaces/target/ivy-3.3.1-RC1-bin-SNAPSHOT.xml
[info] 	published scala3-interfaces to /Users/y3536zha/.ivy2/local/org.scala-lang/scala3-interfaces/3.3.1-RC1-bin-SNAPSHOT/poms/scala3-interfaces.pom
[info] 	published scala3-interfaces to /Users/y3536zha/.ivy2/local/org.scala-lang/scala3-interfaces/3.3.1-RC1-bin-SNAPSHOT/jars/scala3-interfaces.jar
[info] 	published scala3-interfaces to /Users/y3536zha/.ivy2/local/org.scala-lang/scala3-interfaces/3.3.1-RC1-bin-SNAPSHOT/srcs/scala3-interfaces-sources.jar
[info] 	published scala3-interfaces to /Users/y3536zha/.ivy2/local/org.scala-lang/scala3-interfaces/3.3.1-RC1-bin-SNAPSHOT/docs/scala3-interfaces-javadoc.jar
[info] 	published ivy to /Users/y3536zha/.ivy2/local/org.scala-lang/scala3-interfaces/3.3.1-RC1-bin-SNAPSHOT/ivys/ivy.xml
[info] :: delivering :: org.scala-lang#scala3-sbt-bridge;3.3.1-RC1-bin-SNAPSHOT :: 3.3.1-RC1-bin-SNAPSHOT :: integration :: Wed Jun 14 04:09:27 EDT 2023
[info] 	delivering ivy file to /Users/y3536zha/Desktop/scala_flexible_unsafe/scala_flexible_type_with_test_script/sbt-bridge/src/target/ivy-3.3.1-RC1-bin-SNAPSHOT.xml
[info] 	published scala3-sbt-bridge to /Users/y3536zha/.ivy2/local/org.scala-lang/scala3-sbt-bridge/3.3.1-RC1-bin-SNAPSHOT/poms/scala3-sbt-bridge.pom
[info] 	published scala3-sbt-bridge to /Users/y3536zha/.ivy2/local/org.scala-lang/scala3-sbt-bridge/3.3.1-RC1-bin-SNAPSHOT/jars/scala3-sbt-bridge.jar
[info] 	published scala3-sbt-bridge to /Users/y3536zha/.ivy2/local/org.scala-lang/scala3-sbt-bridge/3.3.1-RC1-bin-SNAPSHOT/srcs/scala3-sbt-bridge-sources.jar
[info] 	published scala3-sbt-bridge to /Users/y3536zha/.ivy2/local/org.scala-lang/scala3-sbt-bridge/3.3.1-RC1-bin-SNAPSHOT/docs/scala3-sbt-bridge-javadoc.jar
[info] 	published ivy to /Users/y3536zha/.ivy2/local/org.scala-lang/scala3-sbt-bridge/3.3.1-RC1-bin-SNAPSHOT/ivys/ivy.xml
[info] :: delivering :: org.scala-lang#tasty-core_3;3.3.1-RC1-bin-SNAPSHOT :: 3.3.1-RC1-bin-SNAPSHOT :: integration :: Wed Jun 14 04:09:31 EDT 2023
[info] 	delivering ivy file to /Users/y3536zha/Desktop/scala_flexible_unsafe/scala_flexible_type_with_test_script/out/bootstrap/tasty-core-bootstrapped/scala-3.3.1-RC1-bin-SNAPSHOT-nonbootstrapped/ivy-3.3.1-RC1-bin-SNAPSHOT.xml
[info] 	published tasty-core_3 to /Users/y3536zha/.ivy2/local/org.scala-lang/tasty-core_3/3.3.1-RC1-bin-SNAPSHOT/poms/tasty-core_3.pom
[info] 	published tasty-core_3 to /Users/y3536zha/.ivy2/local/org.scala-lang/tasty-core_3/3.3.1-RC1-bin-SNAPSHOT/jars/tasty-core_3.jar
[info] 	published tasty-core_3 to /Users/y3536zha/.ivy2/local/org.scala-lang/tasty-core_3/3.3.1-RC1-bin-SNAPSHOT/srcs/tasty-core_3-sources.jar
[info] 	published tasty-core_3 to /Users/y3536zha/.ivy2/local/org.scala-lang/tasty-core_3/3.3.1-RC1-bin-SNAPSHOT/docs/tasty-core_3-javadoc.jar
[info] 	published ivy to /Users/y3536zha/.ivy2/local/org.scala-lang/tasty-core_3/3.3.1-RC1-bin-SNAPSHOT/ivys/ivy.xml
[info] Main Scala API documentation to /Users/y3536zha/Desktop/scala_flexible_unsafe/scala_flexible_type_with_test_script/library/../out/bootstrap/scala3-library-bootstrapped/scala-3.3.1-RC1-bin-SNAPSHOT-nonbootstrapped/api...
[info] Main Scala API documentation to /Users/y3536zha/Desktop/scala_flexible_unsafe/scala_flexible_type_with_test_script/library-js/../out/bootstrap/scala3-library-bootstrappedJS/scala-3.3.1-RC1-bin-SNAPSHOT-nonbootstrapped/api...
[info] :: delivering :: org.scala-lang#scala3-tasty-inspector_3;3.3.1-RC1-bin-SNAPSHOT :: 3.3.1-RC1-bin-SNAPSHOT :: integration :: Wed Jun 14 04:09:31 EDT 2023
[info] 	delivering ivy file to /Users/y3536zha/Desktop/scala_flexible_unsafe/scala_flexible_type_with_test_script/out/bootstrap/scala3-tasty-inspector/scala-3.3.1-RC1-bin-SNAPSHOT-nonbootstrapped/ivy-3.3.1-RC1-bin-SNAPSHOT.xml
[info] 	published scala3-tasty-inspector_3 to /Users/y3536zha/.ivy2/local/org.scala-lang/scala3-tasty-inspector_3/3.3.1-RC1-bin-SNAPSHOT/poms/scala3-tasty-inspector_3.pom
[info] 	published scala3-tasty-inspector_3 to /Users/y3536zha/.ivy2/local/org.scala-lang/scala3-tasty-inspector_3/3.3.1-RC1-bin-SNAPSHOT/jars/scala3-tasty-inspector_3.jar
[info] 	published scala3-tasty-inspector_3 to /Users/y3536zha/.ivy2/local/org.scala-lang/scala3-tasty-inspector_3/3.3.1-RC1-bin-SNAPSHOT/srcs/scala3-tasty-inspector_3-sources.jar
[info] 	published scala3-tasty-inspector_3 to /Users/y3536zha/.ivy2/local/org.scala-lang/scala3-tasty-inspector_3/3.3.1-RC1-bin-SNAPSHOT/docs/scala3-tasty-inspector_3-javadoc.jar
[info] 	published ivy to /Users/y3536zha/.ivy2/local/org.scala-lang/scala3-tasty-inspector_3/3.3.1-RC1-bin-SNAPSHOT/ivys/ivy.xml
[info] :: delivering :: org.scala-lang#scaladoc_3;3.3.1-RC1-bin-SNAPSHOT :: 3.3.1-RC1-bin-SNAPSHOT :: integration :: Wed Jun 14 04:09:32 EDT 2023
[info] 	delivering ivy file to /Users/y3536zha/Desktop/scala_flexible_unsafe/scala_flexible_type_with_test_script/out/bootstrap/scaladoc/scala-3.3.1-RC1-bin-SNAPSHOT-nonbootstrapped/ivy-3.3.1-RC1-bin-SNAPSHOT.xml
[info] 	published scaladoc_3 to /Users/y3536zha/.ivy2/local/org.scala-lang/scaladoc_3/3.3.1-RC1-bin-SNAPSHOT/poms/scaladoc_3.pom
[info] 	published scaladoc_3 to /Users/y3536zha/.ivy2/local/org.scala-lang/scaladoc_3/3.3.1-RC1-bin-SNAPSHOT/jars/scaladoc_3.jar
[info] 	published scaladoc_3 to /Users/y3536zha/.ivy2/local/org.scala-lang/scaladoc_3/3.3.1-RC1-bin-SNAPSHOT/srcs/scaladoc_3-sources.jar
[info] 	published scaladoc_3 to /Users/y3536zha/.ivy2/local/org.scala-lang/scaladoc_3/3.3.1-RC1-bin-SNAPSHOT/docs/scaladoc_3-javadoc.jar
[info] 	published ivy to /Users/y3536zha/.ivy2/local/org.scala-lang/scaladoc_3/3.3.1-RC1-bin-SNAPSHOT/ivys/ivy.xml
[warn] Setting -skip-by-regex set to .+\.internal($|\..+) redundantly
[warn] bad option '-project-version 3.3.1-RC1-bin-SNAPSHOT' was ignored
[warn] Setting -skip-by-regex set to .+\.impl($|\..+) redundantly
[warn] Setting -skip-by-regex set to .+\.internal($|\..+) redundantly
[warn] Flag -project-logo set repeatedly
[warn] Setting -skip-by-regex set to .+\.impl($|\..+) redundantly
[warn] Setting -social-links set to github::https://github.com/lampepfl/dotty redundantly
[warn] Setting -social-links set to discord::https://discord.com/invite/scala redundantly
[warn] Setting -skip-by-id set to scala.runtime.stdLibPatches redundantly
[warn] Setting -social-links set to twitter::https://twitter.com/scala_lang redundantly
[warn] Setting -skip-by-id set to scala.runtime.MatchCase redundantly
[warn] Setting -skip-by-id set to scala.runtime.stdLibPatches redundantly
[warn] bad option '-project-logo docs/_assets/images/logo.svg' was ignored
[warn] Setting -skip-by-id set to scala.runtime.MatchCase redundantly
[warn] Setting -social-links set to github::https://github.com/lampepfl/dotty redundantly
[warn] Flag -project-footer set repeatedly
[warn] Setting -social-links set to discord::https://discord.com/invite/scala redundantly
[warn] Flag -author set repeatedly
[warn] Setting -social-links set to twitter::https://twitter.com/scala_lang redundantly
[warn] Flag -groups set repeatedly
[warn] bad option '-project-footer "Copyright (c) 2002-2023, LAMP/EPFL"' was ignored
[warn] Flag -default-template set repeatedly
[warn] bad option '-default-template static-site-main' was ignored
[warn] Setting -external-mappings set to .*scala/.*::scaladoc3::https://dotty.epfl.ch/api/ redundantly
[warn] Flag -author set repeatedly
[warn] Setting -external-mappings set to .*java/.*::javadoc::https://docs.oracle.com/javase/8/docs/api/ redundantly
[warn] Flag -groups set repeatedly
[warn] bad option '-project-version 3.3.1-RC1-bin-SNAPSHOT' was ignored
[warn] Setting -skip-by-regex set to .+\.internal($|\..+) redundantly
[warn] Setting -skip-by-regex set to .+\.impl($|\..+) redundantly
[warn] Setting -skip-by-id set to scala.runtime.stdLibPatches redundantly
[warn] Setting -skip-by-id set to scala.runtime.MatchCase redundantly
[warn] bad option '-project-logo docs/_assets/images/logo.svg' was ignored
[warn] Setting -social-links set to github::https://github.com/lampepfl/dotty redundantly
[warn] Setting -social-links set to discord::https://discord.com/invite/scala redundantly
[warn] Setting -social-links set to twitter::https://twitter.com/scala_lang redundantly
[warn] bad option '-project-footer "Copyright (c) 2002-2023, LAMP/EPFL"' was ignored
[warn] bad option '-default-template static-site-main' was ignored
[warn] Flag -author set repeatedly
[warn] Flag -groups set repeatedly
[info] Skipping unused scalacOptions: -Werror, -Yno-experimental, -Yexplicit-nulls
[info] Skipping unused scalacOptions: -Werror, -Yno-experimental, -Yexplicit-nulls
[info] :: delivering :: org.scala-lang#scala3-compiler_3;3.3.1-RC1-bin-SNAPSHOT :: 3.3.1-RC1-bin-SNAPSHOT :: integration :: Wed Jun 14 04:09:33 EDT 2023
[info] 	delivering ivy file to /Users/y3536zha/Desktop/scala_flexible_unsafe/scala_flexible_type_with_test_script/out/bootstrap/scala3-compiler-bootstrapped/scala-3.3.1-RC1-bin-SNAPSHOT-nonbootstrapped/ivy-3.3.1-RC1-bin-SNAPSHOT.xml
[info] 	published scala3-compiler_3 to /Users/y3536zha/.ivy2/local/org.scala-lang/scala3-compiler_3/3.3.1-RC1-bin-SNAPSHOT/poms/scala3-compiler_3.pom
[info] 	published scala3-compiler_3 to /Users/y3536zha/.ivy2/local/org.scala-lang/scala3-compiler_3/3.3.1-RC1-bin-SNAPSHOT/jars/scala3-compiler_3.jar
[info] 	published scala3-compiler_3 to /Users/y3536zha/.ivy2/local/org.scala-lang/scala3-compiler_3/3.3.1-RC1-bin-SNAPSHOT/srcs/scala3-compiler_3-sources.jar
[info] 	published scala3-compiler_3 to /Users/y3536zha/.ivy2/local/org.scala-lang/scala3-compiler_3/3.3.1-RC1-bin-SNAPSHOT/docs/scala3-compiler_3-javadoc.jar
[info] 	published ivy to /Users/y3536zha/.ivy2/local/org.scala-lang/scala3-compiler_3/3.3.1-RC1-bin-SNAPSHOT/ivys/ivy.xml
[warn] -- Warning: library/src/scala/util/FromDigits.scala:21:6 -----------------------
[warn] -- Warning: library/src/scala/util/FromDigits.scala:21:6 -----------------------
[warn] 21 |  def fromDigits(digits: String): T
[warn] 21 |  def fromDigits(digits: String): T
[warn]    |      ^
[warn]    |      ^
[warn]    |      No DRI found for query: MalformedNumber
[warn]    |      No DRI found for query: MalformedNumber
[error] -- [E069] Naming Error: /Users/y3536zha/Desktop/scala_flexible_unsafe/scala_flexible_type_with_test_script/library/src/scala/IArray.scala:13:7 
[error] -- [E069] Naming Error: /Users/y3536zha/Desktop/scala_flexible_unsafe/scala_flexible_type_with_test_script/library/src/scala/IArray.scala:13:7 
[error] 13 |object IArray:
[error] 13 |object IArray:
[error]    |       ^
[error]    |       ^
[error]    |object IArray cannot have the same name as object IArray in package scala -- cannot define object member with the same name as a object member in self reference _.
[error]    |object IArray cannot have the same name as object IArray in package scala -- cannot define object member with the same name as a object member in self reference _.
[error]    |(Note: this can be resolved by using another name)
[error]    |(Note: this can be resolved by using another name)
[warn] 14 warnings found
[error] one error found
[warn] 28 warnings found
[error] one error found
[info] :: delivering :: org.scala-lang#scala3-library_3;3.3.1-RC1-bin-SNAPSHOT :: 3.3.1-RC1-bin-SNAPSHOT :: integration :: Wed Jun 14 04:09:52 EDT 2023
[info] 	delivering ivy file to /Users/y3536zha/Desktop/scala_flexible_unsafe/scala_flexible_type_with_test_script/out/bootstrap/scala3-library-bootstrapped/scala-3.3.1-RC1-bin-SNAPSHOT-nonbootstrapped/ivy-3.3.1-RC1-bin-SNAPSHOT.xml
[info] 	published scala3-library_3 to /Users/y3536zha/.ivy2/local/org.scala-lang/scala3-library_3/3.3.1-RC1-bin-SNAPSHOT/poms/scala3-library_3.pom
[info] 	published scala3-library_3 to /Users/y3536zha/.ivy2/local/org.scala-lang/scala3-library_3/3.3.1-RC1-bin-SNAPSHOT/jars/scala3-library_3.jar
[info] 	published scala3-library_3 to /Users/y3536zha/.ivy2/local/org.scala-lang/scala3-library_3/3.3.1-RC1-bin-SNAPSHOT/srcs/scala3-library_3-sources.jar
[info] 	published scala3-library_3 to /Users/y3536zha/.ivy2/local/org.scala-lang/scala3-library_3/3.3.1-RC1-bin-SNAPSHOT/docs/scala3-library_3-javadoc.jar
[info] 	published ivy to /Users/y3536zha/.ivy2/local/org.scala-lang/scala3-library_3/3.3.1-RC1-bin-SNAPSHOT/ivys/ivy.xml
[info] :: delivering :: org.scala-lang#scala3-library_sjs1_3;3.3.1-RC1-bin-SNAPSHOT :: 3.3.1-RC1-bin-SNAPSHOT :: integration :: Wed Jun 14 04:09:52 EDT 2023
[info] 	delivering ivy file to /Users/y3536zha/Desktop/scala_flexible_unsafe/scala_flexible_type_with_test_script/out/bootstrap/scala3-library-bootstrappedJS/scala-3.3.1-RC1-bin-SNAPSHOT-nonbootstrapped/ivy-3.3.1-RC1-bin-SNAPSHOT.xml
[info] 	published scala3-library_sjs1_3 to /Users/y3536zha/.ivy2/local/org.scala-lang/scala3-library_sjs1_3/3.3.1-RC1-bin-SNAPSHOT/poms/scala3-library_sjs1_3.pom
[info] 	published scala3-library_sjs1_3 to /Users/y3536zha/.ivy2/local/org.scala-lang/scala3-library_sjs1_3/3.3.1-RC1-bin-SNAPSHOT/jars/scala3-library_sjs1_3.jar
[info] 	published scala3-library_sjs1_3 to /Users/y3536zha/.ivy2/local/org.scala-lang/scala3-library_sjs1_3/3.3.1-RC1-bin-SNAPSHOT/srcs/scala3-library_sjs1_3-sources.jar
[info] 	published scala3-library_sjs1_3 to /Users/y3536zha/.ivy2/local/org.scala-lang/scala3-library_sjs1_3/3.3.1-RC1-bin-SNAPSHOT/docs/scala3-library_sjs1_3-javadoc.jar
[info] 	published ivy to /Users/y3536zha/.ivy2/local/org.scala-lang/scala3-library_sjs1_3/3.3.1-RC1-bin-SNAPSHOT/ivys/ivy.xml
[info] Test run dotty.communitybuild.CommunityBuildTestA started
[info] Test run dotty.communitybuild.CommunityBuildTestA finished: 0 failed, 0 ignored, 0 total, 0.0s
[info] Test run dotty.communitybuild.CommunityBuildTestC started
[info] Test dotty.communitybuild.CommunityBuildTestC.scalaCollectionCompat started
[32m[STARTING scala-collection-compat][0m
[32m[DEPENDENCIES DONE, NOW ACTUALLY RUNNING scala-collection-compat][0m
[32mBuilding scala-collection-compat with dotty-bootstrapped 3.3.1-RC1-bin-SNAPSHOT...[0m
[32msbt -sbt-version 1.8.0 -Dsbt.supershell=false -Ddotty.communitybuild.dir=/Users/y3536zha/Desktop/scala_flexible_unsafe/scala_flexible_type_with_test_script/community-build --addPluginSbtFile=/Users/y3536zha/Desktop/scala_flexible_unsafe/scala_flexible_type_with_test_script/community-build/sbt-injected-plugins set Global/testOptions += Tests.Argument(TestFramework("munit.Framework"), "+l"); clean; set Global/logLevel := Level.Error; set Global/updateOptions ~= (_.withLatestSnapshots(false)); set Global/scalacOptions ++= List("-Xcheck-macros","-Ysafe-init","-Yexplicit-nulls","-language:unsafeNulls","-Yflexible-types");++3.3.1-RC1-bin-SNAPSHOT!; compat30/test[0m
[info] welcome to sbt 1.8.0 (Oracle Corporation Java 9.0.4)
[info] loading global plugins from /Users/y3536zha/.sbt/1.0/plugins
[info] loading settings for project scala-collection-compat-build from plugins.sbt,sbt-injected-plugins ...
[info] loading project definition from /Users/y3536zha/Desktop/scala_flexible_unsafe/scala_flexible_type_with_test_script/community-build/community-projects/scala-collection-compat/project
[info] compiling 2 Scala sources to /Users/y3536zha/Desktop/scala_flexible_unsafe/scala_flexible_type_with_test_script/community-build/community-projects/scala-collection-compat/project/target/scala-2.12/sbt-1.0/classes ...
[info] done compiling
[info] loading settings for project root from build.sbt ...
[info] resolving key references (24576 settings) ...
SLF4J: No SLF4J providers were found.
SLF4J: Defaulting to no-operation (NOP) logger implementation
SLF4J: See https://www.slf4j.org/codes.html#noProviders for further details.
SLF4J: Class path contains SLF4J bindings targeting slf4j-api versions 1.7.x or earlier.
SLF4J: Ignoring binding found at [jar:file:/Users/y3536zha/.sbt/boot/scala-2.12.17/org.scala-sbt/sbt/1.8.0/log4j-slf4j-impl-2.17.1.jar!/org/slf4j/impl/StaticLoggerBinder.class]
SLF4J: See https://www.slf4j.org/codes.html#ignoredBindings for an explanation.
[info] set current project to scala-collection-compat (in build file:/Users/y3536zha/Desktop/scala_flexible_unsafe/scala_flexible_type_with_test_script/community-build/community-projects/scala-collection-compat/)
[info] Defining Global / testOptions
[info] The new value will be used by Test / test / testOptions, Test / testOnly / testOptions and 72 others.
[info] 	Run `last` for details.
[info] Reapplying settings...
[info] set current project to scala-collection-compat (in build file:/Users/y3536zha/Desktop/scala_flexible_unsafe/scala_flexible_type_with_test_script/community-build/community-projects/scala-collection-compat/)
[success] Total time: 0 s, completed Jun 14, 2023, 4:10:21 AM
[info] Defining Global / logLevel
[info] The new value will be used by Test / test / testListeners, Test / testOnly / testListeners and 197 others.
[info] 	Run `last` for details.
[info] Reapplying settings...
[info] set current project to scala-collection-compat (in build file:/Users/y3536zha/Desktop/scala_flexible_unsafe/scala_flexible_type_with_test_script/community-build/community-projects/scala-collection-compat/)
[info] Defining Global / updateOptions
[info] The new value will be used by binaryCompat / dependencyTreeIgnoreMissingUpdate / updateOptions, binaryCompat / ivyConfiguration and 72 others.
[info] 	Run `last` for details.
[info] Reapplying settings...
[info] set current project to scala-collection-compat (in build file:/Users/y3536zha/Desktop/scala_flexible_unsafe/scala_flexible_type_with_test_script/community-build/community-projects/scala-collection-compat/)
[info] Defining Global / scalacOptions
[info] The new value will be used by Compile / scalacOptions, binaryCompat / Compile / scalacOptions and 23 others.
[info] 	Run `last` for details.
[info] Reapplying settings...
[info] set current project to scala-collection-compat (in build file:/Users/y3536zha/Desktop/scala_flexible_unsafe/scala_flexible_type_with_test_script/community-build/community-projects/scala-collection-compat/)
[info] Forcing Scala version to 3.3.1-RC1-bin-SNAPSHOT on all projects.
[info] Reapplying settings...
[info] Loading dependency tracking file /Users/y3536zha/Desktop/scala_flexible_unsafe/scala_flexible_type_with_test_script/community-build/dotty-community-build-deps
[info] Dependency tracking file /Users/y3536zha/Desktop/scala_flexible_unsafe/scala_flexible_type_with_test_script/community-build/dotty-community-build-deps does not exist
[info] set current project to scala-collection-compat (in build file:/Users/y3536zha/Desktop/scala_flexible_unsafe/scala_flexible_type_with_test_script/community-build/community-projects/scala-collection-compat/)
Exception while compiling /Users/y3536zha/Desktop/scala_flexible_unsafe/scala_flexible_type_with_test_script/community-build/community-projects/scala-collection-compat/compat/src/test/scala-jvm/test/scala/collection/LazyListGCTest.scala, /Users/y3536zha/Desktop/scala_flexible_unsafe/scala_flexible_type_with_test_script/community-build/community-projects/scala-collection-compat/compat/src/test/scala/scala/jdk/CollectionConvertersTest.scala, /Users/y3536zha/Desktop/scala_flexible_unsafe/scala_flexible_type_with_test_script/community-build/community-projects/scala-collection-compat/compat/src/test/scala/scala/util/ChainingOpsTest.scala, /Users/y3536zha/Desktop/scala_flexible_unsafe/scala_flexible_type_with_test_script/community-build/community-projects/scala-collection-compat/compat/src/test/scala/scala/util/UsingTest.scala, /Users/y3536zha/Desktop/scala_flexible_unsafe/scala_flexible_type_with_test_script/community-build/community-projects/scala-collection-compat/compat/src/test/scala/scala/util/control/compat/ControlThrowableTest.scala, /Users/y3536zha/Desktop/scala_flexible_unsafe/scala_flexible_type_with_test_script/community-build/community-projects/scala-collection-compat/compat/src/test/scala/test/scala/collection/ArraySeqTest.scala, /Users/y3536zha/Desktop/scala_flexible_unsafe/scala_flexible_type_with_test_script/community-build/community-projects/scala-collection-compat/compat/src/test/scala/test/scala/collection/BuildFromTest.scala, /Users/y3536zha/Desktop/scala_flexible_unsafe/scala_flexible_type_with_test_script/community-build/community-projects/scala-collection-compat/compat/src/test/scala/test/scala/collection/CollectionTest.scala, /Users/y3536zha/Desktop/scala_flexible_unsafe/scala_flexible_type_with_test_script/community-build/community-projects/scala-collection-compat/compat/src/test/scala/test/scala/collection/FactoryTest.scala, /Users/y3536zha/Desktop/scala_flexible_unsafe/scala_flexible_type_with_test_script/community-build/community-projects/scala-collection-compat/compat/src/test/scala/test/scala/collection/LazyListLazinessTest.scala, /Users/y3536zha/Desktop/scala_flexible_unsafe/scala_flexible_type_with_test_script/community-build/community-projects/scala-collection-compat/compat/src/test/scala/test/scala/collection/LazyListTest.scala, /Users/y3536zha/Desktop/scala_flexible_unsafe/scala_flexible_type_with_test_script/community-build/community-projects/scala-collection-compat/compat/src/test/scala/test/scala/collection/LazyZipTest.scala, /Users/y3536zha/Desktop/scala_flexible_unsafe/scala_flexible_type_with_test_script/community-build/community-projects/scala-collection-compat/compat/src/test/scala/test/scala/collection/MapTest.scala, /Users/y3536zha/Desktop/scala_flexible_unsafe/scala_flexible_type_with_test_script/community-build/community-projects/scala-collection-compat/compat/src/test/scala/test/scala/collection/MinMaxOptionTest.scala, /Users/y3536zha/Desktop/scala_flexible_unsafe/scala_flexible_type_with_test_script/community-build/community-projects/scala-collection-compat/compat/src/test/scala/test/scala/collection/NoImportTest.scala, /Users/y3536zha/Desktop/scala_flexible_unsafe/scala_flexible_type_with_test_script/community-build/community-projects/scala-collection-compat/compat/src/test/scala/test/scala/collection/QueueTest.scala, /Users/y3536zha/Desktop/scala_flexible_unsafe/scala_flexible_type_with_test_script/community-build/community-projects/scala-collection-compat/compat/src/test/scala/test/scala/collection/SortedTest.scala, /Users/y3536zha/Desktop/scala_flexible_unsafe/scala_flexible_type_with_test_script/community-build/community-projects/scala-collection-compat/compat/src/test/scala/test/scala/collection/StreamTest.scala, /Users/y3536zha/Desktop/scala_flexible_unsafe/scala_flexible_type_with_test_script/community-build/community-projects/scala-collection-compat/compat/src/test/scala/test/scala/collection/ViewTest.scala
[error] ## Exception when compiling 19 sources to /Users/y3536zha/Desktop/scala_flexible_unsafe/scala_flexible_type_with_test_script/community-build/community-projects/scala-collection-compat/.cross/compat30/jvm/target/scala-3.3.1-RC1-bin-SNAPSHOT/test-classes
[error] java.lang.NoClassDefFoundError: scala/util/FromDigits$
[error] dotty.tools.dotc.parsing.Parsers$Parser.literalOf$1(Parsers.scala:1223)
[error] dotty.tools.dotc.parsing.Parsers$Parser.literal(Parsers.scala:1283)
[error] dotty.tools.dotc.parsing.Parsers$Parser.simpleExpr(Parsers.scala:2511)
[error] dotty.tools.dotc.parsing.Parsers$Parser.$init$$$anonfun$9(Parsers.scala:2446)
[error] dotty.tools.dotc.parsing.Parsers$Parser.postfixExpr(Parsers.scala:2423)
[error] dotty.tools.dotc.parsing.Parsers$Parser.expr1(Parsers.scala:2264)
[error] dotty.tools.dotc.parsing.Parsers$Parser.expr(Parsers.scala:2154)
[error] dotty.tools.dotc.parsing.Parsers$Parser.$init$$$anonfun$10(Parsers.scala:2616)
[error] dotty.tools.dotc.parsing.Parsers$Parser.commaSeparated(Parsers.scala:578)
[error] dotty.tools.dotc.parsing.Parsers$Parser.parArgumentExprs$$anonfun$1(Parsers.scala:2602)
[error] dotty.tools.dotc.parsing.Parsers$Parser.enclosed(Parsers.scala:556)
[error] dotty.tools.dotc.parsing.Parsers$Parser.inParens(Parsers.scala:558)
[error] dotty.tools.dotc.parsing.Parsers$Parser.parArgumentExprs(Parsers.scala:2603)
[error] dotty.tools.dotc.parsing.Parsers$Parser.argumentExprs(Parsers.scala:2609)
[error] dotty.tools.dotc.parsing.Parsers$Parser.simpleExprRest(Parsers.scala:2534)
[error] dotty.tools.dotc.parsing.Parsers$Parser.simpleExpr(Parsers.scala:2521)
[error] dotty.tools.dotc.parsing.Parsers$Parser.$init$$$anonfun$9(Parsers.scala:2446)
[error] dotty.tools.dotc.parsing.Parsers$Parser.postfixExpr(Parsers.scala:2423)
[error] dotty.tools.dotc.parsing.Parsers$Parser.expr1(Parsers.scala:2264)
[error] dotty.tools.dotc.parsing.Parsers$Parser.expr(Parsers.scala:2154)
[error] dotty.tools.dotc.parsing.Parsers$Parser.$init$$$anonfun$8(Parsers.scala:2122)
[error] dotty.tools.dotc.parsing.Parsers$Parser.subPart(Parsers.scala:629)
[error] dotty.tools.dotc.parsing.Parsers$Parser.subExpr(Parsers.scala:2124)
[error] dotty.tools.dotc.parsing.Parsers$Parser.patDefOrDcl(Parsers.scala:3586)
[error] dotty.tools.dotc.parsing.Parsers$Parser.defOrDcl(Parsers.scala:3550)
[error] dotty.tools.dotc.parsing.Parsers$Parser.localDef(Parsers.scala:4288)
[error] dotty.tools.dotc.parsing.Parsers$Parser.blockStatSeq$$anonfun$1(Parsers.scala:4312)
[error] dotty.tools.dotc.parsing.Parsers$Parser.checkNoEscapingPlaceholders(Parsers.scala:500)
[error] dotty.tools.dotc.parsing.Parsers$Parser.blockStatSeq(Parsers.scala:4318)
[error] dotty.tools.dotc.printing.SyntaxHighlighting$.highlight(SyntaxHighlighting.scala:128)
[error] dotty.tools.dotc.reporting.MessageRendering.sourceLines(MessageRendering.scala:66)
[error] dotty.tools.dotc.reporting.MessageRendering.messageAndPos(MessageRendering.scala:245)
[error] dotty.tools.dotc.reporting.MessageRendering.messageAndPos$(MessageRendering.scala:20)
[error] dotty.tools.dotc.reporting.AbstractReporter.messageAndPos(AbstractReporter.scala:8)
[error] dotty.tools.xsbt.DelegatingReporter.doReport(DelegatingReporter.java:40)
[error] dotty.tools.dotc.reporting.Reporter.issueUnconfigured(Reporter.scala:158)
[error] dotty.tools.dotc.reporting.Reporter.go$1(Reporter.scala:181)
[error] dotty.tools.dotc.reporting.Reporter.issueIfNotSuppressed(Reporter.scala:200)
[error] dotty.tools.dotc.reporting.Reporter.report(Reporter.scala:203)
[error] dotty.tools.dotc.report$.error(report.scala:68)
[error] dotty.tools.dotc.parsing.Parsers$ParserCommon.syntaxError(Parsers.scala:150)
[error] dotty.tools.dotc.parsing.Parsers$ParserCommon.syntaxError(Parsers.scala:143)
[error] dotty.tools.dotc.parsing.Parsers$Parser.syntaxErrorOrIncomplete(Parsers.scala:281)
[error] dotty.tools.dotc.parsing.Parsers$Parser.accept(Parsers.scala:299)
[error] dotty.tools.dotc.parsing.Parsers$Parser.enclosed(Parsers.scala:556)
[error] dotty.tools.dotc.parsing.Parsers$Parser.inParens(Parsers.scala:558)
[error] dotty.tools.dotc.parsing.Parsers$Parser.parArgumentExprs(Parsers.scala:2603)
[error] dotty.tools.dotc.parsing.Parsers$Parser.argumentExprs(Parsers.scala:2609)
[error] dotty.tools.dotc.parsing.Parsers$Parser.simpleExprRest(Parsers.scala:2534)
[error] dotty.tools.dotc.parsing.Parsers$Parser.simpleExpr(Parsers.scala:2521)
[error] dotty.tools.dotc.parsing.Parsers$Parser.$init$$$anonfun$9(Parsers.scala:2446)
[error] dotty.tools.dotc.parsing.Parsers$Parser.postfixExpr(Parsers.scala:2423)
[error] dotty.tools.dotc.parsing.Parsers$Parser.expr1(Parsers.scala:2264)
[error] dotty.tools.dotc.parsing.Parsers$Parser.expr(Parsers.scala:2154)
[error] dotty.tools.dotc.parsing.Parsers$Parser.$init$$$anonfun$8(Parsers.scala:2122)
[error] dotty.tools.dotc.parsing.Parsers$Parser.subPart(Parsers.scala:629)
[error] dotty.tools.dotc.parsing.Parsers$Parser.subExpr(Parsers.scala:2124)
[error] dotty.tools.dotc.parsing.Parsers$Parser.patDefOrDcl(Parsers.scala:3586)
[error] dotty.tools.dotc.parsing.Parsers$Parser.defOrDcl(Parsers.scala:3550)
[error] dotty.tools.dotc.parsing.Parsers$Parser.localDef(Parsers.scala:4288)
[error] dotty.tools.dotc.parsing.Parsers$Parser.blockStatSeq$$anonfun$1(Parsers.scala:4312)
[error] dotty.tools.dotc.parsing.Parsers$Parser.checkNoEscapingPlaceholders(Parsers.scala:500)
[error] dotty.tools.dotc.parsing.Parsers$Parser.blockStatSeq(Parsers.scala:4318)
[error] dotty.tools.dotc.parsing.Parsers$Parser.block(Parsers.scala:2669)
[error] dotty.tools.dotc.parsing.Parsers$Parser.blockExpr$$anonfun$1(Parsers.scala:2661)
[error] dotty.tools.dotc.parsing.Parsers$Parser.enclosed(Parsers.scala:556)
[error] dotty.tools.dotc.parsing.Parsers$Parser.inBraces(Parsers.scala:559)
[error] dotty.tools.dotc.parsing.Parsers$Parser.inBracesOrIndented(Parsers.scala:570)
[error] dotty.tools.dotc.parsing.Parsers$Parser.inDefScopeBraces(Parsers.scala:573)
[error] dotty.tools.dotc.parsing.Parsers$Parser.blockExpr(Parsers.scala:2659)
[error] dotty.tools.dotc.parsing.Parsers$Parser.simpleExpr(Parsers.scala:2493)
[error] dotty.tools.dotc.parsing.Parsers$Parser.$init$$$anonfun$9(Parsers.scala:2446)
[error] dotty.tools.dotc.parsing.Parsers$Parser.postfixExpr(Parsers.scala:2423)
[error] dotty.tools.dotc.parsing.Parsers$Parser.expr1(Parsers.scala:2264)
[error] dotty.tools.dotc.parsing.Parsers$Parser.expr(Parsers.scala:2154)
[error] dotty.tools.dotc.parsing.Parsers$Parser.$init$$$anonfun$8(Parsers.scala:2122)
[error] dotty.tools.dotc.parsing.Parsers$Parser.subPart(Parsers.scala:629)
[error] dotty.tools.dotc.parsing.Parsers$Parser.subExpr(Parsers.scala:2124)
[error] dotty.tools.dotc.parsing.Parsers$Parser.defDefOrDcl(Parsers.scala:3680)
[error] dotty.tools.dotc.parsing.Parsers$Parser.defOrDcl(Parsers.scala:3556)
[error] dotty.tools.dotc.parsing.Parsers$Parser.templateStatSeq$$anonfun$1(Parsers.scala:4230)
[error] dotty.tools.dotc.parsing.Parsers$Parser.checkNoEscapingPlaceholders(Parsers.scala:500)
[error] dotty.tools.dotc.parsing.Parsers$Parser.templateStatSeq(Parsers.scala:4238)
[error] dotty.tools.dotc.parsing.Parsers$Parser.$anonfun$38(Parsers.scala:4109)
[error] dotty.tools.dotc.parsing.Parsers$Parser.enclosed(Parsers.scala:556)
[error] dotty.tools.dotc.parsing.Parsers$Parser.inBraces(Parsers.scala:559)
[error] dotty.tools.dotc.parsing.Parsers$Parser.inBracesOrIndented(Parsers.scala:570)
[error] dotty.tools.dotc.parsing.Parsers$Parser.inDefScopeBraces(Parsers.scala:573)
[error] dotty.tools.dotc.parsing.Parsers$Parser.templateBody(Parsers.scala:4109)
[error] dotty.tools.dotc.parsing.Parsers$Parser.templateBodyOpt(Parsers.scala:4102)
[error] dotty.tools.dotc.parsing.Parsers$Parser.template(Parsers.scala:4079)
[error] dotty.tools.dotc.parsing.Parsers$Parser.templateOpt(Parsers.scala:4091)
[error] dotty.tools.dotc.parsing.Parsers$Parser.classDefRest(Parsers.scala:3810)
[error] dotty.tools.dotc.parsing.Parsers$Parser.classDef(Parsers.scala:3805)
[error] dotty.tools.dotc.parsing.Parsers$Parser.tmplDef(Parsers.scala:3781)
[error] dotty.tools.dotc.parsing.Parsers$Parser.defOrDcl(Parsers.scala:3562)
[error] dotty.tools.dotc.parsing.Parsers$Parser.topStatSeq(Parsers.scala:4166)
[error] dotty.tools.dotc.parsing.Parsers$Parser.topstats$1(Parsers.scala:4354)
[error] dotty.tools.dotc.parsing.Parsers$Parser.topstats$1(Parsers.scala:4348)
[error] dotty.tools.dotc.parsing.Parsers$Parser.compilationUnit$$anonfun$1(Parsers.scala:4359)
[error] dotty.tools.dotc.parsing.Parsers$Parser.checkNoEscapingPlaceholders(Parsers.scala:500)
[error] dotty.tools.dotc.parsing.Parsers$Parser.compilationUnit(Parsers.scala:4364)
[error] dotty.tools.dotc.parsing.Parsers$Parser.parse(Parsers.scala:181)
[error] dotty.tools.dotc.parsing.Parser.parse$$anonfun$1(ParserPhase.scala:32)
[error] dotty.tools.dotc.parsing.Parser.parse$$anonfun$adapted$1(ParserPhase.scala:39)
[error] scala.Function0.apply$mcV$sp(Function0.scala:42)
[error] dotty.tools.dotc.core.Phases$Phase.monitor(Phases.scala:437)
[error] dotty.tools.dotc.parsing.Parser.parse(ParserPhase.scala:39)
[error] dotty.tools.dotc.parsing.Parser.runOn$$anonfun$1(ParserPhase.scala:48)
[error] scala.runtime.function.JProcedure1.apply(JProcedure1.java:15)
[error] scala.runtime.function.JProcedure1.apply(JProcedure1.java:10)
[error] scala.collection.immutable.List.foreach(List.scala:333)
[error] dotty.tools.dotc.parsing.Parser.runOn(ParserPhase.scala:48)
[error] dotty.tools.dotc.Run.runPhases$1$$anonfun$1(Run.scala:246)
[error] scala.runtime.function.JProcedure1.apply(JProcedure1.java:15)
[error] scala.runtime.function.JProcedure1.apply(JProcedure1.java:10)
[error] scala.collection.ArrayOps$.foreach$extension(ArrayOps.scala:1321)
[error] dotty.tools.dotc.Run.runPhases$1(Run.scala:262)
[error] dotty.tools.dotc.Run.compileUnits$$anonfun$1(Run.scala:270)
[error] dotty.tools.dotc.Run.compileUnits$$anonfun$adapted$1(Run.scala:279)
[error] dotty.tools.dotc.util.Stats$.maybeMonitored(Stats.scala:67)
[error] dotty.tools.dotc.Run.compileUnits(Run.scala:279)
[error] dotty.tools.dotc.Run.compileSources(Run.scala:194)
[error] dotty.tools.dotc.Run.compile(Run.scala:179)
[error] dotty.tools.dotc.Driver.doCompile(Driver.scala:37)
[error] dotty.tools.xsbt.CompilerBridgeDriver.run(CompilerBridgeDriver.java:88)
[error] dotty.tools.xsbt.CompilerBridge.run(CompilerBridge.java:22)
[error] sbt.internal.inc.AnalyzingCompiler.compile(AnalyzingCompiler.scala:91)
[error] sbt.internal.inc.MixedAnalyzingCompiler.$anonfun$compile$7(MixedAnalyzingCompiler.scala:193)
[error] scala.runtime.java8.JFunction0$mcV$sp.apply(JFunction0$mcV$sp.java:23)
[error] sbt.internal.inc.MixedAnalyzingCompiler.timed(MixedAnalyzingCompiler.scala:248)
[error] sbt.internal.inc.MixedAnalyzingCompiler.$anonfun$compile$4(MixedAnalyzingCompiler.scala:183)
[error] sbt.internal.inc.MixedAnalyzingCompiler.$anonfun$compile$4$adapted(MixedAnalyzingCompiler.scala:163)
[error] sbt.internal.inc.JarUtils$.withPreviousJar(JarUtils.scala:239)
[error] sbt.internal.inc.MixedAnalyzingCompiler.compileScala$1(MixedAnalyzingCompiler.scala:163)
[error] sbt.internal.inc.MixedAnalyzingCompiler.compile(MixedAnalyzingCompiler.scala:211)
[error] sbt.internal.inc.IncrementalCompilerImpl.$anonfun$compileInternal$1(IncrementalCompilerImpl.scala:534)
[error] sbt.internal.inc.IncrementalCompilerImpl.$anonfun$compileInternal$1$adapted(IncrementalCompilerImpl.scala:534)
[error] sbt.internal.inc.Incremental$.$anonfun$apply$5(Incremental.scala:179)
[error] sbt.internal.inc.Incremental$.$anonfun$apply$5$adapted(Incremental.scala:177)
[error] sbt.internal.inc.Incremental$$anon$2.run(Incremental.scala:463)
[error] sbt.internal.inc.IncrementalCommon$CycleState.next(IncrementalCommon.scala:116)
[error] sbt.internal.inc.IncrementalCommon$$anon$1.next(IncrementalCommon.scala:56)
[error] sbt.internal.inc.IncrementalCommon$$anon$1.next(IncrementalCommon.scala:52)
[error] sbt.internal.inc.IncrementalCommon.cycle(IncrementalCommon.scala:263)
[error] sbt.internal.inc.Incremental$.$anonfun$incrementalCompile$8(Incremental.scala:418)
[error] sbt.internal.inc.Incremental$.withClassfileManager(Incremental.scala:506)
[error] sbt.internal.inc.Incremental$.incrementalCompile(Incremental.scala:405)
[error] sbt.internal.inc.Incremental$.apply(Incremental.scala:171)
[error] sbt.internal.inc.IncrementalCompilerImpl.compileInternal(IncrementalCompilerImpl.scala:534)
[error] sbt.internal.inc.IncrementalCompilerImpl.$anonfun$compileIncrementally$1(IncrementalCompilerImpl.scala:488)
[error] sbt.internal.inc.IncrementalCompilerImpl.handleCompilationError(IncrementalCompilerImpl.scala:332)
[error] sbt.internal.inc.IncrementalCompilerImpl.compileIncrementally(IncrementalCompilerImpl.scala:425)
[error] sbt.internal.inc.IncrementalCompilerImpl.compile(IncrementalCompilerImpl.scala:137)
[error] sbt.Defaults$.compileIncrementalTaskImpl(Defaults.scala:2363)
[error] sbt.Defaults$.$anonfun$compileIncrementalTask$2(Defaults.scala:2313)
[error] sbt.internal.server.BspCompileTask$.$anonfun$compute$1(BspCompileTask.scala:30)
[error] sbt.internal.io.Retry$.apply(Retry.scala:46)
[error] sbt.internal.io.Retry$.apply(Retry.scala:28)
[error] sbt.internal.io.Retry$.apply(Retry.scala:23)
[error] sbt.internal.server.BspCompileTask$.compute(BspCompileTask.scala:30)
[error] sbt.Defaults$.$anonfun$compileIncrementalTask$1(Defaults.scala:2311)
[error] scala.Function1.$anonfun$compose$1(Function1.scala:49)
[error] sbt.internal.util.$tilde$greater.$anonfun$$u2219$1(TypeFunctions.scala:62)
[error] sbt.std.Transform$$anon$4.work(Transform.scala:68)
[error] sbt.Execute.$anonfun$submit$2(Execute.scala:282)
[error] sbt.internal.util.ErrorHandling$.wideConvert(ErrorHandling.scala:23)
[error] sbt.Execute.work(Execute.scala:291)
[error] sbt.Execute.$anonfun$submit$1(Execute.scala:282)
[error] sbt.ConcurrentRestrictions$$anon$4.$anonfun$submitValid$1(ConcurrentRestrictions.scala:265)
[error] sbt.CompletionService$$anon$2.call(CompletionService.scala:64)
[error] java.base/java.util.concurrent.FutureTask.run(Unknown Source)
[error] java.base/java.util.concurrent.Executors$RunnableAdapter.call(Unknown Source)
[error] java.base/java.util.concurrent.FutureTask.run(Unknown Source)
[error] java.base/java.util.concurrent.ThreadPoolExecutor.runWorker(Unknown Source)
[error] java.base/java.util.concurrent.ThreadPoolExecutor$Worker.run(Unknown Source)
[error] java.base/java.lang.Thread.run(Unknown Source)
[error]            
[error] java.lang.NoClassDefFoundError: scala/util/FromDigits$
[error] 	at dotty.tools.dotc.parsing.Parsers$Parser.literalOf$1(Parsers.scala:1223)
[error] 	at dotty.tools.dotc.parsing.Parsers$Parser.literal(Parsers.scala:1283)
[error] 	at dotty.tools.dotc.parsing.Parsers$Parser.simpleExpr(Parsers.scala:2511)
[error] 	at dotty.tools.dotc.parsing.Parsers$Parser.$init$$$anonfun$9(Parsers.scala:2446)
[error] 	at dotty.tools.dotc.parsing.Parsers$Parser.postfixExpr(Parsers.scala:2423)
[error] 	at dotty.tools.dotc.parsing.Parsers$Parser.expr1(Parsers.scala:2264)
[error] 	at dotty.tools.dotc.parsing.Parsers$Parser.expr(Parsers.scala:2154)
[error] 	at dotty.tools.dotc.parsing.Parsers$Parser.$init$$$anonfun$10(Parsers.scala:2616)
[error] 	at dotty.tools.dotc.parsing.Parsers$Parser.commaSeparated(Parsers.scala:578)
[error] 	at dotty.tools.dotc.parsing.Parsers$Parser.parArgumentExprs$$anonfun$1(Parsers.scala:2602)
[error] 	at dotty.tools.dotc.parsing.Parsers$Parser.enclosed(Parsers.scala:556)
[error] 	at dotty.tools.dotc.parsing.Parsers$Parser.inParens(Parsers.scala:558)
[error] 	at dotty.tools.dotc.parsing.Parsers$Parser.parArgumentExprs(Parsers.scala:2603)
[error] 	at dotty.tools.dotc.parsing.Parsers$Parser.argumentExprs(Parsers.scala:2609)
[error] 	at dotty.tools.dotc.parsing.Parsers$Parser.simpleExprRest(Parsers.scala:2534)
[error] 	at dotty.tools.dotc.parsing.Parsers$Parser.simpleExpr(Parsers.scala:2521)
[error] 	at dotty.tools.dotc.parsing.Parsers$Parser.$init$$$anonfun$9(Parsers.scala:2446)
[error] 	at dotty.tools.dotc.parsing.Parsers$Parser.postfixExpr(Parsers.scala:2423)
[error] 	at dotty.tools.dotc.parsing.Parsers$Parser.expr1(Parsers.scala:2264)
[error] 	at dotty.tools.dotc.parsing.Parsers$Parser.expr(Parsers.scala:2154)
[error] 	at dotty.tools.dotc.parsing.Parsers$Parser.$init$$$anonfun$8(Parsers.scala:2122)
[error] 	at dotty.tools.dotc.parsing.Parsers$Parser.subPart(Parsers.scala:629)
[error] 	at dotty.tools.dotc.parsing.Parsers$Parser.subExpr(Parsers.scala:2124)
[error] 	at dotty.tools.dotc.parsing.Parsers$Parser.patDefOrDcl(Parsers.scala:3586)
[error] 	at dotty.tools.dotc.parsing.Parsers$Parser.defOrDcl(Parsers.scala:3550)
[error] 	at dotty.tools.dotc.parsing.Parsers$Parser.localDef(Parsers.scala:4288)
[error] 	at dotty.tools.dotc.parsing.Parsers$Parser.blockStatSeq$$anonfun$1(Parsers.scala:4312)
[error] 	at dotty.tools.dotc.parsing.Parsers$Parser.checkNoEscapingPlaceholders(Parsers.scala:500)
[error] 	at dotty.tools.dotc.parsing.Parsers$Parser.blockStatSeq(Parsers.scala:4318)
[error] 	at dotty.tools.dotc.printing.SyntaxHighlighting$.highlight(SyntaxHighlighting.scala:128)
[error] 	at dotty.tools.dotc.reporting.MessageRendering.sourceLines(MessageRendering.scala:66)
[error] 	at dotty.tools.dotc.reporting.MessageRendering.messageAndPos(MessageRendering.scala:245)
[error] 	at dotty.tools.dotc.reporting.MessageRendering.messageAndPos$(MessageRendering.scala:20)
[error] 	at dotty.tools.dotc.reporting.AbstractReporter.messageAndPos(AbstractReporter.scala:8)
[error] 	at dotty.tools.xsbt.DelegatingReporter.doReport(DelegatingReporter.java:40)
[error] 	at dotty.tools.dotc.reporting.Reporter.issueUnconfigured(Reporter.scala:158)
[error] 	at dotty.tools.dotc.reporting.Reporter.go$1(Reporter.scala:181)
[error] 	at dotty.tools.dotc.reporting.Reporter.issueIfNotSuppressed(Reporter.scala:200)
[error] 	at dotty.tools.dotc.reporting.Reporter.report(Reporter.scala:203)
[error] 	at dotty.tools.dotc.report$.error(report.scala:68)
[error] 	at dotty.tools.dotc.parsing.Parsers$ParserCommon.syntaxError(Parsers.scala:150)
[error] 	at dotty.tools.dotc.parsing.Parsers$ParserCommon.syntaxError(Parsers.scala:143)
[error] 	at dotty.tools.dotc.parsing.Parsers$Parser.syntaxErrorOrIncomplete(Parsers.scala:281)
[error] 	at dotty.tools.dotc.parsing.Parsers$Parser.accept(Parsers.scala:299)
[error] 	at dotty.tools.dotc.parsing.Parsers$Parser.enclosed(Parsers.scala:556)
[error] 	at dotty.tools.dotc.parsing.Parsers$Parser.inParens(Parsers.scala:558)
[error] 	at dotty.tools.dotc.parsing.Parsers$Parser.parArgumentExprs(Parsers.scala:2603)
[error] 	at dotty.tools.dotc.parsing.Parsers$Parser.argumentExprs(Parsers.scala:2609)
[error] 	at dotty.tools.dotc.parsing.Parsers$Parser.simpleExprRest(Parsers.scala:2534)
[error] 	at dotty.tools.dotc.parsing.Parsers$Parser.simpleExpr(Parsers.scala:2521)
[error] 	at dotty.tools.dotc.parsing.Parsers$Parser.$init$$$anonfun$9(Parsers.scala:2446)
[error] 	at dotty.tools.dotc.parsing.Parsers$Parser.postfixExpr(Parsers.scala:2423)
[error] 	at dotty.tools.dotc.parsing.Parsers$Parser.expr1(Parsers.scala:2264)
[error] 	at dotty.tools.dotc.parsing.Parsers$Parser.expr(Parsers.scala:2154)
[error] 	at dotty.tools.dotc.parsing.Parsers$Parser.$init$$$anonfun$8(Parsers.scala:2122)
[error] 	at dotty.tools.dotc.parsing.Parsers$Parser.subPart(Parsers.scala:629)
[error] 	at dotty.tools.dotc.parsing.Parsers$Parser.subExpr(Parsers.scala:2124)
[error] 	at dotty.tools.dotc.parsing.Parsers$Parser.patDefOrDcl(Parsers.scala:3586)
[error] 	at dotty.tools.dotc.parsing.Parsers$Parser.defOrDcl(Parsers.scala:3550)
[error] 	at dotty.tools.dotc.parsing.Parsers$Parser.localDef(Parsers.scala:4288)
[error] 	at dotty.tools.dotc.parsing.Parsers$Parser.blockStatSeq$$anonfun$1(Parsers.scala:4312)
[error] 	at dotty.tools.dotc.parsing.Parsers$Parser.checkNoEscapingPlaceholders(Parsers.scala:500)
[error] 	at dotty.tools.dotc.parsing.Parsers$Parser.blockStatSeq(Parsers.scala:4318)
[error] 	at dotty.tools.dotc.parsing.Parsers$Parser.block(Parsers.scala:2669)
[error] 	at dotty.tools.dotc.parsing.Parsers$Parser.blockExpr$$anonfun$1(Parsers.scala:2661)
[error] 	at dotty.tools.dotc.parsing.Parsers$Parser.enclosed(Parsers.scala:556)
[error] 	at dotty.tools.dotc.parsing.Parsers$Parser.inBraces(Parsers.scala:559)
[error] 	at dotty.tools.dotc.parsing.Parsers$Parser.inBracesOrIndented(Parsers.scala:570)
[error] 	at dotty.tools.dotc.parsing.Parsers$Parser.inDefScopeBraces(Parsers.scala:573)
[error] 	at dotty.tools.dotc.parsing.Parsers$Parser.blockExpr(Parsers.scala:2659)
[error] 	at dotty.tools.dotc.parsing.Parsers$Parser.simpleExpr(Parsers.scala:2493)
[error] 	at dotty.tools.dotc.parsing.Parsers$Parser.$init$$$anonfun$9(Parsers.scala:2446)
[error] 	at dotty.tools.dotc.parsing.Parsers$Parser.postfixExpr(Parsers.scala:2423)
[error] 	at dotty.tools.dotc.parsing.Parsers$Parser.expr1(Parsers.scala:2264)
[error] 	at dotty.tools.dotc.parsing.Parsers$Parser.expr(Parsers.scala:2154)
[error] 	at dotty.tools.dotc.parsing.Parsers$Parser.$init$$$anonfun$8(Parsers.scala:2122)
[error] 	at dotty.tools.dotc.parsing.Parsers$Parser.subPart(Parsers.scala:629)
[error] 	at dotty.tools.dotc.parsing.Parsers$Parser.subExpr(Parsers.scala:2124)
[error] 	at dotty.tools.dotc.parsing.Parsers$Parser.defDefOrDcl(Parsers.scala:3680)
[error] 	at dotty.tools.dotc.parsing.Parsers$Parser.defOrDcl(Parsers.scala:3556)
[error] 	at dotty.tools.dotc.parsing.Parsers$Parser.templateStatSeq$$anonfun$1(Parsers.scala:4230)
[error] 	at dotty.tools.dotc.parsing.Parsers$Parser.checkNoEscapingPlaceholders(Parsers.scala:500)
[error] 	at dotty.tools.dotc.parsing.Parsers$Parser.templateStatSeq(Parsers.scala:4238)
[error] 	at dotty.tools.dotc.parsing.Parsers$Parser.$anonfun$38(Parsers.scala:4109)
[error] 	at dotty.tools.dotc.parsing.Parsers$Parser.enclosed(Parsers.scala:556)
[error] 	at dotty.tools.dotc.parsing.Parsers$Parser.inBraces(Parsers.scala:559)
[error] 	at dotty.tools.dotc.parsing.Parsers$Parser.inBracesOrIndented(Parsers.scala:570)
[error] 	at dotty.tools.dotc.parsing.Parsers$Parser.inDefScopeBraces(Parsers.scala:573)
[error] 	at dotty.tools.dotc.parsing.Parsers$Parser.templateBody(Parsers.scala:4109)
[error] 	at dotty.tools.dotc.parsing.Parsers$Parser.templateBodyOpt(Parsers.scala:4102)
[error] 	at dotty.tools.dotc.parsing.Parsers$Parser.template(Parsers.scala:4079)
[error] 	at dotty.tools.dotc.parsing.Parsers$Parser.templateOpt(Parsers.scala:4091)
[error] 	at dotty.tools.dotc.parsing.Parsers$Parser.classDefRest(Parsers.scala:3810)
[error] 	at dotty.tools.dotc.parsing.Parsers$Parser.classDef(Parsers.scala:3805)
[error] 	at dotty.tools.dotc.parsing.Parsers$Parser.tmplDef(Parsers.scala:3781)
[error] 	at dotty.tools.dotc.parsing.Parsers$Parser.defOrDcl(Parsers.scala:3562)
[error] 	at dotty.tools.dotc.parsing.Parsers$Parser.topStatSeq(Parsers.scala:4166)
[error] 	at dotty.tools.dotc.parsing.Parsers$Parser.topstats$1(Parsers.scala:4354)
[error] 	at dotty.tools.dotc.parsing.Parsers$Parser.topstats$1(Parsers.scala:4348)
[error] 	at dotty.tools.dotc.parsing.Parsers$Parser.compilationUnit$$anonfun$1(Parsers.scala:4359)
[error] 	at dotty.tools.dotc.parsing.Parsers$Parser.checkNoEscapingPlaceholders(Parsers.scala:500)
[error] 	at dotty.tools.dotc.parsing.Parsers$Parser.compilationUnit(Parsers.scala:4364)
[error] 	at dotty.tools.dotc.parsing.Parsers$Parser.parse(Parsers.scala:181)
[error] 	at dotty.tools.dotc.parsing.Parser.parse$$anonfun$1(ParserPhase.scala:32)
[error] 	at dotty.tools.dotc.parsing.Parser.parse$$anonfun$adapted$1(ParserPhase.scala:39)
[error] 	at scala.Function0.apply$mcV$sp(Function0.scala:42)
[error] 	at dotty.tools.dotc.core.Phases$Phase.monitor(Phases.scala:437)
[error] 	at dotty.tools.dotc.parsing.Parser.parse(ParserPhase.scala:39)
[error] 	at dotty.tools.dotc.parsing.Parser.runOn$$anonfun$1(ParserPhase.scala:48)
[error] 	at scala.runtime.function.JProcedure1.apply(JProcedure1.java:15)
[error] 	at scala.runtime.function.JProcedure1.apply(JProcedure1.java:10)
[error] 	at scala.collection.immutable.List.foreach(List.scala:333)
[error] 	at dotty.tools.dotc.parsing.Parser.runOn(ParserPhase.scala:48)
[error] 	at dotty.tools.dotc.Run.runPhases$1$$anonfun$1(Run.scala:246)
[error] 	at scala.runtime.function.JProcedure1.apply(JProcedure1.java:15)
[error] 	at scala.runtime.function.JProcedure1.apply(JProcedure1.java:10)
[error] 	at scala.collection.ArrayOps$.foreach$extension(ArrayOps.scala:1321)
[error] 	at dotty.tools.dotc.Run.runPhases$1(Run.scala:262)
[error] 	at dotty.tools.dotc.Run.compileUnits$$anonfun$1(Run.scala:270)
[error] 	at dotty.tools.dotc.Run.compileUnits$$anonfun$adapted$1(Run.scala:279)
[error] 	at dotty.tools.dotc.util.Stats$.maybeMonitored(Stats.scala:67)
[error] 	at dotty.tools.dotc.Run.compileUnits(Run.scala:279)
[error] 	at dotty.tools.dotc.Run.compileSources(Run.scala:194)
[error] 	at dotty.tools.dotc.Run.compile(Run.scala:179)
[error] 	at dotty.tools.dotc.Driver.doCompile(Driver.scala:37)
[error] 	at dotty.tools.xsbt.CompilerBridgeDriver.run(CompilerBridgeDriver.java:88)
[error] 	at dotty.tools.xsbt.CompilerBridge.run(CompilerBridge.java:22)
[error] 	at sbt.internal.inc.AnalyzingCompiler.compile(AnalyzingCompiler.scala:91)
[error] 	at sbt.internal.inc.MixedAnalyzingCompiler.$anonfun$compile$7(MixedAnalyzingCompiler.scala:193)
[error] 	at scala.runtime.java8.JFunction0$mcV$sp.apply(JFunction0$mcV$sp.java:23)
[error] 	at sbt.internal.inc.MixedAnalyzingCompiler.timed(MixedAnalyzingCompiler.scala:248)
[error] 	at sbt.internal.inc.MixedAnalyzingCompiler.$anonfun$compile$4(MixedAnalyzingCompiler.scala:183)
[error] 	at sbt.internal.inc.MixedAnalyzingCompiler.$anonfun$compile$4$adapted(MixedAnalyzingCompiler.scala:163)
[error] 	at sbt.internal.inc.JarUtils$.withPreviousJar(JarUtils.scala:239)
[error] 	at sbt.internal.inc.MixedAnalyzingCompiler.compileScala$1(MixedAnalyzingCompiler.scala:163)
[error] 	at sbt.internal.inc.MixedAnalyzingCompiler.compile(MixedAnalyzingCompiler.scala:211)
[error] 	at sbt.internal.inc.IncrementalCompilerImpl.$anonfun$compileInternal$1(IncrementalCompilerImpl.scala:534)
[error] 	at sbt.internal.inc.IncrementalCompilerImpl.$anonfun$compileInternal$1$adapted(IncrementalCompilerImpl.scala:534)
[error] 	at sbt.internal.inc.Incremental$.$anonfun$apply$5(Incremental.scala:179)
[error] 	at sbt.internal.inc.Incremental$.$anonfun$apply$5$adapted(Incremental.scala:177)
[error] 	at sbt.internal.inc.Incremental$$anon$2.run(Incremental.scala:463)
[error] 	at sbt.internal.inc.IncrementalCommon$CycleState.next(IncrementalCommon.scala:116)
[error] 	at sbt.internal.inc.IncrementalCommon$$anon$1.next(IncrementalCommon.scala:56)
[error] 	at sbt.internal.inc.IncrementalCommon$$anon$1.next(IncrementalCommon.scala:52)
[error] 	at sbt.internal.inc.IncrementalCommon.cycle(IncrementalCommon.scala:263)
[error] 	at sbt.internal.inc.Incremental$.$anonfun$incrementalCompile$8(Incremental.scala:418)
[error] 	at sbt.internal.inc.Incremental$.withClassfileManager(Incremental.scala:506)
[error] 	at sbt.internal.inc.Incremental$.incrementalCompile(Incremental.scala:405)
[error] 	at sbt.internal.inc.Incremental$.apply(Incremental.scala:171)
[error] 	at sbt.internal.inc.IncrementalCompilerImpl.compileInternal(IncrementalCompilerImpl.scala:534)
[error] 	at sbt.internal.inc.IncrementalCompilerImpl.$anonfun$compileIncrementally$1(IncrementalCompilerImpl.scala:488)
[error] 	at sbt.internal.inc.IncrementalCompilerImpl.handleCompilationError(IncrementalCompilerImpl.scala:332)
[error] 	at sbt.internal.inc.IncrementalCompilerImpl.compileIncrementally(IncrementalCompilerImpl.scala:425)
[error] 	at sbt.internal.inc.IncrementalCompilerImpl.compile(IncrementalCompilerImpl.scala:137)
[error] 	at sbt.Defaults$.compileIncrementalTaskImpl(Defaults.scala:2363)
[error] 	at sbt.Defaults$.$anonfun$compileIncrementalTask$2(Defaults.scala:2313)
[error] 	at sbt.internal.server.BspCompileTask$.$anonfun$compute$1(BspCompileTask.scala:30)
[error] 	at sbt.internal.io.Retry$.apply(Retry.scala:46)
[error] 	at sbt.internal.io.Retry$.apply(Retry.scala:28)
[error] 	at sbt.internal.io.Retry$.apply(Retry.scala:23)
[error] 	at sbt.internal.server.BspCompileTask$.compute(BspCompileTask.scala:30)
[error] 	at sbt.Defaults$.$anonfun$compileIncrementalTask$1(Defaults.scala:2311)
[error] 	at scala.Function1.$anonfun$compose$1(Function1.scala:49)
[error] 	at sbt.internal.util.$tilde$greater.$anonfun$$u2219$1(TypeFunctions.scala:62)
[error] 	at sbt.std.Transform$$anon$4.work(Transform.scala:68)
[error] 	at sbt.Execute.$anonfun$submit$2(Execute.scala:282)
[error] 	at sbt.internal.util.ErrorHandling$.wideConvert(ErrorHandling.scala:23)
[error] 	at sbt.Execute.work(Execute.scala:291)
[error] 	at sbt.Execute.$anonfun$submit$1(Execute.scala:282)
[error] 	at sbt.ConcurrentRestrictions$$anon$4.$anonfun$submitValid$1(ConcurrentRestrictions.scala:265)
[error] 	at sbt.CompletionService$$anon$2.call(CompletionService.scala:64)
[error] 	at java.base/java.util.concurrent.FutureTask.run(Unknown Source)
[error] 	at java.base/java.util.concurrent.Executors$RunnableAdapter.call(Unknown Source)
[error] 	at java.base/java.util.concurrent.FutureTask.run(Unknown Source)
[error] 	at java.base/java.util.concurrent.ThreadPoolExecutor.runWorker(Unknown Source)
[error] 	at java.base/java.util.concurrent.ThreadPoolExecutor$Worker.run(Unknown Source)
[error] 	at java.base/java.lang.Thread.run(Unknown Source)
[error] (compat30 / Test / compileIncremental) java.lang.NoClassDefFoundError: scala/util/FromDigits$
[error] Total time: 5 s, completed Jun 14, 2023, 4:10:33 AM
[32mRerunning tests in scala-collection-compat because of a previous run failure.[0m
[32msbt -sbt-version 1.8.0 -Dsbt.supershell=false -Ddotty.communitybuild.dir=/Users/y3536zha/Desktop/scala_flexible_unsafe/scala_flexible_type_with_test_script/community-build --addPluginSbtFile=/Users/y3536zha/Desktop/scala_flexible_unsafe/scala_flexible_type_with_test_script/community-build/sbt-injected-plugins set Global/testOptions += Tests.Argument(TestFramework("munit.Framework"), "+l"); clean; set Global/logLevel := Level.Error; set Global/updateOptions ~= (_.withLatestSnapshots(false)); set Global/scalacOptions ++= List("-Xcheck-macros","-Ysafe-init","-Yexplicit-nulls","-language:unsafeNulls","-Yflexible-types");++3.3.1-RC1-bin-SNAPSHOT!; compat30/test[0m
[info] welcome to sbt 1.8.0 (Oracle Corporation Java 9.0.4)
[info] loading global plugins from /Users/y3536zha/.sbt/1.0/plugins
[info] loading settings for project scala-collection-compat-build from plugins.sbt,sbt-injected-plugins ...
[info] loading project definition from /Users/y3536zha/Desktop/scala_flexible_unsafe/scala_flexible_type_with_test_script/community-build/community-projects/scala-collection-compat/project
[info] loading settings for project root from build.sbt ...
[info] resolving key references (24576 settings) ...
SLF4J: No SLF4J providers were found.
SLF4J: Defaulting to no-operation (NOP) logger implementation
SLF4J: See https://www.slf4j.org/codes.html#noProviders for further details.
SLF4J: Class path contains SLF4J bindings targeting slf4j-api versions 1.7.x or earlier.
SLF4J: Ignoring binding found at [jar:file:/Users/y3536zha/.sbt/boot/scala-2.12.17/org.scala-sbt/sbt/1.8.0/log4j-slf4j-impl-2.17.1.jar!/org/slf4j/impl/StaticLoggerBinder.class]
SLF4J: See https://www.slf4j.org/codes.html#ignoredBindings for an explanation.
[info] set current project to scala-collection-compat (in build file:/Users/y3536zha/Desktop/scala_flexible_unsafe/scala_flexible_type_with_test_script/community-build/community-projects/scala-collection-compat/)
[info] Defining Global / testOptions
[info] The new value will be used by Test / test / testOptions, Test / testOnly / testOptions and 72 others.
[info] 	Run `last` for details.
[info] Reapplying settings...
[info] set current project to scala-collection-compat (in build file:/Users/y3536zha/Desktop/scala_flexible_unsafe/scala_flexible_type_with_test_script/community-build/community-projects/scala-collection-compat/)
[success] Total time: 0 s, completed Jun 14, 2023, 4:10:47 AM
[info] Defining Global / logLevel
[info] The new value will be used by Test / test / testListeners, Test / testOnly / testListeners and 197 others.
[info] 	Run `last` for details.
[info] Reapplying settings...
[info] set current project to scala-collection-compat (in build file:/Users/y3536zha/Desktop/scala_flexible_unsafe/scala_flexible_type_with_test_script/community-build/community-projects/scala-collection-compat/)
[info] Defining Global / updateOptions
[info] The new value will be used by binaryCompat / dependencyTreeIgnoreMissingUpdate / updateOptions, binaryCompat / ivyConfiguration and 72 others.
[info] 	Run `last` for details.
[info] Reapplying settings...
[info] set current project to scala-collection-compat (in build file:/Users/y3536zha/Desktop/scala_flexible_unsafe/scala_flexible_type_with_test_script/community-build/community-projects/scala-collection-compat/)
[info] Defining Global / scalacOptions
[info] The new value will be used by Compile / scalacOptions, binaryCompat / Compile / scalacOptions and 23 others.
[info] 	Run `last` for details.
[info] Reapplying settings...
[info] set current project to scala-collection-compat (in build file:/Users/y3536zha/Desktop/scala_flexible_unsafe/scala_flexible_type_with_test_script/community-build/community-projects/scala-collection-compat/)
[info] Forcing Scala version to 3.3.1-RC1-bin-SNAPSHOT on all projects.
[info] Reapplying settings...
[info] Loading dependency tracking file /Users/y3536zha/Desktop/scala_flexible_unsafe/scala_flexible_type_with_test_script/community-build/dotty-community-build-deps
[info] Dependency tracking file /Users/y3536zha/Desktop/scala_flexible_unsafe/scala_flexible_type_with_test_script/community-build/dotty-community-build-deps does not exist
[info] set current project to scala-collection-compat (in build file:/Users/y3536zha/Desktop/scala_flexible_unsafe/scala_flexible_type_with_test_script/community-build/community-projects/scala-collection-compat/)
[success] Total time: 16 s, completed Jun 14, 2023, 4:11:10 AM
[32m[SUCCESS scala-collection-compat][0m
[32m[scala-collection-compat DONE RUNNING][0m
[info] Test run dotty.communitybuild.CommunityBuildTestC finished: 0 failed, 0 ignored, 1 total, 77.394s
[info] Test run dotty.communitybuild.CommunityBuildTestB started
[info] Test run dotty.communitybuild.CommunityBuildTestB finished: 0 failed, 0 ignored, 0 total, 0.0s
[info] Passed: Total 1, Failed 0, Errors 0, Passed 1
[success] Total time: 106 s (01:46), completed Jun 14, 2023, 4:11:10 AM
